2026-01-16T01:31:55.189Z sslendpoint[5335]:  fabric.xmidt-eu.comcast.net
2026-01-16T01:31:55.527Z sslendpoint[3831]:  ess.exp.xvp.eu-1.xcal.tv
2026-01-16T01:31:55.865Z sslendpoint[5335]:  talaria-prod-euwest1-h106-0z15z4y1u01mnsbtr-000.xmidt-eu.comcast.net
2026-01-16T01:31:56.202Z sslendpoint[3831]:  ess.exp.xvp.eu-1.xcal.tv
2026-01-16T01:31:56.867Z sslendpoint[5381]:  www.googleapis.com
2026-01-16T01:31:56.981Z sslendpoint[3831]:  ess.exp.xvp.eu-1.xcal.tv
2026-01-16T01:31:57.382Z sslendpoint[3831]:  ess.exp.xvp.eu-1.xcal.tv
2026-01-16T01:38:43.419Z sslendpoint[5827]:  issuer.xmidt.comcast.net
2026-01-16T01:38:44.989Z sslendpoint[3831]:  sky-fkpsbroker-renewal.cs.xcal.tv
2026-01-16T01:38:45.406Z sslendpoint[4001]:  cpe-config-sky-uk.wp.xdp.comcast.net
2026-01-16T01:38:46.173Z sslendpoint[4001]:  cpe-profile-sky-uk.wp.xdp.comcast.net
2026-01-16T01:38:51.361Z sslendpoint[4925]:  xconf.xdp.eu-1.xcal.tv
2026-01-16T01:38:54.254Z sslendpoint[6411]:  xconf.xdp.eu-1.xcal.tv
2026-01-16T01:38:59.629Z sslendpoint[3831]:  ess.exp.xvp.eu-1.xcal.tv
2026-01-16T01:39:00.371Z sslendpoint[3831]:  ess.exp.xvp.eu-1.xcal.tv
2026-01-16T01:39:02.185Z sslendpoint[3831]:  xifa.exp.xvp.eu-1.xcal.tv
2026-01-16T01:39:03.579Z sslendpoint[7349]:  stbrtl.r53.xcal.sky
2026-01-16T01:39:03.789Z sslendpoint[3831]:  xifa.exp.xvp.eu-1.xcal.tv
2026-01-16T01:39:04.632Z sslendpoint[7485]:  xconf.xdp.eu-1.xcal.tv
2026-01-16T01:42:13.762Z sslendpoint[9722]:  stbrtl.r53.xcal.sky
2026-01-16T01:45:49.274Z sslendpoint[11804]:  ssr.xdp.eu-1.xcal.tv
2026-01-16T01:45:50.907Z sslendpoint[11868]:  rdk-sky-it.s3.dualstack.eu-west-1.amazonaws.com
2026-01-16T01:46:03.825Z sslendpoint[4550]:  external.pwrules.sky.com
2026-01-16T01:46:04.019Z sslendpoint[4550]:  content.gb.services.skyq.sky.com
2026-01-16T01:46:04.515Z sslendpoint[4550]:  artifacts.appmanager.sky.com
2026-01-16T01:51:09.962Z sslendpoint[3831]:  ess.exp.xvp.eu-1.xcal.tv
2026-01-16T02:02:44.041Z sslendpoint[4001]:  cpe-config-sky-uk.wp.xdp.comcast.net
2026-01-16T02:06:06.524Z sslendpoint[4001]:  cpe-config-sky-uk.wp.xdp.comcast.net
2026-01-16T02:12:49.874Z sslendpoint[4001]:  cpe-config-sky-uk.wp.xdp.comcast.net
2026-01-16T02:13:10.152Z sslendpoint[4001]:  cpe-config-sky-uk.wp.xdp.comcast.net
2026-01-16T02:19:35.596Z sslendpoint[4001]:  cpe-config-sky-uk.wp.xdp.comcast.net
2026-01-16T02:23:07.903Z sslendpoint[4001]:  cpe-config-sky-uk.wp.xdp.comcast.net
2026-01-16T02:26:52.316Z sslendpoint[16790]:  stbrtl.r53.xcal.sky
2026-01-16T02:26:55.193Z sslendpoint[3831]:  ess.exp.xvp.eu-1.xcal.tv
2026-01-16T02:26:55.289Z sslendpoint[4001]:  cpe-config-sky-uk.wp.xdp.comcast.net
2026-01-16T02:27:02.799Z sslendpoint[5335]:  fabric.xmidt-eu.comcast.net
2026-01-16T02:27:03.438Z sslendpoint[17503]:  ssr.xdp.eu-1.xcal.tv
2026-01-16T02:27:09.742Z sslendpoint[3831]:  ess.exp.xvp.eu-1.xcal.tv
2026-01-16T02:27:10.178Z sslendpoint[3831]:  ess.exp.xvp.eu-1.xcal.tv
2026-01-16T02:27:10.780Z sslendpoint[3831]:  ess.exp.xvp.eu-1.xcal.tv
2026-01-16T02:27:11.565Z sslendpoint[3831]:  ess.exp.xvp.eu-1.xcal.tv
2026-01-16T02:27:12.379Z sslendpoint[18070]:  ssr.xdp.eu-1.xcal.tv
2026-01-16T02:27:12.399Z sslendpoint[3831]:  ess.exp.xvp.eu-1.xcal.tv
2026-01-16T02:27:12.967Z sslendpoint[3831]:  ess.exp.xvp.eu-1.xcal.tv
2026-01-16T02:27:13.409Z sslendpoint[3831]:  ess.exp.xvp.eu-1.xcal.tv
2026-01-16T02:27:13.865Z sslendpoint[18271]:  eu-ccp-stbcrashes.s3.dualstack.eu-west-1.amazonaws.com
2026-01-16T02:27:13.968Z sslendpoint[3831]:  ess.exp.xvp.eu-1.xcal.tv
2026-01-16T02:27:14.483Z sslendpoint[3831]:  ess.exp.xvp.eu-1.xcal.tv
2026-01-16T02:27:14.672Z sslendpoint[18417]:  ssr.xdp.eu-1.xcal.tv
2026-01-16T02:27:14.716Z sslendpoint[5335]:  talaria-prod-eucentral1-h003-0z15z4y1u01mnsbtr-000.xmidt-eu.comcast.net
2026-01-16T02:27:15.542Z sslendpoint[18531]:  eu-ccp-stbcrashes.s3.dualstack.eu-west-1.amazonaws.com
2026-01-16T02:30:10.186Z sslendpoint[3831]:  collector-eu.sift.comcast.com
2026-01-16T02:30:17.304Z sslendpoint[4001]:  cpe-config-sky-uk.wp.xdp.comcast.net
2026-01-16T02:30:28.531Z sslendpoint[3831]:  collector-eu.sift.comcast.com
2026-01-16T02:33:40.016Z sslendpoint[4001]:  cpe-config-sky-uk.wp.xdp.comcast.net
2026-01-16T02:33:43.219Z sslendpoint[5335]:  fabric.xmidt-eu.comcast.net
2026-01-16T02:33:43.615Z sslendpoint[5335]:  talaria-prod-eucentral1-h003-0z15z4y1u01mnsbtr-000.xmidt-eu.comcast.net
2026-01-16T02:43:44.626Z sslendpoint[4001]:  cpe-config-sky-uk.wp.xdp.comcast.net
2026-01-16T02:43:47.851Z sslendpoint[20471]:  ssr.xdp.eu-1.xcal.tv
2026-01-16T02:43:48.896Z sslendpoint[20527]:  eu-ccp-stbcrashes.s3.dualstack.eu-west-1.amazonaws.com
