2026-01-15T02:46:40.113Z sslendpoint[5282]:  fabric.xmidt-eu.comcast.net
2026-01-15T02:46:40.713Z sslendpoint[5282]:  talaria-prod-euwest1-h112-0z15z4y1u01mnsbtr-000.xmidt-eu.comcast.net
2026-01-15T02:46:41.340Z sslendpoint[3847]:  ess.exp.xvp.eu-1.xcal.tv
2026-01-15T02:46:41.743Z sslendpoint[3847]:  ess.exp.xvp.eu-1.xcal.tv
2026-01-15T02:46:42.204Z sslendpoint[3847]:  ess.exp.xvp.eu-1.xcal.tv
2026-01-16T02:35:06.246Z sslendpoint[3847]:  ess.exp.xvp.eu-1.xcal.tv
2026-01-16T02:35:08.443Z sslendpoint[5935]:  issuer.xmidt.comcast.net
2026-01-16T02:35:10.077Z sslendpoint[4002]:  cpe-config-sky-uk.wp.xdp.comcast.net
2026-01-16T02:35:10.510Z sslendpoint[4002]:  cpe-profile-sky-uk.wp.xdp.comcast.net
2026-01-16T02:35:16.895Z sslendpoint[4992]:  xconf.xdp.eu-1.xcal.tv
2026-01-16T02:35:19.647Z sslendpoint[6545]:  xconf.xdp.eu-1.xcal.tv
2026-01-16T02:35:23.547Z sslendpoint[3847]:  ess.exp.xvp.eu-1.xcal.tv
2026-01-16T02:35:24.594Z sslendpoint[3847]:  ess.exp.xvp.eu-1.xcal.tv
2026-01-16T02:35:25.484Z sslendpoint[3847]:  xifa.exp.xvp.eu-1.xcal.tv
2026-01-16T02:35:27.495Z sslendpoint[3847]:  xifa.exp.xvp.eu-1.xcal.tv
2026-01-16T02:35:32.232Z sslendpoint[3847]:  xifa.exp.xvp.eu-1.xcal.tv
2026-01-16T02:35:48.349Z sslendpoint[7803]:  stbrtl.r53.xcal.sky
2026-01-16T02:35:49.264Z sslendpoint[7859]:  xconf.xdp.eu-1.xcal.tv
2026-01-16T02:38:58.265Z sslendpoint[9551]:  stbrtl.r53.xcal.sky
2026-01-16T02:42:11.120Z sslendpoint[11520]:  ssr.xdp.eu-1.xcal.tv
2026-01-16T02:42:12.597Z sslendpoint[11584]:  rdk-sky-it.s3.dualstack.eu-west-1.amazonaws.com
2026-01-16T02:42:28.221Z sslendpoint[4555]:  external.pwrules.sky.com
2026-01-16T02:42:28.222Z sslendpoint[4555]:  content.gb.services.skyq.sky.com
2026-01-16T02:46:42.645Z sslendpoint[3847]:  ess.exp.xvp.eu-1.xcal.tv
2026-01-16T02:46:43.004Z sslendpoint[3847]:  ess.exp.xvp.eu-1.xcal.tv
2026-01-16T02:46:43.334Z sslendpoint[3847]:  ess.exp.xvp.eu-1.xcal.tv
2026-01-16T02:47:34.368Z sslendpoint[3847]:  ess.exp.xvp.eu-1.xcal.tv
2026-01-16T05:36:19.964Z sslendpoint[4002]:  cpe-config-sky-uk.wp.xdp.comcast.net
2026-01-16T08:14:42.902Z sslendpoint[4002]:  cpe-config-sky-uk.wp.xdp.comcast.net
2026-01-16T08:35:54.862Z sslendpoint[4002]:  cpe-config-sky-uk.wp.xdp.comcast.net
2026-01-16T09:19:48.407Z sslendpoint[4002]:  cpe-config-sky-uk.wp.xdp.comcast.net
2026-01-16T09:19:49.241Z sslendpoint[3847]:  ess.exp.xvp.eu-1.xcal.tv
2026-01-16T09:19:50.059Z sslendpoint[3847]:  ess.exp.xvp.eu-1.xcal.tv
2026-01-16T09:19:50.298Z sslendpoint[16389]:  ssr.xdp.eu-1.xcal.tv
2026-01-16T09:19:51.195Z sslendpoint[16457]:  eu-ccp-stbcrashes.s3.dualstack.eu-west-1.amazonaws.com
2026-01-16T09:19:51.609Z sslendpoint[3847]:  ess.exp.xvp.eu-1.xcal.tv
2026-01-16T09:19:52.726Z sslendpoint[3847]:  ess.exp.xvp.eu-1.xcal.tv
2026-01-16T09:19:53.904Z sslendpoint[3847]:  ess.exp.xvp.eu-1.xcal.tv
2026-01-16T09:19:54.301Z sslendpoint[3847]:  ess.exp.xvp.eu-1.xcal.tv
2026-01-16T09:19:54.694Z sslendpoint[3847]:  ess.exp.xvp.eu-1.xcal.tv
2026-01-16T09:19:55.152Z sslendpoint[3847]:  ess.exp.xvp.eu-1.xcal.tv
2026-01-16T09:19:57.462Z sslendpoint[3847]:  ess.exp.xvp.eu-1.xcal.tv
2026-01-16T09:19:57.954Z sslendpoint[3847]:  ess.exp.xvp.eu-1.xcal.tv
2026-01-16T09:19:58.770Z sslendpoint[3847]:  ess.exp.xvp.eu-1.xcal.tv
2026-01-16T09:20:04.253Z sslendpoint[3847]:  collector-eu.sift.comcast.com
2026-01-16T09:34:24.808Z sslendpoint[3847]:  collector-eu.sift.comcast.com
2026-01-16T09:34:26.817Z sslendpoint[17877]:  ssr.xdp.eu-1.xcal.tv
2026-01-16T09:34:27.919Z sslendpoint[17932]:  eu-ccp-stbcrashes.s3.dualstack.eu-west-1.amazonaws.com
2026-01-16T09:34:29.852Z sslendpoint[5282]:  fabric.xmidt-eu.comcast.net
2026-01-16T09:34:30.901Z sslendpoint[5282]:  talaria-prod-euwest1-h112-0z15z4y1u01mnsbtr-000.xmidt-eu.comcast.net
2026-01-16T09:34:32.826Z sslendpoint[18779]:  ssr.xdp.eu-1.xcal.tv
2026-01-16T09:34:32.827Z sslendpoint[18794]:  ssr.xdp.eu-1.xcal.tv
2026-01-16T09:34:33.578Z sslendpoint[18811]:  stbrtl.r53.xcal.sky
2026-01-16T09:34:34.014Z sslendpoint[18915]:  eu-ccp-stbcrashes.s3.dualstack.eu-west-1.amazonaws.com
2026-01-16T09:34:34.021Z sslendpoint[18925]:  eu-ccp-stbcrashes.s3.dualstack.eu-west-1.amazonaws.com
2026-01-16T09:34:38.423Z sslendpoint[4002]:  cpe-config-sky-uk.wp.xdp.comcast.net
2026-01-16T10:28:49.271Z sslendpoint[4002]:  cpe-config-sky-uk.wp.xdp.comcast.net
2026-01-16T12:54:22.995Z sslendpoint[4002]:  cpe-config-sky-uk.wp.xdp.comcast.net
