2026-01-16T02:35:17.243Z : /lib/rdk/Start_MaintenanceTasks.sh: Starting software update
rdk_dyn_log_initg_dl_socket = 3 __progname = rdkvfwupgrader 
RDKLOG init completed
Conf file /etc/debug.ini open success
260116-02:35:17.332637 [mod=FWUPG, lvl=INFO] [tid=6545] SIGUSR1 handler install success
260116-02:35:17.332805 [mod=FWUPG, lvl=INFO] [tid=6545] Starting c method rdkvfwupgrader
260116-02:35:17.333307 [mod=RFCAPI, lvl=INFO] [tid=6545] getRFCParameter: http server is ready
260116-02:35:17.335863 [mod=RFCAPI, lvl=INFO] [tid=6545] getRFCParam data = {"names" : ["Device.DeviceInfo.X_RDKCENTRAL-COM_RFC.Feature.SWDLSpLimit.Enable"]}, datalen = 81
260116-02:35:17.340901 [mod=RFCAPI, lvl=INFO] [tid=6545] curl response : 0 http response code: 200
260116-02:35:17.341605 [mod=RFCAPI, lvl=INFO] [tid=6545] Curl response: {
	"parameters":	[{
			"name":	"Device.DeviceInfo.X_RDKCENTRAL-COM_RFC.Feature.SWDLSpLimit.Enable",
			"value":	"false",
			"dataType":	3,
			"parameterCount":	1,
			"message":	"Default Value"
		}],
	"statusCode":	38
}
260116-02:35:17.341788 [mod=FWUPG, lvl=INFO] [tid=6545] read_RFCProperty() name=Device.DeviceInfo.X_RDKCENTRAL-COM_RFC.Feature.SWDLSpLimit.Enable,type=3,value=false,status=38
260116-02:35:17.341829 [mod=FWUPG, lvl=INFO] [tid=6545] getRFCSettings() rfc throttle= false
260116-02:35:17.341873 [mod=RFCAPI, lvl=INFO] [tid=6545] getRFCParam data = {"names" : ["Device.DeviceInfo.X_RDKCENTRAL-COM_RFC.Feature.SWDLSpLimit.TopSpeed"]}, datalen = 83
260116-02:35:17.347003 [mod=RFCAPI, lvl=INFO] [tid=6545] curl response : 0 http response code: 200
260116-02:35:17.347576 [mod=RFCAPI, lvl=INFO] [tid=6545] Curl response: {
	"parameters":	[{
			"name":	"Device.DeviceInfo.X_RDKCENTRAL-COM_RFC.Feature.SWDLSpLimit.TopSpeed",
			"value":	"1280000",
			"dataType":	1,
			"parameterCount":	1,
			"message":	"Default Value"
		}],
	"statusCode":	38
}
260116-02:35:17.347686 [mod=FWUPG, lvl=INFO] [tid=6545] read_RFCProperty() name=Device.DeviceInfo.X_RDKCENTRAL-COM_RFC.Feature.SWDLSpLimit.TopSpeed,type=1,value=1280000,status=38
260116-02:35:17.347718 [mod=FWUPG, lvl=INFO] [tid=6545] getRFCSettings() rfc topspeed= 1280000
260116-02:35:17.347755 [mod=RFCAPI, lvl=INFO] [tid=6545] getRFCParam data = {"names" : ["Device.DeviceInfo.X_RDKCENTRAL-COM_RFC.Feature.IncrementalCDL.Enable"]}, datalen = 84
260116-02:35:17.351073 [mod=RFCAPI, lvl=INFO] [tid=6545] curl response : 0 http response code: 200
260116-02:35:17.351297 [mod=RFCAPI, lvl=INFO] [tid=6545] Curl response: {
	"parameters":	[{
			"name":	"Device.DeviceInfo.X_RDKCENTRAL-COM_RFC.Feature.IncrementalCDL.Enable",
			"value":	"true",
			"dataType":	3,
			"parameterCount":	1,
			"message":	"Default Value"
		}],
	"statusCode":	38
}
260116-02:35:17.351377 [mod=FWUPG, lvl=INFO] [tid=6545] read_RFCProperty() name=Device.DeviceInfo.X_RDKCENTRAL-COM_RFC.Feature.IncrementalCDL.Enable,type=3,value=true,status=38
260116-02:35:17.351407 [mod=FWUPG, lvl=INFO] [tid=6545] getRFCSettings() rfc IncrementalCDL= true
260116-02:35:17.351434 [mod=FWUPG, lvl=INFO] [tid=6545]  getRFCSettings() MTLS Default Enabled260116-02:35:17.351561 [mod=COMMONUTILITIES, lvl=INFO] [tid=6545] createDir :Already Folder exist:/opt/CDL
IARM_Bus_IsConnected invalid state
260116-02:35:17.351655 [mod=FWUPG, lvl=INFO] [tid=6545] IARM_Bus_IsConnected: 2 (0)IARM_Init group name = com.comcast.rdk.iarm.bus member name = RDKVFWEvent
setting init done
260116-02:35:17.386748 [mod=FWUPG, lvl=INFO] [tid=6545] IARM_Bus_Init: 0
260116-02:35:17.386831 [mod=FWUPG, lvl=INFO] [tid=6545] SUCCESS: IARM_Bus_Init done!
Registering RDKVFWEvent
260116-02:35:17.388981 [mod=FWUPG, lvl=INFO] [tid=6545] IARM_Bus_Connect: 0
260116-02:35:17.393340 [mod=FWUPG, lvl=INFO] [tid=6545] IARM_Bus_IsConnected: 0 (1)260116-02:35:17.393426 [mod=FWUPG, lvl=INFO] [tid=6545] SUCCESS: IARM_Bus_Connect done!
260116-02:35:17.393531 [mod=FWUPG, lvl=INFO] [tid=6545] init_event_handler: IARM_Bus_RegisterEventHandler ret=0
/usr/bin/WPEFrameworkSecurityUtility: No such file or directory
260116-02:35:17.404018 [mod=FWUPG, lvl=ERROR] [tid=6545] RunCommand fread fails:0
260116-02:35:17.404248 [mod=COMMONUTILITIES, lvl=INFO] [tid=6545] doCurlInit: curl init success
260116-02:35:17.404363 [mod=COMMONUTILITIES, lvl=INFO] [tid=6545] getJsonRpcData : CURL: Setting For jsonrpc_auth_token
260116-02:35:17.407482 [mod=COMMONUTILITIES, lvl=INFO] [tid=6545] Curl Connected to http://127.0.0.1:9998/jsonrpc (127.0.0.1) port 9998
260116-02:35:17.407565 [mod=COMMONUTILITIES, lvl=INFO] [tid=6545] Curl return code =0, http code=200
260116-02:35:17.407593 [mod=COMMONUTILITIES, lvl=INFO] [tid=6545] In performRequest curl_ret_status =0
260116-02:35:17.407622 [mod=COMMONUTILITIES, lvl=INFO] [tid=6545] getJsonRpcData : Bytes Downloaded=114 and curl ret status=0 and http code=200
260116-02:35:17.407649 [mod=COMMONUTILITIES, lvl=INFO] [tid=6545] getJsonRpcData : data received ={"jsonrpc":"2.0","id":3,"result":{"maintenanceMode":"FOREGROUND","triggerMode":"","optOut":"NONE","success":true}}
260116-02:35:17.407692 [mod=COMMONUTILITIES, lvl=INFO] [tid=6545] doStopDownload : CURL: free resources
260116-02:35:17.407932 [mod=FWUPG, lvl=INFO] [tid=6545] [0] = /usr/bin/rdkvfwupgrader
260116-02:35:17.407972 [mod=FWUPG, lvl=INFO] [tid=6545] [1] = 0
260116-02:35:17.408000 [mod=FWUPG, lvl=INFO] [tid=6545] [2] = 1
260116-02:35:17.408031 [mod=FWUPG, lvl=INFO] [tid=6545] Image Upgrade During Bootup ..!
260116-02:35:17.408208 [mod=RFCAPI, lvl=INFO] [tid=6545] getRFCParam data = {"names" : ["Device.DeviceInfo.X_RDKCENTRAL-COM_RFC.Feature.FWUpdate.AutoExcluded.Enable"]}, datalen = 91
260116-02:35:17.412742 [mod=RFCAPI, lvl=INFO] [tid=6545] curl response : 0 http response code: 200
260116-02:35:17.413396 [mod=RFCAPI, lvl=INFO] [tid=6545] Curl response: {
	"parameters":	[{
			"name":	"Device.DeviceInfo.X_RDKCENTRAL-COM_RFC.Feature.FWUpdate.AutoExcluded.Enable",
			"value":	"",
			"dataType":	3,
			"parameterCount":	1,
			"message":	"Parameter value field is not available"
		}],
	"message":	"Parameter value field is not available",
	"statusCode":	22
}
260116-02:35:17.413519 [mod=FWUPG, lvl=ERROR] [tid=6545] error:read_RFCProperty(): status= 22
260116-02:35:17.413551 [mod=FWUPG, lvl=ERROR] [tid=6545] read_RFCProperty() return failed Status -1
260116-02:35:17.413630 [mod=FWUPG, lvl=ERROR] [tid=6545] CurrentRunningInst():Unable to open the file:/tmp/DIFD.pid
260116-02:35:17.415131 [mod=FWUPG, lvl=INFO] [tid=6545] current pid=6545
:6545
260116-02:35:17.415619 [mod=COMMONUTILITIES, lvl=INFO] [tid=6545] *** CALLING GetFirmwareVersion FROM COMMON_UTILITIES/LIBFWUTILS ***
260116-02:35:17.415734 [mod=FWUPG, lvl=INFO] [tid=6545] lastDnldFile tbuff: SKXI11ADS_E040.000.00.8.4p1s1_PRODLOG-signed.bin

260116-02:35:17.415779 [mod=FWUPG, lvl=INFO] [tid=6545] lastDnldFile: SKXI11ADS_E040.000.00.8.4p1s1_PRODLOG-signed.bin
260116-02:35:17.415808 [mod=FWUPG, lvl=INFO] [tid=6545] Image name return to caller function: SKXI11ADS_E040.000.00.8.4p1s1_PRODLOG-signed.bin
260116-02:35:17.417675 [mod=FWUPG, lvl=INFO] [tid=6545] init_validate_status = 0
260116-02:35:17.417742 [mod=FWUPG, lvl=INFO] [tid=6545] eventManager: Generate IARM_BUS_NAME current event=FirmwareStateEvent
260116-02:35:17.417798 [mod=FWUPG, lvl=INFO] [tid=6545] eventManager: event_status = 0
260116-02:35:17.418429 [mod=FWUPG, lvl=INFO] [tid=6545] eventManager : >> IARM SUCCESS  Event=FirmwareStateEvent,sysStateEvent=43
260116-02:35:17.418554 [mod=FWUPG, lvl=INFO] [tid=6545] eventManager : IARM_event_sender closing
260116-02:35:17.418598 [mod=FWUPG, lvl=INFO] [tid=6545] isStateRedSupported(): Yes file present:/lib/rdk/stateRedRecovery.sh
260116-02:35:17.418639 [mod=FWUPG, lvl=INFO] [tid=6545] isInStateRed(): No Flag Not prsent:/tmp/stateRedEnabled. Device is not in statered
260116-02:35:17.418668 [mod=FWUPG, lvl=INFO] [tid=6545] eventManager: Generate IARM_BUS_NAME current event=FirmwareStateEvent
260116-02:35:17.418696 [mod=FWUPG, lvl=INFO] [tid=6545] eventManager: event_status = 1
260116-02:35:17.419191 [mod=FWUPG, lvl=INFO] [tid=6545] eventManager : >> IARM SUCCESS  Event=FirmwareStateEvent,sysStateEvent=43
260116-02:35:17.419223 [mod=FWUPG, lvl=INFO] [tid=6545] eventManager : IARM_event_sender closing
260116-02:35:17.419331 [mod=RFCAPI, lvl=INFO] [tid=6545] getRFCParam data = {"names" : ["Device.DeviceInfo.X_RDKCENTRAL-COM_RFC.Identity.DbgServices.Enable"]}, datalen = 82
260116-02:35:17.426969 [mod=RFCAPI, lvl=INFO] [tid=6545] curl response : 0 http response code: 200
260116-02:35:17.427222 [mod=RFCAPI, lvl=INFO] [tid=6545] Curl response: {
	"parameters":	[{
			"name":	"Device.DeviceInfo.X_RDKCENTRAL-COM_RFC.Identity.DbgServices.Enable",
			"value":	"false",
			"dataType":	3,
			"parameterCount":	1,
			"message":	"Default Value"
		}],
	"statusCode":	38
}
260116-02:35:17.427302 [mod=FWUPG, lvl=INFO] [tid=6545] read_RFCProperty() name=Device.DeviceInfo.X_RDKCENTRAL-COM_RFC.Identity.DbgServices.Enable,type=3,value=false,status=38
260116-02:35:17.427332 [mod=FWUPG, lvl=INFO] [tid=6545] isDebugServicesEnabled: rfc Debug services = false
260116-02:35:17.427518 [mod=FWUPG, lvl=INFO] [tid=6545] isStateRedSupported(): Yes file present:/lib/rdk/stateRedRecovery.sh
260116-02:35:17.427565 [mod=FWUPG, lvl=INFO] [tid=6545] isInStateRed(): No Flag Not prsent:/tmp/stateRedEnabled. Device is not in statered
260116-02:35:17.427971 [mod=RFCAPI, lvl=INFO] [tid=6545] getRFCParam data = {"names" : ["Device.DeviceInfo.X_RDKCENTRAL-COM_RFC.Bootstrap.XconfUrl"]}, datalen = 73
260116-02:35:17.436486 [mod=RFCAPI, lvl=INFO] [tid=6545] curl response : 0 http response code: 200
260116-02:35:17.436731 [mod=RFCAPI, lvl=INFO] [tid=6545] Curl response: {
	"parameters":	[{
			"name":	"Device.DeviceInfo.X_RDKCENTRAL-COM_RFC.Bootstrap.XconfUrl",
			"value":	"https://xconf.xdp.eu-1.xcal.tv",
			"dataType":	0,
			"parameterCount":	1,
			"message":	"Success"
		}],
	"statusCode":	0
}
260116-02:35:17.436813 [mod=FWUPG, lvl=INFO] [tid=6545] read_RFCProperty() name=Device.DeviceInfo.X_RDKCENTRAL-COM_RFC.Bootstrap.XconfUrl,type=0,value=https://xconf.xdp.eu-1.xcal.tv,status=0
260116-02:35:17.436867 [mod=FWUPG, lvl=INFO] [tid=6545] GetTR181Url: pUrlOut = https://xconf.xdp.eu-1.xcal.tv
260116-02:35:17.436900 [mod=FWUPG, lvl=INFO] [tid=6545] MakeXconfComms: server URL https://xconf.xdp.eu-1.xcal.tv/xconf/swu/stb
260116-02:35:17.437112 [mod=FWUPG, lvl=INFO] [tid=6545] cpu_arch = ARM
260116-02:35:17.437213 [mod=FWUPG, lvl=INFO] [tid=6545] DEVICE_NAME = XiOne
260116-02:35:17.437247 [mod=FWUPG, lvl=ERROR] [tid=6545] GetEstbMac calling from librdksw_fwutils.so
260116-02:35:17.437321 [mod=FWUPG, lvl=INFO] [tid=6545] GetEstbMac: After reading ESTB_MAC_FILE value=D4:52:EE:59:E3:E7
260116-02:35:17.437358 [mod=COMMONUTILITIES, lvl=INFO] [tid=6545] *** CALLING GetFirmwareVersion FROM COMMON_UTILITIES/LIBFWUTILS ***
260116-02:35:17.779130 [mod=FWUPG, lvl=INFO] [tid=6545] RunCommand: Successful read 48 bytes
260116-02:35:17.779286 [mod=FWUPG, lvl=INFO] [tid=6545] GetPDRIFileName: PDRI Version = SKXI11ADS_PDRI_PROD_20221208113233_13.0.0.0.bin

260116-02:35:17.779664 [mod=RBUS, lvl=INFO] [tid=6545] rbus open for component: t2_lib_rdkfwupgrader
260116-02:35:17.782011 [mod=RBUS, lvl=INFO] [tid=6545]  rbus open (t2_lib_rdkfwupgrader) success
260116-02:35:17.790357 [mod=RBUS, lvl=ERROR] [tid=6545] rbus_get for Telemetry.ReportProfiles.rdkfwupgrader.EventMarkerList failed with error: Entry not found error
T2ERROR:doPopulateEventMarkerList ../../../git/source/commonlib/telemetry_busmessage_sender.c:552: rbus mode : No event list configured in profiles Telemetry.ReportProfiles.rdkfwupgrader.EventMarkerList and return value 5

260116-02:35:17.791624 [mod=RBUS, lvl=INFO] [tid=6545] Telemetry.ReportProfiles.ProfilesUpdated subscribe retries succeeded
260116-02:35:17.791861 [mod=FWUPG, lvl=INFO] [tid=6545] BuildRemoteInfo: Start
260116-02:35:17.791916 [mod=FWUPG, lvl=INFO] [tid=6545] BuildRemoteInfo: End
260116-02:35:17.791959 [mod=FWUPG, lvl=INFO] [tid=6545] GetRemoteInfo: returning sztotlen=25
260116-02:35:17.792113 [mod=FWUPG, lvl=INFO] [tid=6545] Calling GetModelNum function
260116-02:35:17.792260 [mod=FWUPG, lvl=ERROR] [tid=6545] GetPartnerId calling from librdksw_fwutils.so
260116-02:35:17.792372 [mod=FWUPG, lvl=ERROR] [tid=6545] GetPartnerId: getDevicePropertyData() for whoami fail
260116-02:35:17.792553 [mod=FWUPG, lvl=ERROR] [tid=6545] GetOsClass: getDevicePropertyData() for whoami fail
260116-02:35:17.792584 [mod=FWUPG, lvl=INFO] [tid=6545] GetOsClass: whoami is not enable Status
260116-02:35:17.792659 [mod=RFCAPI, lvl=INFO] [tid=6545] getRFCParam data = {"names" : ["Device.DeviceInfo.X_RDKCENTRAL-COM_RFC.Feature.AccountInfo.AccountID"]}, datalen = 84
260116-02:35:17.795121 [mod=RFCAPI, lvl=INFO] [tid=6545] curl response : 0 http response code: 200
260116-02:35:17.795414 [mod=RFCAPI, lvl=INFO] [tid=6545] Curl response: {
	"parameters":	[{
			"name":	"Device.DeviceInfo.X_RDKCENTRAL-COM_RFC.Feature.AccountInfo.AccountID",
			"value":	"656480991463752764",
			"dataType":	0,
			"parameterCount":	1,
			"message":	"Success"
		}],
	"statusCode":	0
}
260116-02:35:17.795494 [mod=FWUPG, lvl=INFO] [tid=6545] read_RFCProperty() name=Device.DeviceInfo.X_RDKCENTRAL-COM_RFC.Feature.AccountInfo.AccountID,type=0,value=656480991463752764,status=0
/usr/bin/WPEFrameworkSecurityUtility: No such file or directory
260116-02:35:17.820463 [mod=FWUPG, lvl=ERROR] [tid=6545] RunCommand fread fails:0
260116-02:35:17.820581 [mod=COMMONUTILITIES, lvl=INFO] [tid=6545] doCurlInit: curl init success
260116-02:35:17.820622 [mod=COMMONUTILITIES, lvl=INFO] [tid=6545] getJsonRpcData : CURL: Setting For jsonrpc_auth_token
260116-02:35:17.823429 [mod=COMMONUTILITIES, lvl=INFO] [tid=6545] Curl Connected to http://127.0.0.1:9998/jsonrpc (127.0.0.1) port 9998
260116-02:35:17.823517 [mod=COMMONUTILITIES, lvl=INFO] [tid=6545] Curl return code =0, http code=200
260116-02:35:17.823547 [mod=COMMONUTILITIES, lvl=INFO] [tid=6545] In performRequest curl_ret_status =0
260116-02:35:17.823577 [mod=COMMONUTILITIES, lvl=INFO] [tid=6545] getJsonRpcData : Bytes Downloaded=71 and curl ret status=0 and http code=200
260116-02:35:17.823605 [mod=COMMONUTILITIES, lvl=INFO] [tid=6545] getJsonRpcData : data received ={"jsonrpc":"2.0","id":3,"result":{"experience":"EntOS","success":true}}
260116-02:35:17.823635 [mod=COMMONUTILITIES, lvl=INFO] [tid=6545] doStopDownload : CURL: free resources
260116-02:35:17.823966 [mod=RFCAPI, lvl=INFO] [tid=6545] getRFCParam data = {"names" : ["Device.DeviceInfo.MigrationPreparer.MigrationReady"]}, datalen = 66
260116-02:35:17.856975 [mod=RFCAPI, lvl=INFO] [tid=6545] curl response : 0 http response code: 200
260116-02:35:17.857251 [mod=RFCAPI, lvl=INFO] [tid=6545] Curl response: {
	"parameters":	[{
			"name":	"Device.DeviceInfo.MigrationPreparer.MigrationReady",
			"value":	"",
			"dataType":	0,
			"parameterCount":	1,
			"message":	"Parameter value field is not available"
		}],
	"message":	"Parameter value field is not available",
	"statusCode":	22
}
260116-02:35:17.857375 [mod=FWUPG, lvl=ERROR] [tid=6545] error:read_RFCProperty(): status= 22
260116-02:35:17.857418 [mod=FWUPG, lvl=ERROR] [tid=6545] GetMigrationReady: read_RFCProperty() failed Status 0
260116-02:35:17.857481 [mod=RFCAPI, lvl=INFO] [tid=6545] getRFCParam data = {"names" : ["Device.DeviceInfo.SerialNumber"]}, datalen = 46
260116-02:35:17.863364 [mod=RFCAPI, lvl=INFO] [tid=6545] curl response : 0 http response code: 200
260116-02:35:17.863665 [mod=RFCAPI, lvl=INFO] [tid=6545] Curl response: {
	"parameters":	[{
			"name":	"Device.DeviceInfo.SerialNumber",
			"value":	"IP04SK8214000F0ER",
			"dataType":	0,
			"parameterCount":	1,
			"message":	"Success"
		}],
	"statusCode":	0
}
260116-02:35:17.863772 [mod=FWUPG, lvl=INFO] [tid=6545] read_RFCProperty() name=Device.DeviceInfo.SerialNumber,type=0,value=IP04SK8214000F0ER,status=0
260116-02:35:17.863936 [mod=FWUPG, lvl=INFO] [tid=6545] /media/apps/etc/certs does not exist
260116-02:35:17.863975 [mod=FWUPG, lvl=INFO] [tid=6545] Certificate does not exist in NVM Path
260116-02:35:17.865551 [mod=FWUPG, lvl=INFO] [tid=6545] /etc/certs does not exist
260116-02:35:17.865622 [mod=FWUPG, lvl=INFO] [tid=6545] Certificate does not exist in RFS Path
260116-02:35:17.865652 [mod=FWUPG, lvl=INFO] [tid=6545] No metadata found only in CPE260116-02:35:17.865682 [mod=FWUPG, lvl=INFO] [tid=6545] GetInstalledBundles: pBundles = 
260116-02:35:17.865749 [mod=FWUPG, lvl=INFO] [tid=6545] GetInstalledBundles: szRunningLen = 0
2026-01-16T02:35:18.355Z : /lib/rdk/cdlSupport.sh: /media/apps/rdm/manifests does not exist
2026-01-16T02:35:18.533Z : /lib/rdk/cdlSupport.sh: Installed RDM Manifest Version in CPE: 
260116-02:35:18.548175 [mod=FWUPG, lvl=ERROR] [tid=6545] RunCommand fread fails:0
260116-02:35:18.548492 [mod=COMMONUTILITIES, lvl=INFO] [tid=6545] GetTimezone: Timezone value from output.json is empty, Reading from /opt/persistent/timeZoneDST file...
260116-02:35:18.548576 [mod=COMMONUTILITIES, lvl=INFO] [tid=6545] GetTimezone: Got timezone using /opt/persistent/timeZoneDST successfully, value:Europe/London
260116-02:35:18.548737 [mod=FWUPG, lvl=INFO] [tid=6545] model = SKXI11ADS
260116-02:35:18.548787 [mod=FWUPG, lvl=INFO] [tid=6545] Received STT flag
260116-02:35:18.548837 [mod=FWUPG, lvl=INFO] [tid=6545] createJsonString: totlen = 531
eStbMac=D4:52:EE:59:E3:E7&firmwareVersion=SKXI11ADS_E040.000.00.8.4p1s1_PRODLOG&additionalFwVerInfo=SKXI11ADS_PDRI_PROD_20221208113233_13.0.0.0.bin&remCtrlLC103-10=5103.4.8&env=prod&model=SKXI11ADS&manufacturer=Sky_CP&partnerId=sky-uk&activationInProgress=false&osClass=Not Available&accountId=656480991463752764&experience=EntOS&serial=IP04SK8214000F0ER&localtime=Fri Jan 16 02:35:17 UTC 2026&dlCertBundle=&rdmCatalogueVersion=&timezone=Europe/London&capabilities=rebootDecoupled&capabilities=RCDL&capabilities=supportsFullHttpUrl
260116-02:35:18.548917 [mod=FWUPG, lvl=INFO] [tid=6545] Trying to communicate with XCONF server260116-02:35:18.548956 [mod=FWUPG, lvl=INFO] [tid=6545]  isDwnlBlock : Checking for direct
260116-02:35:18.549013 [mod=FWUPG, lvl=ERROR] [tid=6545] getFileLastModifyTime: File: /tmp/.lastdirectfail_cdl not present: -1
260116-02:35:18.549048 [mod=FWUPG, lvl=INFO] [tid=6545] isDelayFWDownloadActive: Device configured with download delay of 0 minutes.
260116-02:35:18.549080 [mod=FWUPG, lvl=INFO] [tid=6545] Delayed Trigger Image Upgrade ..!
260116-02:35:18.549196 [mod=FWUPG, lvl=INFO] [tid=6545] XCONF Download in Progress
260116-02:35:18.549287 [mod=COMMONUTILITIES, lvl=INFO] [tid=6545] isMediaClientDevice: device name from device.property file=mediaclient
260116-02:35:18.549322 [mod=COMMONUTILITIES, lvl=INFO] [tid=6545] Device is a Mediaclient
260116-02:35:18.549559 [mod=FWUPG, lvl=INFO] [tid=6545] updateFWDownloadStatus(): Going to write:/opt/fwdnldstatus.txt
260116-02:35:18.549875 [mod=FWUPG, lvl=INFO] [tid=6545] cpu_arch = ARM
260116-02:35:18.549953 [mod=FWUPG, lvl=INFO] [tid=6545] getAppMode: app mode = 1
260116-02:35:18.550000 [mod=FWUPG, lvl=INFO] [tid=6545] isStateRedSupported(): Yes file present:/lib/rdk/stateRedRecovery.sh
260116-02:35:18.551564 [mod=FWUPG, lvl=INFO] [tid=6545] isInStateRed(): No Flag Not prsent:/tmp/stateRedEnabled. Device is not in statered
260116-02:35:18.551792 [mod=CERTSELECTOR, lvl=ERROR] [tid=6545]  rdkcertselector_new:hrot file, /etc/ssl/certsel/hrot.properties, not found
260116-02:35:18.551836 [mod=FWUPG, lvl=INFO] [tid=6545] downloadFile, normal state Cert selector initialized successfully
260116-02:35:18.551879 [mod=FWUPG, lvl=INFO] [tid=6545]  isDwnlBlock : Checking for direct
260116-02:35:18.551923 [mod=FWUPG, lvl=ERROR] [tid=6545] getFileLastModifyTime: File: /tmp/.lastdirectfail_cdl not present: -1
260116-02:35:18.551958 [mod=FWUPG, lvl=INFO] [tid=6545] isThrottleEnabled(): DeviceType=XiOne RebootImmediateFlag=
260116-02:35:18.551994 [mod=FWUPG, lvl=INFO] [tid=6545] Throttle enable rfc is false
260116-02:35:18.552025 [mod=FWUPG, lvl=INFO] [tid=6545] downloadFile : Throttle is Disable
260116-02:35:18.552076 [mod=FWUPG, lvl=INFO] [tid=6545] isOCSPEnable() : ocsp status=0
260116-02:35:18.552107 [mod=FWUPG, lvl=INFO] [tid=6545] downloadFile : Disable OCSP check
260116-02:35:18.552146 [mod=FWUPG, lvl=INFO] [tid=6545] getPidStore() pid=6545 in string=6545

260116-02:35:18.552245 [mod=FWUPG, lvl=INFO] [tid=6545] savePID() =6545
 to file=/tmp/.curl.pid
260116-02:35:18.552356 [mod=FWUPG, lvl=INFO] [tid=6545] savePID() =6545
 to file=/tmp/.fwdnld.pid
260116-02:35:18.552424 [mod=FWUPG, lvl=INFO] [tid=6545] setDwnlState: status = 9
260116-02:35:18.552490 [mod=FWUPG, lvl=INFO] [tid=6545] 2 Fetching MTLS credential for SSR/XCONF
260116-02:35:18.552531 [mod=FWUPG, lvl=INFO] [tid=6545] isStateRedSupported(): Yes file present:/lib/rdk/stateRedRecovery.sh
260116-02:35:18.552570 [mod=FWUPG, lvl=INFO] [tid=6545] isInStateRed(): No Flag Not prsent:/tmp/stateRedEnabled. Device is not in statered
260116-02:35:18.723096 [mod=FWUPG, lvl=INFO] [tid=6545] getMtlscert, MTLS dynamic/static cert success. cert=/opt/certs/devicecert_1.pk12, type=P12, engine=
260116-02:35:18.723191 [mod=FWUPG, lvl=INFO] [tid=6545] downloadFile, getMtlscert function ret value = 0
260116-02:35:18.723221 [mod=FWUPG, lvl=INFO] [tid=6545] MTLS is enabled
MTLS creds for SSR fetched ret=0
260116-02:35:18.723249 [mod=FWUPG, lvl=INFO] [tid=6545] Calling  doHttpFileDownload() with cert mTlsXConfDownload enable
260116-02:35:18.723297 [mod=COMMONUTILITIES, lvl=INFO] [tid=6545] doCurlInit: curl init success
260116-02:35:18.723333 [mod=FWUPG, lvl=INFO] [tid=6545] setDwnlState: status = 10
260116-02:35:18.723373 [mod=COMMONUTILITIES, lvl=INFO] [tid=6545] doHttpFileDownload : CURL: setCommonCurlOpt Success
260116-02:35:18.723411 [mod=COMMONUTILITIES, lvl=INFO] [tid=6545] setMtlsHeaders: certfile:/opt/certs/devicecert_1.pk12:cert type:P12
260116-02:35:18.723439 [mod=COMMONUTILITIES, lvl=INFO] [tid=6545] setMtlsHeaders: engine type:
260116-02:35:18.723473 [mod=COMMONUTILITIES, lvl=INFO] [tid=6545] setMtlsHeaders : set certfile:/opt/certs/devicecert_1.pk12:paswd:<> and type:P12
260116-02:35:18.723506 [mod=COMMONUTILITIES, lvl=INFO] [tid=6545] doHttpFileDownload : CURL: setMtlsHeaders Success
260116-02:35:19.692095 [mod=COMMONUTILITIES, lvl=INFO] [tid=6545] Curl Connected to https://xconf.xdp.eu-1.xcal.tv/xconf/swu/stb (184.120.150.216) port 443
260116-02:35:19.692200 [mod=COMMONUTILITIES, lvl=INFO] [tid=6545] Curl return code =0, http code=200
260116-02:35:19.692233 [mod=COMMONUTILITIES, lvl=INFO] [tid=6545] In performRequest curl_ret_status =0
260116-02:35:19.692266 [mod=COMMONUTILITIES, lvl=INFO] [tid=6545] doHttpFileDownload : After curl operation no of bytes Downloaded=442 and curl ret status=0 and http code=200
260116-02:35:19.692300 [mod=FWUPG, lvl=INFO] [tid=6545] setDwnlState: status = 12
260116-02:35:19.692340 [mod=COMMONUTILITIES, lvl=INFO] [tid=6545] doStopDownload : CURL: free resources
260116-02:35:19.701652 [mod=FWUPG, lvl=INFO] [tid=6545] isIncremetalCDLEnable: Checking IncremetalCDLEnable... Download image name=
260116-02:35:19.701843 [mod=RFCAPI, lvl=INFO] [tid=6545] getRFCParam data = {"names" : ["Device.DeviceInfo.X_RDKCENTRAL-COM_RFC.Feature.IncrementalCDL.Enable"]}, datalen = 84
260116-02:35:19.718002 [mod=RFCAPI, lvl=INFO] [tid=6545] curl response : 0 http response code: 200
260116-02:35:19.719030 [mod=RFCAPI, lvl=INFO] [tid=6545] Curl response: {
	"parameters":	[{
			"name":	"Device.DeviceInfo.X_RDKCENTRAL-COM_RFC.Feature.IncrementalCDL.Enable",
			"value":	"true",
			"dataType":	3,
			"parameterCount":	1,
			"message":	"Default Value"
		}],
	"statusCode":	38
}
260116-02:35:19.719183 [mod=FWUPG, lvl=INFO] [tid=6545] read_RFCProperty() name=Device.DeviceInfo.X_RDKCENTRAL-COM_RFC.Feature.IncrementalCDL.Enable,type=3,value=true,status=38
260116-02:35:19.719223 [mod=FWUPG, lvl=INFO] [tid=6545] isIncremetalCDLEnable: rfc IncrementalCDL= true
260116-02:35:19.719255 [mod=FWUPG, lvl=INFO] [tid=6545] isIncremetalCDLEnable :  incremental cdl is TRUE
260116-02:35:19.719323 [mod=FWUPG, lvl=INFO] [tid=6545] downloadFile : After curl request the curl status = 0 and http=200 and chunk download=0
260116-02:35:19.719654 [mod=FWUPG, lvl=INFO] [tid=6545] downloadFile : Curl Progress data...
260116-02:35:19.721135 [mod=COMMONUTILITIES, lvl=INFO] [tid=6545] UP: 0 of 0  DOWN: 0 of 0

260116-02:35:19.721472 [mod=FWUPG, lvl=INFO] [tid=6545] setDwnlState: status = 13
260116-02:35:19.721518 [mod=FWUPG, lvl=INFO] [tid=6545] downloadFile : Direct Image upgrade connection success: curl ret:0 http_code:200
260116-02:35:19.722248 [mod=FWUPG, lvl=INFO] [tid=6545] saveHTTPCode() Writing httpcode=200
 to file:/opt/xconf_curl_httpcode
260116-02:35:19.722663 [mod=COMMONUTILITIES, lvl=ERROR] [tid=6545] filePresentCheck Invalid Parameter
260116-02:35:19.722820 [mod=FWUPG, lvl=INFO] [tid=6545] MakeXconfComms: Calling getXconfRespData with input = {"additionalFwVerInfo":"SKXI11ADS_PDRI_PROD_20221208113233_13.0.0.0-signed","firmwareDownloadProtocol":"http","firmwareFilename":"SKXI11ADS_E040.000.00.8.4p1s1_PRODLOG-signed.bin","firmwareLocation":"https://ssr.xdp.eu-1.xcal.tv/cgi-bin/sky-sign-redirect.pl?partnerid=sky-uk&F=stb_cdl","firmwareVersion":"SKXI11ADS_E040.000.00.8.4p1s1_PRODLOG","mandatoryUpdate":false,"rebootImmediately":false,"remCtrlLC103-10":"LC103-10_firmware_5103.4.8"}

260116-02:35:19.724890 [mod=FWUPG, lvl=INFO] [tid=6545] XCONF Download completed with curl code:0
260116-02:35:19.724974 [mod=FWUPG, lvl=INFO] [tid=6545] XCONF Download Success
260116-02:35:19.725029 [mod=FWUPG, lvl=INFO] [tid=6545] cloudFWFile: SKXI11ADS_E040.000.00.8.4p1s1_PRODLOG-signed.bin
260116-02:35:19.725060 [mod=FWUPG, lvl=INFO] [tid=6545] cloudFWLocation: https://ssr.xdp.eu-1.xcal.tv/cgi-bin/sky-sign-redirect.pl?partnerid=sky-uk&F=stb_cdl
260116-02:35:19.725087 [mod=FWUPG, lvl=INFO] [tid=6545] ipv6cloudFWLocation: 
260116-02:35:19.726292 [mod=FWUPG, lvl=INFO] [tid=6545] cloudFWVersion: SKXI11ADS_E040.000.00.8.4p1s1_PRODLOG
260116-02:35:19.726382 [mod=FWUPG, lvl=INFO] [tid=6545] cloudDelayDownload: 
260116-02:35:19.726412 [mod=FWUPG, lvl=INFO] [tid=6545] cloudProto: http
260116-02:35:19.726439 [mod=FWUPG, lvl=INFO] [tid=6545] cloudImmediateRebootFlag: false
260116-02:35:19.726519 [mod=FWUPG, lvl=INFO] [tid=6545] peripheralFirmwares: LC103-10_firmware_5103.4.8
260116-02:35:19.726546 [mod=FWUPG, lvl=INFO] [tid=6545] dlCertBundle: 
260116-02:35:19.726572 [mod=FWUPG, lvl=INFO] [tid=6545] cloudPDRIVersion: SKXI11ADS_PDRI_PROD_20221208113233_13.0.0.0-signed
260116-02:35:19.726598 [mod=FWUPG, lvl=INFO] [tid=6545] rdmCatalogueVersion: 
260116-02:35:19.726788 [mod=FWUPG, lvl=INFO] [tid=6545] Validate PDRI image with device model number
260116-02:35:19.726833 [mod=FWUPG, lvl=INFO] [tid=6545] Optimize lastDnldFile: SKXI11ADS_E040.000.00.8.4p1s1_PRODLOG-signed.bin
260116-02:35:19.726861 [mod=FWUPG, lvl=INFO] [tid=6545] last_dwnl_status=1
260116-02:35:19.726933 [mod=FWUPG, lvl=INFO] [tid=6545] currentImg tbuff: SKXI11ADS_E040.000.00.8.4p1s1_PRODLOG-signed.bin

260116-02:35:19.726965 [mod=FWUPG, lvl=INFO] [tid=6545] currentImg: SKXI11ADS_E040.000.00.8.4p1s1_PRODLOG-signed.bin
260116-02:35:19.726992 [mod=FWUPG, lvl=INFO] [tid=6545] currentImg: SKXI11ADS_E040.000.00.8.4p1s1_PRODLOG-signed.bin
260116-02:35:19.727027 [mod=FWUPG, lvl=INFO] [tid=6545] current_img_status=1
260116-02:35:19.727054 [mod=FWUPG, lvl=INFO] [tid=6545] myFWVersion = SKXI11ADS_E040.000.00.8.4p1s1_PRODLOG
260116-02:35:19.727081 [mod=FWUPG, lvl=INFO] [tid=6545] myFWFile = SKXI11ADS_E040.000.00.8.4p1s1_PRODLOG-signed.bin
260116-02:35:19.727107 [mod=FWUPG, lvl=INFO] [tid=6545] lastDnldFile = SKXI11ADS_E040.000.00.8.4p1s1_PRODLOG-signed.bin
260116-02:35:19.727133 [mod=FWUPG, lvl=INFO] [tid=6545] cloudFWVersion = SKXI11ADS_E040.000.00.8.4p1s1_PRODLOG
260116-02:35:19.727158 [mod=FWUPG, lvl=INFO] [tid=6545] cloudFWFile = SKXI11ADS_E040.000.00.8.4p1s1_PRODLOG-signed.bin
260116-02:35:19.727185 [mod=FWUPG, lvl=INFO] [tid=6545] processJsonResponse returned 0
260116-02:35:19.727252 [mod=FWUPG, lvl=INFO] [tid=6545] checkTriggerUpgrade: reboot_flag =false and delay_dwnl=0
260116-02:35:19.727281 [mod=FWUPG, lvl=INFO] [tid=6545] Xconf image/PDRI configuration Check
260116-02:35:19.727309 [mod=FWUPG, lvl=INFO] [tid=6545] Trigger Type=1
260116-02:35:19.727337 [mod=FWUPG, lvl=INFO] [tid=6545] Optimize lastDnldFile: SKXI11ADS_E040.000.00.8.4p1s1_PRODLOG-signed.bin
260116-02:35:19.727364 [mod=FWUPG, lvl=INFO] [tid=6545] Optimize currentImg: SKXI11ADS_E040.000.00.8.4p1s1_PRODLOG-signed.bin
260116-02:35:19.727390 [mod=FWUPG, lvl=INFO] [tid=6545] last_dwnl_status=1 and current_img_status=1
260116-02:35:19.737450 [mod=FWUPG, lvl=INFO] [tid=6545] myfwversion:SKXI11ADS_E040.000.00.8.4p1s1_PRODLOG
260116-02:35:19.737592 [mod=FWUPG, lvl=INFO] [tid=6545] cloudFWVersion:SKXI11ADS_E040.000.00.8.4p1s1_PRODLOG
260116-02:35:19.737627 [mod=FWUPG, lvl=INFO] [tid=6545] cloudFWFile:SKXI11ADS_E040.000.00.8.4p1s1_PRODLOG-signed.bin
260116-02:35:19.738424 [mod=FWUPG, lvl=INFO] [tid=6545] lastdwnlfile:SKXI11ADS_E040.000.00.8.4p1s1_PRODLOG-signed.bin
260116-02:35:19.738539 [mod=FWUPG, lvl=INFO] [tid=6545] currentImg:SKXI11ADS_E040.000.00.8.4p1s1_PRODLOG-signed.bin
260116-02:35:19.738607 [mod=FWUPG, lvl=INFO] [tid=6545] FW version of the active image and the image to be upgraded are the same. No upgrade required.
260116-02:35:19.750398 [mod=FWUPG, lvl=INFO] [tid=6545] eventManager: Generate IARM_BUS_NAME current event=FirmwareStateEvent
260116-02:35:19.750560 [mod=FWUPG, lvl=INFO] [tid=6545] eventManager: event_status = 9
260116-02:35:19.756969 [mod=FWUPG, lvl=INFO] [tid=6545] eventManager : >> IARM SUCCESS  Event=FirmwareStateEvent,sysStateEvent=43
260116-02:35:19.757062 [mod=FWUPG, lvl=INFO] [tid=6545] eventManager : IARM_event_sender closing
260116-02:35:19.757327 [mod=FWUPG, lvl=INFO] [tid=6545] updateFWDownloadStatus(): Going to write:/opt/fwdnldstatus.txt
260116-02:35:19.757574 [mod=FWUPG, lvl=INFO] [tid=6545] checkForValidPCIUpgrade return false
260116-02:35:19.757771 [mod=FWUPG, lvl=INFO] [tid=6545] isPDRIEnable: pdri status from device.property file=true
260116-02:35:19.757812 [mod=FWUPG, lvl=INFO] [tid=6545] cloudImmediateRebootFlag is false. Starting PDRI upgrade check ... 
260116-02:35:19.757870 [mod=FWUPG, lvl=INFO] [tid=6545] Added .bin in pdri image=SKXI11ADS_PDRI_PROD_20221208113233_13.0.0.0-signed.bin
260116-02:35:19.757899 [mod=FWUPG, lvl=INFO] [tid=6545] pdri imageHTTPURL=https://ssr.xdp.eu-1.xcal.tv/cgi-bin/sky-sign-redirect.pl?partnerid=sky-uk&F=stb_cdl/SKXI11ADS_PDRI_PROD_20221208113233_13.0.0.0-signed.bin
260116-02:35:19.757927 [mod=FWUPG, lvl=INFO] [tid=6545] pdri DWNL path with img name=/opt/CDL/SKXI11ADS_PDRI_PROD_20221208113233_13.0.0.0-signed.bin
260116-02:35:19.757957 [mod=FWUPG, lvl=INFO] [tid=6545]  isDwnlBlock : Checking for direct
260116-02:35:19.758008 [mod=FWUPG, lvl=ERROR] [tid=6545] getFileLastModifyTime: File: /tmp/.lastdirectfail_cdl not present: -1
260116-02:35:19.758138 [mod=FWUPG, lvl=INFO] [tid=6545] isPDRIEnable: pdri status from device.property file=true
260116-02:35:20.463271 [mod=FWUPG, lvl=INFO] [tid=6545] RunCommand: Successful read 48 bytes
260116-02:35:20.463379 [mod=FWUPG, lvl=INFO] [tid=6545] GetPDRIFileName: PDRI Version = SKXI11ADS_PDRI_PROD_20221208113233_13.0.0.0.bin

260116-02:35:20.464312 [mod=FWUPG, lvl=INFO] [tid=6545] current pdri image = SKXI11ADS_PDRI_PROD_20221208113233_13.0.0.0.bin

260116-02:35:20.464383 [mod=FWUPG, lvl=INFO] [tid=6545] After Removing .bin = SKXI11ADS_PDRI_PROD_20221208113233_13.0.0.0
260116-02:35:20.464413 [mod=FWUPG, lvl=INFO] [tid=6545] current pdri image = SKXI11ADS_PDRI_PROD_20221208113233_13.0.0.0 and requested image = /opt/CDL/SKXI11ADS_PDRI_PROD_20221208113233_13.0.0.0-signed.bin
260116-02:35:20.464479 [mod=FWUPG, lvl=INFO] [tid=6545] current pdri image = SKXI11ADS_PDRI_PROD_20221208113233_13.0.0.0 and requested dwnl pdri image = /opt/CDL/SKXI11ADS_PDRI_PROD_20221208113233_13.0.0.0-signed.bin
260116-02:35:20.464508 [mod=FWUPG, lvl=INFO] [tid=6545] PDRI version of the active image and the image to be upgraded are the same. No upgrade required.
260116-02:35:20.464567 [mod=FWUPG, lvl=INFO] [tid=6545] Triggering Peripheral Download cloudFWLocation: https://ssr.xdp.eu-1.xcal.tv/cgi-bin/sky-sign-redirect.pl?partnerid=sky-uk&F=stb_cdl
peripheralFirmwares: LC103-10_firmware_5103.4.8,
260116-02:35:20.464598 [mod=FWUPG, lvl=INFO] [tid=6545] peripheral_firmware_dndl: pPeripheralFirmwares = LC103-10_firmware_5103.4.8,
260116-02:35:20.464637 [mod=COMMONUTILITIES, lvl=INFO] [tid=6545] GetFileContents: pFileName = /tmp/downloaded_peripheral_versions.txt
260116-02:35:20.464727 [mod=COMMONUTILITIES, lvl=ERROR] [tid=6545] getFileSize : File unable to stat
260116-02:35:20.464761 [mod=COMMONUTILITIES, lvl=ERROR] [tid=6545] GetFileContents: getFileSize failed for /tmp/downloaded_peripheral_versions.txt
260116-02:35:20.464949 [mod=FWUPG, lvl=INFO] [tid=6545] BuildRemoteInfo: Start
260116-02:35:20.464988 [mod=FWUPG, lvl=INFO] [tid=6545] BuildRemoteInfo: End
260116-02:35:20.465018 [mod=FWUPG, lvl=INFO] [tid=6545] peripheral_firmware_dndl: GetRemoteVers found cCurVerBuf = LC103-10_firmware_5103.4.8.tgz,
260116-02:35:20.465056 [mod=FWUPG, lvl=INFO] [tid=6545] peripheral_firmware_dndl: pFW = LC103-10_firmware_5103.4.8
260116-02:35:20.465085 [mod=FWUPG, lvl=INFO] [tid=6545] peripheral_firmware_dndl: pDeviceName = LC103-10
260116-02:35:20.465112 [mod=FWUPG, lvl=INFO] [tid=6545] peripheral_firmware_dndl: pDeviceType = firmware
260116-02:35:20.465138 [mod=FWUPG, lvl=INFO] [tid=6545] peripheral_firmware_dndl: pDeviceVer = 5103.4.8
260116-02:35:20.465173 [mod=FWUPG, lvl=INFO] [tid=6545] peripheral_firmware_dndl: Compared pDeviceVer = 5103.4.8 and pCurVer = 5103.4.8.tgz, output = -46
260116-02:35:20.465201 [mod=FWUPG, lvl=INFO] [tid=6545] peripheral_firmware_dndl: The version in the device is newer or same, no upgrade needed
260116-02:35:20.465258 [mod=FWUPG, lvl=INFO] [tid=6545] After Trigger Peripheral Download status=0
260116-02:35:20.465319 [mod=COMMONUTILITIES, lvl=INFO] [tid=6545] printCurlError: curl_easy_strerror =No error
260116-02:35:20.465349 [mod=FWUPG, lvl=INFO] [tid=6545] curl return code =0 and error message=No error
260116-02:35:20.465401 [mod=FWUPG, lvl=INFO] [tid=6545] rdkvfwupgrader daemon exit curl code: 0
260116-02:35:20.465433 [mod=FWUPG, lvl=INFO] [tid=6545] eventManager: Generate IARM_BUS_NAME current event=MaintenanceMGR
260116-02:35:20.465463 [mod=FWUPG, lvl=INFO] [tid=6545] >>>>> Identified MaintenanceMGR with event value=8
260116-02:35:20.466057 [mod=FWUPG, lvl=INFO] [tid=6545] >>>>> IARM SUCCESS  Event  = 8
260116-02:35:20.466096 [mod=FWUPG, lvl=INFO] [tid=6545] eventManager : IARM_event_sender closing
260116-02:35:20.466150 [mod=RBUS, lvl=INFO] [tid=6545] rbus close for (t2_lib_rdkfwupgrader)
260116-02:35:20.468156 [mod=RTMESSAGE, lvl=INFO] [tid=6545] Stopping threads
260116-02:35:20.477203 [mod=RBUS, lvl=INFO] [tid=6545] rbus close (t2_lib_rdkfwupgrader) success
IARM_Bus_UnRegisterEventHandler Listener removed for [RdkvFWupgrader][0] with IARM Core Handler 
260116-02:35:20.477392 [mod=FWUPG, lvl=INFO] [tid=6545] Successfully terminated all event handlers:0
term start init 1
260116-02:35:20.973501 [mod=FWUPG, lvl=INFO] [tid=6545] Deleting DIFD.pid file
RDKLOG deinit
2026-01-16T02:35:21.303Z : /lib/rdk/Start_MaintenanceTasks.sh: SWUpdate Task execution done
2026-01-16T12:54:21.323Z : eMMC Firmware version from RFC: 08140310.
2026-01-16T12:54:21.395Z : eMMC_FW_VERS_RFC_split:08140310.
2026-01-16T12:54:21.522Z : Current running eMMC FW Version:  
2026-01-16T12:54:21.590Z : Current_eMMC_FW_Version_split:
2026-01-16T12:54:21.683Z : Cannot Upgrade. Either versions(08140310 & ) are same or Retry count(5) exceeded 5
