2025-12-03T08:38:49.996Z systemd[1]:  Started Sky Xione reformat partitions.
2025-12-03T08:38:50.011Z systemd[1]:  Started Apply Kernel Variables.
2025-12-03T08:38:50.027Z systemd[1]:  Started Bind mount volatile /etc/systemd/timesyncd.conf.
2025-12-03T08:38:50.045Z systemd[1]:  Starting Sky Xione mount disk service...
2025-12-03T08:38:50.294Z systemd[1]:  Started Sky Xione mount disk service.
2025-12-03T08:38:50.312Z systemd[1]:  Starting Remount Root and Kernel File Systems...
2025-12-03T08:38:50.333Z systemd[1]:  Starting Starts lxy database extraction in RDK-V...
2025-12-03T08:38:50.348Z systemd[1]:  Starting ecfs init service...
2025-12-03T08:38:50.359Z systemd[1]:  var-lib.mount: Directory /var/lib to mount over is not empty, mounting anyway.
2025-12-03T08:38:50.361Z systemd[1]:  Mounting Bind mount volatile /var/lib...
2025-12-03T08:38:50.388Z systemd[1]:  Mounted Bind mount volatile /var/lib.
2025-12-03T08:38:50.407Z systemd[1]:  Started Remount Root and Kernel File Systems.
2025-12-03T08:38:50.428Z systemd[1]:  Starting Flush Journal to Persistent Storage...
2025-12-03T08:38:50.453Z systemd[1]:  Starting udev Coldplug all Devices...
2025-12-03T08:38:50.464Z systemd[1]:  Starting Create Static Device Nodes in /dev...
2025-12-03T08:38:50.515Z systemd[1]:  Started Flush Journal to Persistent Storage.
2025-12-03T08:38:50.553Z systemd[1]:  Started Create Static Device Nodes in /dev.
2025-12-03T08:38:50.565Z systemd[1]:  Reached target Local File Systems (Pre).
2025-12-03T08:38:50.585Z systemd[1]:  Mounting /var/volatile...
2025-12-03T08:38:50.600Z systemd[1]:  Starting udev Kernel Device Manager...
2025-12-03T08:38:50.621Z systemd[1]:  Mounted /var/volatile.
2025-12-03T08:38:50.638Z systemd[1]:  Starting Bind mount volatile /etc/resolv.conf...
2025-12-03T08:38:50.653Z systemd[1]:  Starting Bind mount volatile /var/spool/cron...
2025-12-03T08:38:50.669Z systemd[1]:  Starting Bind mount volatile /etc/hosts...
2025-12-03T08:38:50.697Z systemd[1]:  Starting Bind mount volatile /etc/asound.conf...
2025-12-03T08:38:50.714Z systemd[1]:  Starting Bind mount volatile /etc/xupnp...
2025-12-03T08:38:50.735Z systemd[1]:  Starting Bind mount volatile /www...
2025-12-03T08:38:50.748Z systemd[1]:  Starting Bind mount volatile /etc/hostname...
2025-12-03T08:38:50.810Z systemd[1]:  Started udev Kernel Device Manager.
2025-12-03T08:38:50.825Z systemd[1]:  Started Bind mount volatile /etc/resolv.conf.
2025-12-03T08:38:50.843Z systemd[1]:  Started Bind mount volatile /var/spool/cron.
2025-12-03T08:38:50.859Z systemd[1]:  Started Bind mount volatile /etc/hosts.
2025-12-03T08:38:50.871Z systemd[1]:  Started Bind mount volatile /etc/asound.conf.
2025-12-03T08:38:50.887Z systemd[1]:  Started Bind mount volatile /etc/xupnp.
2025-12-03T08:38:50.903Z systemd[1]:  Started Bind mount volatile /www.
2025-12-03T08:38:50.919Z systemd[1]:  Started Bind mount volatile /etc/hostname.
2025-12-03T08:38:50.986Z systemd[1]:  Started udev Coldplug all Devices.
2025-12-03T08:38:51.028Z systemd[1]:  Reached target Local File Systems.
2025-12-03T08:38:51.046Z systemd[1]:  Starting Create Volatile Files and Directories...
2025-12-03T08:38:51.065Z systemd[1]:  Starting Previous Log Backup Service...
2025-12-03T08:38:51.118Z systemd[1]:  Found device /dev/ttyS1.
2025-12-03T08:38:51.134Z systemd[1]:  Started Create Volatile Files and Directories.
2025-12-03T08:38:51.324Z systemd[1]:  Listening on Load/Save RF Kill Switch Status /dev/rfkill Watch.
2025-12-03T08:38:51.342Z systemd[1]:  Reached target Sound Card.
2025-12-03T08:38:51.356Z systemd[1]:  Starting Update UTMP about System Boot/Shutdown...
2025-12-03T08:38:51.401Z systemd[1]:  Started Update UTMP about System Boot/Shutdown.
2025-12-03T08:38:51.419Z systemd[1]:  Reached target System Initialization.
2025-12-03T08:38:51.431Z systemd[1]:  Started Apps Download Path.
2025-12-03T08:38:51.431Z systemd[1]:  Started rdkssa shipd daemon Path.
2025-12-03T08:38:51.446Z systemd[1]:  Started NTP Sync Complete Path.
2025-12-03T08:38:51.462Z systemd[1]:  Started Timer based network-up.target activation.
2025-12-03T08:38:51.478Z systemd[1]:  Started Network connection status and wifi recovery timer.
2025-12-03T08:38:51.500Z systemd[1]:  Started Daily Cleanup of Temporary Directories.
2025-12-03T08:38:51.514Z systemd[1]:  Started [testagentloader]TA loader used to download the testagent in service centre environment..
2025-12-03T08:38:51.538Z systemd[1]:  Started Update Previous reboot info path.
2025-12-03T08:38:51.554Z systemd[1]:  Started Timer based ntp-time-sync.target activation.
2025-12-03T08:38:51.570Z systemd[1]:  Started Vital process information Timer.
2025-12-03T08:38:51.586Z systemd[1]:  wpeframework-services.path: Refusing to start, unit to trigger not loaded.
2025-12-03T08:38:51.586Z systemd[1]:  Failed to start Path Changed.
2025-12-03T08:38:51.626Z systemd[1]:  Started Log Rotation Timer.
2025-12-03T08:38:51.645Z systemd[1]:  Started Path Exists.
2025-12-03T08:38:51.655Z systemd[1]:  Started Disk Space Monitor Timer.
2025-12-03T08:38:51.670Z systemd[1]:  Started system time set target by systime manager.
2025-12-03T08:38:51.690Z systemd[1]:  Started Restart mauth-certs when device cert changes.
2025-12-03T08:38:51.706Z systemd[1]:  Started Path Exists.
2025-12-03T08:38:51.718Z systemd[1]:  Listening on D-Bus System Message Bus Socket.
2025-12-03T08:38:51.738Z systemd[1]:  Reached target Sockets.
2025-12-03T08:38:51.750Z systemd[1]:  Started Timer to log start & end date of static and dynamic operational certificates.
2025-12-03T08:38:51.766Z systemd[1]:  Reached target Timers.
2025-12-03T08:38:51.778Z systemd[1]:  Started NTP Server Time Sync Event.
2025-12-03T08:38:51.794Z systemd[1]:  Started Path based network-up.target activation.
2025-12-03T08:38:51.810Z systemd[1]:  Started Parodus restart path.
2025-12-03T08:38:51.822Z systemd[1]:  Reached target Paths.
2025-12-03T08:38:51.834Z systemd[1]:  Reached target Basic System.
2025-12-03T08:38:51.848Z systemd[1]:  Starting Network Manager Script Dispatcher Service...
2025-12-03T08:38:51.868Z systemd[1]:  Starting An IPC framework...
2025-12-03T08:38:51.884Z systemd[1]:  Starting Ethernet Bridge Filtering Tables...
2025-12-03T08:38:51.895Z systemd[1]:  Starting QCA6390 WiFi driver service...
2025-12-03T08:38:51.919Z systemd[1]:  Starting Service to load Sky Frontpanl button driver Module...
2025-12-03T08:38:51.936Z systemd[1]:  Starting Sky Master Service...
2025-12-03T08:38:51.955Z systemd[1]:  Starting D-Bus System Message Bus...
2025-12-03T08:38:51.977Z systemd[1]:  Starting Cleans up Gstreamer Registry...
2025-12-03T08:38:52.004Z systemd[1]:  Starting IP Interface Monitor Service...
2025-12-03T08:38:52.020Z systemd[1]:  Starting Sky LED driver load service...
2025-12-03T08:38:52.047Z systemd[1]:  Starting Boot version loader for RDK...
2025-12-03T08:38:52.058Z systemd[1]:  Started Essos Resource Mgr.
2025-12-03T08:38:52.077Z systemd[1]:  Starting OOPS Dump service...
2025-12-03T08:38:52.134Z systemd[1]:  Started ecfs init service.
2025-12-03T08:38:52.147Z systemd[1]:  Started Starts lxy database extraction in RDK-V.
2025-12-03T08:38:52.168Z systemd[1]:  Started D-Bus System Message Bus.
2025-12-03T08:38:52.213Z systemd[1]:  Started An IPC framework.
2025-12-03T08:38:52.229Z systemd[1]:  Started Ethernet Bridge Filtering Tables.
2025-12-03T08:38:52.250Z systemd[1]:  Started Service to load Sky Frontpanl button driver Module.
2025-12-03T08:38:52.275Z systemd[1]:  Started IP Interface Monitor Service.
2025-12-03T08:38:52.292Z systemd[1]:  Started Sky LED driver load service.
2025-12-03T08:38:52.311Z systemd[1]:  Started OOPS Dump service.
2025-12-03T08:38:52.342Z systemd[1]:  Started Cleans up Gstreamer Registry.
2025-12-03T08:38:52.360Z systemd[1]:  Started Boot version loader for RDK.
2025-12-03T08:38:52.396Z systemd[1]:  Starting DBManager Service daemon for Unqlite Store...
2025-12-03T08:38:52.412Z systemd[1]:  Starting Sky Master Service...
2025-12-03T08:38:52.424Z systemd[1]:  Started Sky LED Boot Pattern Service.
2025-12-03T08:38:52.448Z systemd[1]:  Started Session manager for rbus.
2025-12-03T08:38:52.463Z systemd[1]:  Started Prepare certs for mutual authentification.
2025-12-03T08:38:52.473Z systemd[1]:  Starting Secure mount service...
2025-12-03T08:38:52.492Z systemd[1]:  Started Previous Log Backup Service.
2025-12-03T08:38:52.507Z systemd[1]:  Started Secure mount service.
2025-12-03T08:38:52.523Z systemd[1]:  Started Sky Master Service.
2025-12-03T08:38:52.536Z systemd[1]:  Started Sky Master Service.
2025-12-03T08:38:52.557Z systemd[1]:  Started Network Manager Script Dispatcher Service.
2025-12-03T08:38:52.575Z systemd[1]:  Starting Sky MW Localstore...
2025-12-03T08:38:52.593Z systemd[1]:  Starting Start/Stop the workload manager...
2025-12-03T08:38:52.606Z systemd[1]:  Started Path Exists.
2025-12-03T08:38:52.621Z systemd[1]:  Starting Modprobe USB Input Modules based on image...
2025-12-03T08:38:52.637Z systemd[1]:  Starting AppArmor initialization...
2025-12-03T08:38:52.657Z systemd[1]:  Starting Sky Xione mount encrypted VG-DRM persistent storage...
2025-12-03T08:38:52.677Z systemd[1]:  Starting Enable OCSP support based on RFC...
2025-12-03T08:38:52.690Z systemd[1]:  Started Path Exists.
2025-12-03T08:38:52.706Z systemd[1]:  Starting Log RDK Started Service...
2025-12-03T08:38:52.725Z systemd[1]:  Started Start/Stop the workload manager.
2025-12-03T08:38:52.739Z systemd[1]:  Started Modprobe USB Input Modules based on image.
2025-12-03T08:38:52.755Z systemd[1]:  Started Enable OCSP support based on RFC.
2025-12-03T08:38:52.774Z systemd[1]:  Started Log RDK Started Service.
2025-12-03T08:38:52.798Z systemd[1]:  Started DBManager Service daemon for Unqlite Store.
2025-12-03T08:38:52.821Z systemd[1]:  Starting Sky MW Config Manager Service daemon...
2025-12-03T08:38:52.831Z systemd[1]:  Starting Start/Stop the CGroups Rules Engine Daemon...
2025-12-03T08:38:52.914Z systemd[1]:  Started Start/Stop the CGroups Rules Engine Daemon.
2025-12-03T08:38:52.939Z systemd[1]:  Started AppArmor initialization.
2025-12-03T08:38:52.943Z systemd[1]:  Starting System Logger Daemon...
2025-12-03T08:38:52.978Z systemd[1]:  Started Sky MW Localstore.
2025-12-03T08:38:52.996Z systemd[1]:  Started System Logger Daemon.
2025-12-03T08:38:53.016Z systemd[1]:  Starting Harddisk Checkup Service...
2025-12-03T08:38:53.084Z systemd[1]:  Started Sky MW Config Manager Service daemon.
2025-12-03T08:38:53.102Z systemd[1]:  Starting Sky AS Proxy daemon...
2025-12-03T08:38:53.640Z systemd[1]:  Started Sky Xione mount encrypted VG-DRM persistent storage.
2025-12-03T08:38:53.688Z systemd[1]:  Started Sky AS Proxy daemon.
2025-12-03T08:38:54.191Z systemd[1]:  Started QCA6390 WiFi driver service.
2025-12-03T08:38:54.208Z systemd[1]:  Starting Attach Qualcomm HCI UART to the UART port on the board....
2025-12-03T08:38:54.228Z systemd[1]:  Starting Network Manager...
2025-12-03T08:38:55.025Z systemd[1]:  Starting Load/Save RF Kill Switch Status...
2025-12-03T08:38:55.083Z systemd[1]:  Started Load/Save RF Kill Switch Status.
2025-12-03T08:38:55.102Z systemd[1]:  Started Network Manager.
2025-12-03T08:38:55.132Z systemd[1]:  Starting WPA supplicant...
2025-12-03T08:38:55.148Z systemd[1]:  Started Network Manager.
2025-12-03T08:38:55.286Z systemd[1]:  Started Attach Qualcomm HCI UART to the UART port on the board..
2025-12-03T08:38:55.393Z systemd[1]:  Started WPA supplicant.
2025-12-03T08:38:55.407Z systemd[1]:  Reached target Network.
2025-12-03T08:38:55.420Z systemd[1]:  Started Network Forensics and Recovery Tool Service.
2025-12-03T08:38:55.436Z systemd[1]:  Starting Zero-configuration networking...
2025-12-03T08:38:55.452Z systemd[1]:  Starting Redis In-Memory Data Store...
2025-12-03T08:38:55.468Z systemd[1]:  Starting Lightning Fast Webserver With Light System Requirements...
2025-12-03T08:38:55.494Z systemd[1]:  Reached target Network is Online.
2025-12-03T08:38:55.513Z systemd[1]:  Started Static multicast routing daemon.
2025-12-03T08:38:55.529Z systemd[1]:  Started COREDUMP UPLOAD.
2025-12-03T08:38:55.545Z systemd[1]:  Starting Update device details cache file...
2025-12-03T08:38:55.556Z systemd[1]:  Starting Reboot Reason Log Service...
2025-12-03T08:38:55.567Z systemd[1]:  Starting An instance of dropbear for free SSH access...
2025-12-03T08:38:55.584Z systemd[1]:  Started MINIDUMP UPLOAD.
2025-12-03T08:38:55.603Z systemd[1]:  Starting Set up IP tables...
2025-12-03T08:38:55.613Z systemd[1]:  Started Lightning Fast Webserver With Light System Requirements.
2025-12-03T08:38:55.632Z systemd[1]:  Started Update device details cache file.
2025-12-03T08:38:55.698Z systemd[1]:  Started Redis In-Memory Data Store.
2025-12-03T08:38:55.827Z systemd[1]:  Started Harddisk Checkup Service.
2025-12-03T08:38:55.847Z systemd[1]:  mdns.service: PID file /var/run/mdnsd.pid not readable (yet?) after start: No such file or directory
2025-12-03T08:38:55.848Z systemd[1]:  Starting Bluetooth service...
2025-12-03T08:38:55.861Z systemd[1]:  Starting Prefetch page cache for Squash Filesystem access...
2025-12-03T08:38:55.877Z systemd[1]:  Starting Memcr checkpoint restore service...
2025-12-03T08:38:55.896Z systemd[1]:  Starting Realtek tee-supplicant...
2025-12-03T08:38:55.963Z systemd[1]:  Started Realtek tee-supplicant.
2025-12-03T08:38:55.984Z systemd[1]:  Starting Realtek fw log service...
2025-12-03T08:38:56.001Z systemd[1]:  Started Realtek HDMI service.
2025-12-03T08:38:56.017Z systemd[1]:  Starting Sky splashscreen-viewer service...
2025-12-03T08:38:56.040Z systemd[1]:  Starting Realtek tee-log...
2025-12-03T08:38:56.047Z systemd[1]:  Started Realtek tee-log.
2025-12-03T08:38:56.065Z systemd[1]:  Started Memcr checkpoint restore service.
2025-12-03T08:38:56.088Z systemd[1]:  Started Realtek fw log service.
2025-12-03T08:38:56.110Z systemd[1]:  Started Sky splashscreen-viewer service.
2025-12-03T08:38:56.135Z systemd[1]:  Started Prefetch page cache for Squash Filesystem access.
2025-12-03T08:38:56.163Z systemd[1]:  Started Bluetooth service.
2025-12-03T08:38:56.171Z systemd[1]:  Started Reboot Reason Log Service.
2025-12-03T08:38:56.190Z systemd[1]:  Reached target Bluetooth.
2025-12-03T08:38:56.213Z systemd[1]:  Starting Dolby audio FW license check service...
2025-12-03T08:38:56.221Z systemd[1]:  Starting RDK Dobby (Container) daemon...
2025-12-03T08:38:56.316Z systemd[1]:  Started Dolby audio FW license check service.
2025-12-03T08:38:56.333Z systemd[1]:  Starting Realtek Audio service...
2025-12-03T08:38:56.418Z systemd[1]:  Started Realtek Audio service.
2025-12-03T08:38:56.425Z systemd[1]:  Starting IARM Bus Daemon...
2025-12-03T08:38:56.462Z systemd[1]:  Started IARM Bus Daemon.
2025-12-03T08:38:56.488Z systemd[1]:  Starting IARM Mgr Daemon MFR MGR...
2025-12-03T08:38:56.496Z systemd[1]:  Starting An application to extract and deliver currently playing audio to registered consumers...
2025-12-03T08:38:56.520Z systemd[1]:  Starting Storagemanager main application...
2025-12-03T08:38:56.536Z systemd[1]:  Starting IARM Mgr Daemon SYS MGR...
2025-12-03T08:38:56.752Z systemd[1]:  Started Storagemanager main application.
2025-12-03T08:38:56.772Z systemd[1]:  Started IARM Mgr Daemon SYS MGR.
2025-12-03T08:38:56.780Z systemd[1]:  Starting Cleans up browser cache...
2025-12-03T08:38:56.876Z systemd[1]:  Started RDK Dobby (Container) daemon.
2025-12-03T08:38:56.891Z systemd[1]:  Started Cleans up browser cache.
2025-12-03T08:38:56.915Z systemd[1]:  Starting wpeframework-Thunder RPC version-R4.4.3...
2025-12-03T08:38:57.017Z systemd[1]:  Started Set up IP tables.
2025-12-03T08:38:57.040Z systemd[1]:  Starting Set up IP tables for sky xione...
2025-12-03T08:38:57.063Z systemd[1]:  Started Set up IP tables for sky xione.
2025-12-03T08:38:57.549Z systemd[1]:  Started IARM Mgr Daemon MFR MGR.
2025-12-03T08:38:57.566Z systemd[1]:  Starting TR69 Host Interface Daemon...
2025-12-03T08:38:57.580Z systemd[1]:  Starting Service to mirror PCI & Firmware banks...
2025-12-03T08:38:58.133Z systemd[1]:  Started Zero-configuration networking.
2025-12-03T08:38:59.121Z systemd[1]:  Started wpeframework-Thunder RPC version-R4.4.3.
2025-12-03T08:38:59.141Z systemd[1]:  Starting WPE TextToSpeech...
2025-12-03T08:38:59.158Z systemd[1]:  Starting WPE UsbDevice...
2025-12-03T08:38:59.173Z systemd[1]:  Starting WPE PowerManager...
2025-12-03T08:38:59.190Z systemd[1]:  Starting WPE LaunchDelegate...
2025-12-03T08:38:59.205Z systemd[1]:  Starting WPE NetworkManager...
2025-12-03T08:38:59.220Z systemd[1]:  Starting WPE Cryptography...
2025-12-03T08:38:59.231Z systemd[1]:  Starting WPE MediaSettings...
2025-12-03T08:38:59.249Z systemd[1]:  Starting WPE Watermark...
2025-12-03T08:38:59.265Z systemd[1]:  Starting WPE Monitor...
2025-12-03T08:38:59.281Z systemd[1]:  Starting WPE LinchPinClientManager...
2025-12-03T08:38:59.297Z systemd[1]:  Starting Thunder Hang Detection and Recovery...
2025-12-03T08:38:59.313Z systemd[1]:  Starting WPE AppNotifications...
2025-12-03T08:38:59.386Z systemd[1]:  Started Thunder Hang Detection and Recovery.
2025-12-03T08:39:00.167Z systemd[1]:  Started TR69 Host Interface Daemon.
2025-12-03T08:39:00.185Z systemd[1]:  Starting Starts ca bundle update in RDK-V...
2025-12-03T08:39:00.200Z systemd[1]:  Started COREDUMP UPLOAD.
2025-12-03T08:39:00.217Z systemd[1]:  Starting Dump Backup Service...
2025-12-03T08:39:00.233Z systemd[1]:  Starting zram initialization service...
2025-12-03T08:39:00.249Z systemd[1]:  Starting RDK Remote Debugger...
2025-12-03T08:39:00.267Z systemd[1]:  Started webconfig service.
2025-12-03T08:39:00.281Z systemd[1]:  Started To start dcm daemon.
2025-12-03T08:39:00.306Z systemd[1]:  Started MINIDUMP UPLOAD.
2025-12-03T08:39:00.317Z systemd[1]:  Started MemCapture Tool.
2025-12-03T08:39:00.340Z systemd[1]:  Starting SSH Per-Connection Server...
2025-12-03T08:39:00.366Z systemd[1]:  Starting To start telemetry2_0...
2025-12-03T08:39:00.374Z systemd[1]:  Started WPE Cryptography.
2025-12-03T08:39:00.391Z systemd[1]:  Started WPE Monitor.
2025-12-03T08:39:00.408Z systemd[1]:  Started Dump Backup Service.
2025-12-03T08:39:00.426Z systemd[1]:  Started zram initialization service.
2025-12-03T08:39:00.436Z systemd[1]:  Started WPE LinchPinClientManager.
2025-12-03T08:39:00.452Z systemd[1]:  Started WPE MediaSettings.
2025-12-03T08:39:00.464Z systemd[1]:  Started WPE AppNotifications.
2025-12-03T08:39:00.479Z systemd[1]:  Started RDK Remote Debugger.
2025-12-03T08:39:00.494Z systemd[1]:  Started WPE TextToSpeech.
2025-12-03T08:39:00.508Z systemd[1]:  Started Starts ca bundle update in RDK-V.
2025-12-03T08:39:00.558Z systemd[1]:  Starting WPE AppGateway...
2025-12-03T08:39:00.562Z systemd[1]:  Started Service to mirror PCI & Firmware banks.
2025-12-03T08:39:00.586Z systemd[1]:  Starting Log board details...
2025-12-03T08:39:00.827Z systemd[1]:  Started To start telemetry2_0.
2025-12-03T08:39:00.907Z systemd[1]:  Stopping MemCapture Tool...
2025-12-03T08:39:00.913Z systemd[1]:  Stopped MemCapture Tool.
2025-12-03T08:39:01.059Z systemd[1]:  Started WPE NetworkManager.
2025-12-03T08:39:01.084Z systemd[1]:  Started SSH Per-Connection Server.
2025-12-03T08:39:01.099Z systemd[1]:  Started WPE PowerManager.
2025-12-03T08:39:01.112Z systemd[1]:  Started WPE LaunchDelegate.
2025-12-03T08:39:01.125Z systemd[1]:  Started WPE UsbDevice.
2025-12-03T08:39:01.139Z systemd[1]:  Started WPE Watermark.
2025-12-03T08:39:01.160Z systemd[1]:  Starting WPE USBMassStorage...
2025-12-03T08:39:01.177Z systemd[1]:  Starting WPE SystemMode...
2025-12-03T08:39:01.192Z systemd[1]:  Starting WPE WifiMetrics...
2025-12-03T08:39:01.204Z systemd[1]:  Starting WPE System...
2025-12-03T08:39:01.210Z systemd[1]:  Starting WPE CloudStore...
2025-12-03T08:39:01.225Z systemd[1]:  Starting IARM Mgr Daemon DS MGR...
2025-12-03T08:39:01.243Z systemd[1]:  Starting System Time Mgr dameon provides quality of time....
2025-12-03T08:39:01.266Z systemd[1]:  Starting Fog HLS Recording Service...
2025-12-03T08:39:01.280Z systemd[1]:  Starting Mediarite service...
2025-12-03T08:39:01.290Z systemd[1]:  Starting WPE SystemAudioPlayer...
2025-12-03T08:39:01.309Z systemd[1]:  Starting WPE FirmwareUpdate...
2025-12-03T08:39:01.325Z systemd[1]:  Starting WPE PersistentStore...
2025-12-03T08:39:01.349Z systemd[1]:  Starting WPE Xcast...
2025-12-03T08:39:01.354Z systemd[1]:  Starting WPE Wifi...
2025-12-03T08:39:01.382Z systemd[1]:  Starting WPE Network...
2025-12-03T08:39:01.404Z systemd[1]:  Started WPE AppGateway.
2025-12-03T08:39:01.440Z systemd[1]:  Started WPE USBMassStorage.
2025-12-03T08:39:01.454Z systemd[1]:  Started WPE SystemMode.
2025-12-03T08:39:01.498Z systemd[1]:  Starting WPE FbDiscovery...
2025-12-03T08:39:01.509Z systemd[1]:  Starting WPE XvpClient...
2025-12-03T08:39:01.533Z systemd[1]:  Starting Firebolt reference implementation...
2025-12-03T08:39:01.554Z systemd[1]:  Starting WPE FbSetting...
2025-12-03T08:39:01.566Z systemd[1]:  Starting WPEFramework FBEntos plugin...
2025-12-03T08:39:01.581Z systemd[1]:  Starting WPE FbAsLinchPin...
2025-12-03T08:39:01.598Z systemd[1]:  Starting WPE FbMetrics...
2025-12-03T08:39:01.634Z systemd[1]:  Started An application to extract and deliver currently playing audio to registered consumers.
2025-12-03T08:39:01.635Z systemd[1]:  Started WPE System.
2025-12-03T08:39:01.656Z systemd[1]:  Started System Time Mgr dameon provides quality of time..
2025-12-03T08:39:01.721Z systemd[1]:  Starting Bluetooth Manager Daemon over IARM IPC...
2025-12-03T08:39:01.747Z systemd[1]:  Started Firebolt reference implementation.
2025-12-03T08:39:01.771Z systemd[1]:  Starting Sky AS Apps Service...
2025-12-03T08:39:01.789Z systemd[1]:  Starting Badger Pre check for badger.service...
2025-12-03T08:39:02.017Z systemd[1]:  Started Badger Pre check for badger.service.
2025-12-03T08:39:02.164Z systemd[1]:  Started WPE WifiMetrics.
2025-12-03T08:39:02.200Z systemd[1]:  Started Fog HLS Recording Service.
2026-01-16T01:31:48.050Z systemd[1]:  Starting Send D-Bus signal on systime set...
2026-01-16T01:31:48.051Z systemd[1]:  Time has been changed
2026-01-16T01:31:48.158Z systemd[1]:  Started Send D-Bus signal on systime set.
2026-01-16T01:31:48.159Z systemd[1]:  Started WPE PersistentStore.
2026-01-16T01:31:48.182Z systemd[1]:  Starting WPE UserSettings...
2026-01-16T01:31:48.206Z systemd[1]:  Reached target Custom target start after systime manager set the time.
2026-01-16T01:31:48.214Z systemd[1]:  Started IARM Mgr Daemon DS MGR.
2026-01-16T01:31:48.241Z systemd[1]:  Starting WPE DeviceInfo...
2026-01-16T01:31:48.250Z systemd[1]:  Starting WPE DisplaySettings...
2026-01-16T01:31:48.268Z systemd[1]:  Starting WPE AVInput...
2026-01-16T01:31:48.283Z systemd[1]:  Starting WPE OCIContainer Plugin...
2026-01-16T01:31:48.295Z systemd[1]:  Starting WPE HdmiCecSource...
2026-01-16T01:31:48.303Z systemd[1]:  Starting WPE FrontPanel...
2026-01-16T01:31:48.319Z systemd[1]:  Starting WPE HdcpProfile...
2026-01-16T01:31:48.334Z systemd[1]:  Starting WPE DisplayInfo...
2026-01-16T01:31:48.352Z systemd[1]:  Starting Control Manager Main Service...
2026-01-16T01:31:48.376Z systemd[1]:  Starting WPE PlayerInfo...
2026-01-16T01:31:48.380Z systemd[1]:  Started HDCP Service.
2026-01-16T01:31:48.537Z systemd[1]:  Started Log board details.
2026-01-16T01:31:49.155Z systemd[1]:  Started WPEFramework FBEntos plugin.
2026-01-16T01:31:49.416Z systemd[1]:  Started WPE SystemAudioPlayer.
2026-01-16T01:31:49.426Z systemd[1]:  Started WPE AVInput.
2026-01-16T01:31:49.472Z systemd[1]:  Started WPE FbDiscovery.
2026-01-16T01:31:49.491Z systemd[1]:  Started WPE XvpClient.
2026-01-16T01:31:49.503Z systemd[1]:  Started WPE FbAsLinchPin.
2026-01-16T01:31:49.526Z systemd[1]:  Started WPE FbMetrics.
2026-01-16T01:31:49.568Z systemd[1]:  Started WPE UserSettings.
2026-01-16T01:31:49.584Z systemd[1]:  Started WPE FirmwareUpdate.
2026-01-16T01:31:49.598Z systemd[1]:  Started WPE Wifi.
2026-01-16T01:31:49.630Z systemd[1]:  Started WPE Network.
2026-01-16T01:31:49.653Z systemd[1]:  Started WPE FbSetting.
2026-01-16T01:31:49.667Z systemd[1]:  Started WPE DisplaySettings.
2026-01-16T01:31:49.681Z systemd[1]:  Started WPE FrontPanel.
2026-01-16T01:31:49.693Z systemd[1]:  Starting WPE MaintenanceManager...
2026-01-16T01:31:49.703Z systemd[1]:  Starting WPE AuthService...
2026-01-16T01:31:49.742Z systemd[1]:  Starting Sky AS Network Service...
2026-01-16T01:31:49.766Z systemd[1]:  Starting WPE Telemetry...
2026-01-16T01:31:49.838Z systemd[1]:  Started WPE DeviceInfo.
2026-01-16T01:31:49.849Z systemd[1]:  Started WPE OCIContainer Plugin.
2026-01-16T01:31:49.866Z systemd[1]:  Started WPE DisplayInfo.
2026-01-16T01:31:49.944Z systemd[1]:  Started WPE PlayerInfo.
2026-01-16T01:31:49.964Z systemd[1]:  Starting Log Internet connectivity and Trigger network target...
2026-01-16T01:31:50.075Z systemd[1]:  Started WPE HdcpProfile.
2026-01-16T01:31:50.076Z systemd[1]:  Starting Network Time Synchronization...
2026-01-16T01:31:50.077Z systemd[1]:  Reached target Network Up.
2026-01-16T01:31:50.096Z systemd[1]:  Started Log Internet connectivity and Trigger network target.
2026-01-16T01:31:50.304Z systemd[1]:  Started Sky AS Network Service.
2026-01-16T01:31:50.341Z systemd[1]:  Started WPE MaintenanceManager.
2026-01-16T01:31:50.391Z systemd[1]:  Started WPE AuthService.
2026-01-16T01:31:50.408Z systemd[1]:  Starting Boot version loader for RDK...
2026-01-16T01:31:50.427Z systemd[1]:  Starting WPE Privacy...
2026-01-16T01:31:50.442Z systemd[1]:  Starting WPE SecManager...
2026-01-16T01:31:50.460Z systemd[1]:  Starting WPE DeviceProvisioning...
2026-01-16T01:31:50.484Z systemd[1]:  Started WPE Telemetry.
2026-01-16T01:31:50.501Z systemd[1]:  Started WPE CloudStore.
2026-01-16T01:31:50.525Z systemd[1]:  Starting WPE SharedStorage...
2026-01-16T01:31:50.538Z systemd[1]:  Started Default RST profile Configuration.
2026-01-16T01:31:50.762Z systemd[1]:  Started WPE HdmiCecSource.
2026-01-16T01:31:50.773Z systemd[1]:  migration-duid.service: Main process exited, code=exited, status=1/FAILURE
2026-01-16T01:31:50.774Z systemd[1]:  Failed to start Boot version loader for RDK.
2026-01-16T01:31:50.818Z systemd[1]:  migration-duid.service: Unit entered failed state.
2026-01-16T01:31:50.819Z systemd[1]:  migration-duid.service: Failed with result 'exit-code'.
2026-01-16T01:31:51.591Z systemd[1]:  Stopping SSH Per-Connection Server...
2026-01-16T01:31:51.610Z systemd[1]:  Stopped SSH Per-Connection Server.
2026-01-16T01:31:51.634Z systemd[1]:  Starting SSH Per-Connection Server...
2026-01-16T01:31:51.781Z systemd[1]:  Started WPE SecManager.
2026-01-16T01:31:51.796Z systemd[1]:  Starting WPE ContentProtection...
2026-01-16T01:31:51.847Z systemd[1]:  Started WPE SharedStorage.
2026-01-16T01:31:51.861Z systemd[1]:  Started WPE Privacy.
2026-01-16T01:31:51.876Z systemd[1]:  Starting WPE FbAdvertising...
2026-01-16T01:31:51.899Z systemd[1]:  Starting WPE FbPrivacy...
2026-01-16T01:31:51.919Z systemd[1]:  Starting WPE Analytics...
2026-01-16T01:31:52.266Z systemd[1]:  Started WPE ContentProtection.
2026-01-16T01:31:52.446Z systemd[1]:  Started WPE FbPrivacy.
2026-01-16T01:31:52.494Z systemd[1]:  Started WPE FbAdvertising.
2026-01-16T01:31:52.580Z systemd[1]:  Started WPE Analytics.
2026-01-16T01:31:52.598Z systemd[1]:  Started Control Manager Main Service.
2026-01-16T01:31:52.619Z systemd[1]:  Starting WPE VoiceControl...
2026-01-16T01:31:52.635Z systemd[1]:  Starting WPE RemoteControl...
2026-01-16T01:31:52.719Z systemd[1]:  Started SSH Per-Connection Server.
2026-01-16T01:31:53.098Z systemd[1]:  Started WPE RemoteControl.
2026-01-16T01:31:53.114Z systemd[1]:  Started WPE VoiceControl.
2026-01-16T01:31:53.319Z systemd[1]:  Starting Webpa parodus Daemon...
2026-01-16T01:31:53.461Z systemd[1]:  Started WPE DeviceProvisioning.
2026-01-16T01:31:53.485Z systemd[1]:  Starting WPE OCDM...
2026-01-16T01:31:53.648Z systemd[1]:  parodus.service: PID file /run/parodus.pid not readable (yet?) after start: No such file or directory
2026-01-16T01:31:53.795Z systemd[1]:  Started WPE Xcast.
2026-01-16T01:31:53.798Z systemd[1]:  Starting Sky AS System Service daemon...
2026-01-16T01:31:53.839Z systemd[1]:  Started Webpa parodus Daemon.
2026-01-16T01:31:54.125Z systemd[1]:  Created slice system-routerDiscovery.slice.
2026-01-16T01:31:54.138Z systemd[1]:  Started Router Discovery Service wlan0.
2026-01-16T01:31:54.755Z systemd[1]:  Started Bluetooth Manager Daemon over IARM IPC.
2026-01-16T01:31:54.763Z systemd[1]:  Starting WPE Bluetooth...
2026-01-16T01:31:54.797Z systemd[1]:  Started WPE OCDM.
2026-01-16T01:31:54.980Z systemd[1]:  Started Mediarite service.
2026-01-16T01:31:55.424Z systemd[1]:  Started WPE Bluetooth.
2026-01-16T01:31:57.109Z systemd[1]:  Started An instance of dropbear for free SSH access.
2026-01-16T01:31:57.124Z systemd[1]:  Reached target Multi-User System.
2026-01-16T01:31:57.148Z systemd[1]:  Starting Update UTMP about System Runlevel Changes...
2026-01-16T01:31:57.193Z systemd[1]:  Started Update UTMP about System Runlevel Changes.
2026-01-16T01:31:57.621Z systemd[1]:  Started Network Time Synchronization.
2026-01-16T01:31:57.633Z systemd[1]:  Reached target System Time Synchronized.
2026-01-16T01:38:41.801Z systemd[1]:  Time has been changed
2026-01-16T01:38:41.803Z systemd[1]:  Starting NTP event...
2026-01-16T01:38:41.816Z systemd[1]:  Starting xpki certificate aquisition...
2026-01-16T01:38:41.834Z systemd[1]:  Starting Send D-Bus signal on ntp-sync completed...
2026-01-16T01:38:41.854Z systemd[1]:  Started Update Previous reboot info.
2026-01-16T01:38:41.876Z systemd[1]:  Started Send D-Bus signal on ntp-sync completed.
2026-01-16T01:38:42.014Z systemd[1]:  Started NTP event.
2026-01-16T01:38:44.479Z systemd[1]:  Started Sky AS System Service daemon.
2026-01-16T01:38:45.527Z systemd[1]:  Started xpki certificate aquisition.
2026-01-16T01:38:45.541Z systemd[1]:  Reached target Target For NTP Time sync.
2026-01-16T01:38:52.208Z systemd[1]:  Started Sky AS Apps Service.
2026-01-16T01:38:52.224Z systemd[1]:  Starting Copy playready certs...
2026-01-16T01:38:52.240Z systemd[1]:  Starting WPE TextTrack...
2026-01-16T01:38:52.256Z systemd[1]:  Starting Sky AS Analytics Service daemon...
2026-01-16T01:38:52.287Z systemd[1]:  Started Copy playready certs.
2026-01-16T01:38:52.312Z systemd[1]:  Starting Sky AS Player Service...
2026-01-16T01:38:52.718Z systemd[1]:  Started Sky AS Analytics Service daemon.
2026-01-16T01:38:53.279Z systemd[1]:  Started WPE TextTrack.
2026-01-16T01:38:54.323Z systemd[1]:  Started Apps Download Service.
2026-01-16T01:38:54.765Z systemd[1]:  Starting JSPP Launcher Service...
2026-01-16T01:38:55.806Z systemd[1]:  Started Sky AS Player Service.
2026-01-16T01:38:55.807Z systemd[1]:  Starting Sky AS Peripherals Service daemon...
2026-01-16T01:38:55.813Z systemd[1]:  Starting Sky AS VoiceSearch Service...
2026-01-16T01:38:55.825Z systemd[1]:  Starting Sky AS Bridge Service daemon...
2026-01-16T01:38:56.056Z systemd[1]:  Started Sky AS Bridge Service daemon.
2026-01-16T01:38:56.199Z systemd[1]:  Started Sky AS VoiceSearch Service.
2026-01-16T01:38:56.216Z systemd[1]:  Starting Testagent Loader service...
2026-01-16T01:38:56.224Z systemd[1]:  Stopped [testagentloader]TA loader used to download the testagent in service centre environment..
2026-01-16T01:38:56.309Z systemd[1]:  Started Sky AS Peripherals Service daemon.
2026-01-16T01:38:56.756Z systemd[1]:  Started JSPP Launcher Service.
2026-01-16T01:38:57.841Z systemd[1]:  Starting NTP event...
2026-01-16T01:38:58.443Z systemd[1]:  Started NTP event.
2026-01-16T01:38:58.459Z systemd[1]:  testagentloader.service: Main process exited, code=exited, status=1/FAILURE
2026-01-16T01:38:58.460Z systemd[1]:  Failed to start Testagent Loader service.
2026-01-16T01:38:58.489Z systemd[1]:  testagentloader.service: Unit entered failed state.
2026-01-16T01:38:58.489Z systemd[1]:  testagentloader.service: Failed with result 'exit-code'.
2026-01-16T01:38:58.489Z systemd[1]:  Starting Sky EPG Application...
2026-01-16T01:38:59.747Z systemd[1]:  Started Sky EPG Application.
2026-01-16T01:38:59.762Z systemd[1]:  Starting WPE IPControl...
2026-01-16T01:39:01.987Z systemd[1]:  Started WPE IPControl.
2026-01-16T01:39:02.002Z systemd[1]:  Startup finished in 3.075s (kernel) + 43.156s (userspace) = 46.232s.
2026-01-16T01:39:11.481Z systemd[1]:  Starting Network Manager Script Dispatcher Service...
2026-01-16T01:39:11.520Z systemd[1]:  Started Network Manager Script Dispatcher Service.
2026-01-16T01:39:11.998Z systemd[1]:  Stopping SSH Per-Connection Server...
2026-01-16T01:39:12.001Z systemd[1]:  Stopped SSH Per-Connection Server.
2026-01-16T01:39:12.025Z systemd[1]:  Starting SSH Per-Connection Server...
2026-01-16T01:39:12.489Z systemd[1]:  Started SSH Per-Connection Server.
2026-01-16T01:39:12.657Z systemd[1]:  Started Router Discovery Service wlan0.
2026-01-16T01:39:30.069Z systemd[1]:  Starting NTP event...
2026-01-16T01:39:30.155Z systemd[1]:  Started NTP event.
2026-01-16T01:39:41.732Z systemd[1]:  Started Disk Space Monitor Service.
2026-01-16T01:40:15.788Z systemd[1]:  Started Network connection status and wifi recovery service.
2026-01-16T01:40:19.234Z systemd[1]:  Starting Log Rotation Timer Service (R)...
2026-01-16T01:40:19.352Z systemd[1]:  Started Log Rotation Timer Service (R).
2026-01-16T01:40:49.232Z systemd[1]:  Started Vital Process information Timer Service (R).
2026-01-16T01:41:15.802Z systemd[1]:  Started Network connection status and wifi recovery service.
2026-01-16T01:41:19.708Z systemd[1]:  Starting Log Rotation Timer Service (R)...
2026-01-16T01:41:19.757Z systemd[1]:  Started Log Rotation Timer Service (R).
2026-01-16T01:42:15.819Z systemd[1]:  Started Network connection status and wifi recovery service.
2026-01-16T01:42:25.390Z systemd[1]:  Starting Log Rotation Timer Service (R)...
2026-01-16T01:42:25.442Z systemd[1]:  Started Log Rotation Timer Service (R).
2026-01-16T01:42:42.582Z systemd[1]:  Starting NTP event...
2026-01-16T01:42:43.175Z systemd[1]:  Started NTP event.
2026-01-16T01:43:14.034Z systemd[1]:  Starting rdkssa shipd daemon...
2026-01-16T01:43:14.147Z systemd[1]:  Started rdkssa shipd daemon.
2026-01-16T01:43:15.833Z systemd[1]:  Started Network connection status and wifi recovery service.
2026-01-16T01:43:25.403Z systemd[1]:  Starting Log Rotation Timer Service (R)...
2026-01-16T01:43:25.456Z systemd[1]:  Started Log Rotation Timer Service (R).
2026-01-16T01:44:15.850Z systemd[1]:  Started Network connection status and wifi recovery service.
2026-01-16T01:44:25.417Z systemd[1]:  Starting Log Rotation Timer Service (R)...
2026-01-16T01:44:25.473Z systemd[1]:  Started Log Rotation Timer Service (R).
2026-01-16T01:45:15.867Z systemd[1]:  Started Network connection status and wifi recovery service.
2026-01-16T01:45:25.430Z systemd[1]:  Starting Log Rotation Timer Service (R)...
2026-01-16T01:45:25.479Z systemd[1]:  Started Log Rotation Timer Service (R).
2026-01-16T01:46:15.883Z systemd[1]:  Started Network connection status and wifi recovery service.
2026-01-16T01:46:25.440Z systemd[1]:  Starting Log Rotation Timer Service (R)...
2026-01-16T01:46:25.494Z systemd[1]:  Started Log Rotation Timer Service (R).
2026-01-16T01:46:58.832Z systemd[1]:  Starting NTP event...
2026-01-16T01:46:59.434Z systemd[1]:  Started NTP event.
2026-01-16T01:47:15.900Z systemd[1]:  Started Network connection status and wifi recovery service.
2026-01-16T01:47:25.453Z systemd[1]:  Starting Log Rotation Timer Service (R)...
2026-01-16T01:47:25.504Z systemd[1]:  Started Log Rotation Timer Service (R).
2026-01-16T01:48:15.917Z systemd[1]:  Started Network connection status and wifi recovery service.
2026-01-16T01:48:25.466Z systemd[1]:  Starting Log Rotation Timer Service (R)...
2026-01-16T01:48:25.520Z systemd[1]:  Started Log Rotation Timer Service (R).
2026-01-16T01:49:15.933Z systemd[1]:  Started Network connection status and wifi recovery service.
2026-01-16T01:49:25.478Z systemd[1]:  Starting Log Rotation Timer Service (R)...
2026-01-16T01:49:25.529Z systemd[1]:  Started Log Rotation Timer Service (R).
2026-01-16T01:50:15.951Z systemd[1]:  Started Network connection status and wifi recovery service.
2026-01-16T01:50:25.495Z systemd[1]:  Starting Log Rotation Timer Service (R)...
2026-01-16T01:50:25.553Z systemd[1]:  Started Log Rotation Timer Service (R).
2026-01-16T01:50:55.498Z systemd[1]:  Started Vital Process information Timer Service (R).
2026-01-16T01:51:14.933Z systemd[1]:  Stopping Bluetooth Manager Daemon over IARM IPC...
2026-01-16T01:51:15.665Z systemd[1]:  Stopped Bluetooth Manager Daemon over IARM IPC.
2026-01-16T01:51:15.965Z systemd[1]:  Started Network connection status and wifi recovery service.
2026-01-16T02:02:41.152Z systemd[1]:  Time has been changed
2026-01-16T02:02:41.177Z systemd[1]:  Starting Log Rotation Timer Service (R)...
2026-01-16T02:02:41.177Z systemd[1]:  Time has been changed
2026-01-16T02:02:41.787Z systemd[1]:  Starting NTP event...
2026-01-16T02:02:42.666Z systemd[1]:  Started Log Rotation Timer Service (R).
2026-01-16T02:02:43.357Z systemd[1]:  Started NTP event.
2026-01-16T02:02:43.549Z systemd[1]:  Stopping Network Time Synchronization...
2026-01-16T02:02:43.580Z systemd[1]:  Stopped Network Time Synchronization.
2026-01-16T02:02:43.588Z systemd[1]:  Starting Network Time Synchronization...
2026-01-16T02:02:43.610Z systemd[1]:  Starting Bluetooth Manager Daemon over IARM IPC...
2026-01-16T02:02:47.288Z systemd[1]:  Started Bluetooth Manager Daemon over IARM IPC.
2026-01-16T02:02:49.265Z systemd[1]:  Started Network Time Synchronization.
2026-01-16T02:02:49.325Z systemd[1]:  Starting NTP event...
2026-01-16T02:02:49.866Z systemd[1]:  Stopping Bluetooth Manager Daemon over IARM IPC...
2026-01-16T02:02:49.901Z systemd[1]:  Started NTP event.
2026-01-16T02:02:51.461Z systemd[1]:  Stopped Bluetooth Manager Daemon over IARM IPC.
2026-01-16T02:06:03.706Z systemd[1]:  Time has been changed
2026-01-16T02:06:03.727Z systemd[1]:  Time has been changed
2026-01-16T02:06:05.361Z systemd[1]:  Starting NTP event...
2026-01-16T02:06:05.746Z systemd[1]:  Started NTP event.
2026-01-16T02:06:05.903Z systemd[1]:  Stopping Network Time Synchronization...
2026-01-16T02:06:05.941Z systemd[1]:  Stopped Network Time Synchronization.
2026-01-16T02:06:05.963Z systemd[1]:  Starting Network Time Synchronization...
2026-01-16T02:06:06.129Z systemd[1]:  Starting Bluetooth Manager Daemon over IARM IPC...
2026-01-16T02:06:09.971Z systemd[1]:  Started Bluetooth Manager Daemon over IARM IPC.
2026-01-16T02:06:11.783Z systemd[1]:  Started Network Time Synchronization.
2026-01-16T02:06:11.845Z systemd[1]:  Starting NTP event...
2026-01-16T02:06:12.177Z systemd[1]:  Stopping Bluetooth Manager Daemon over IARM IPC...
2026-01-16T02:06:12.432Z systemd[1]:  Started NTP event.
2026-01-16T02:06:14.135Z systemd[1]:  Stopped Bluetooth Manager Daemon over IARM IPC.
2026-01-16T02:12:47.212Z systemd[1]:  Time has been changed
2026-01-16T02:12:47.236Z systemd[1]:  Time has been changed
2026-01-16T02:12:48.837Z systemd[1]:  Starting NTP event...
2026-01-16T02:12:49.187Z systemd[1]:  Started NTP event.
2026-01-16T02:12:49.341Z systemd[1]:  Stopping Network Time Synchronization...
2026-01-16T02:12:49.379Z systemd[1]:  Stopped Network Time Synchronization.
2026-01-16T02:12:49.387Z systemd[1]:  Starting Network Time Synchronization...
2026-01-16T02:12:49.544Z systemd[1]:  Starting Bluetooth Manager Daemon over IARM IPC...
2026-01-16T02:12:53.283Z systemd[1]:  Started Bluetooth Manager Daemon over IARM IPC.
2026-01-16T02:12:55.207Z systemd[1]:  Started Network Time Synchronization.
2026-01-16T02:12:55.273Z systemd[1]:  Starting NTP event...
2026-01-16T02:12:55.609Z systemd[1]:  Stopping Bluetooth Manager Daemon over IARM IPC...
2026-01-16T02:12:55.852Z systemd[1]:  Started NTP event.
2026-01-16T02:12:56.567Z systemd[1]:  Started Network connection status and wifi recovery service.
2026-01-16T02:12:57.444Z systemd[1]:  Stopped Bluetooth Manager Daemon over IARM IPC.
2026-01-16T02:13:07.379Z systemd[1]:  Starting Log Rotation Timer Service (R)...
2026-01-16T02:13:09.113Z systemd[1]:  Started Log Rotation Timer Service (R).
2026-01-16T02:13:09.539Z systemd[1]:  Stopping Network Time Synchronization...
2026-01-16T02:13:09.574Z systemd[1]:  Stopped Network Time Synchronization.
2026-01-16T02:13:09.592Z systemd[1]:  Starting Network Time Synchronization...
2026-01-16T02:13:09.735Z systemd[1]:  Starting Bluetooth Manager Daemon over IARM IPC...
2026-01-16T02:13:13.408Z systemd[1]:  Started Bluetooth Manager Daemon over IARM IPC.
2026-01-16T02:13:15.451Z systemd[1]:  Started Network Time Synchronization.
2026-01-16T02:16:17.985Z systemd[1]:  Time has been changed
2026-01-16T02:16:17.989Z systemd[1]:  Starting NTP event...
2026-01-16T02:16:18.309Z systemd[1]:  Stopping Bluetooth Manager Daemon over IARM IPC...
2026-01-16T02:16:18.592Z systemd[1]:  Started NTP event.
2026-01-16T02:16:20.031Z systemd[1]:  Stopped Bluetooth Manager Daemon over IARM IPC.
2026-01-16T02:19:32.702Z systemd[1]:  Time has been changed
2026-01-16T02:19:34.440Z systemd[1]:  Starting NTP event...
2026-01-16T02:19:34.895Z systemd[1]:  Started NTP event.
2026-01-16T02:19:35.057Z systemd[1]:  Stopping Network Time Synchronization...
2026-01-16T02:19:35.095Z systemd[1]:  Stopped Network Time Synchronization.
2026-01-16T02:19:35.102Z systemd[1]:  Starting Network Time Synchronization...
2026-01-16T02:19:35.142Z systemd[1]:  Starting Bluetooth Manager Daemon over IARM IPC...
2026-01-16T02:19:38.951Z systemd[1]:  Started Bluetooth Manager Daemon over IARM IPC.
2026-01-16T02:19:40.963Z systemd[1]:  Started Network Time Synchronization.
2026-01-16T02:19:41.013Z systemd[1]:  Starting NTP event...
2026-01-16T02:19:41.389Z systemd[1]:  Stopping Bluetooth Manager Daemon over IARM IPC...
2026-01-16T02:19:41.590Z systemd[1]:  Started NTP event.
2026-01-16T02:19:43.122Z systemd[1]:  Stopped Bluetooth Manager Daemon over IARM IPC.
2026-01-16T02:22:55.719Z systemd[1]:  Time has been changed
2026-01-16T02:22:55.232Z systemd[1]:  Time has been changed
2026-01-16T02:22:56.539Z systemd[1]:  Starting NTP event...
2026-01-16T02:22:57.374Z systemd[1]:  Started NTP event.
2026-01-16T02:23:03.797Z systemd[1]:  Starting Log start & end date of static and dynamic operational certificates...
2026-01-16T02:23:03.799Z systemd[1]:  Starting Cleanup of Temporary Directories...
2026-01-16T02:23:03.993Z systemd[1]:  Started Network connection status and wifi recovery service.
2026-01-16T02:23:04.888Z systemd[1]:  Started Cleanup of Temporary Directories.
2026-01-16T02:23:07.336Z systemd[1]:  Stopping Network Time Synchronization...
2026-01-16T02:23:07.381Z systemd[1]:  Stopped Network Time Synchronization.
2026-01-16T02:23:07.385Z systemd[1]:  Starting Network Time Synchronization...
2026-01-16T02:23:07.388Z systemd[1]:  Started Log start & end date of static and dynamic operational certificates.
2026-01-16T02:23:07.541Z systemd[1]:  Starting Bluetooth Manager Daemon over IARM IPC...
2026-01-16T02:23:11.323Z systemd[1]:  Started Bluetooth Manager Daemon over IARM IPC.
2026-01-16T02:23:13.110Z systemd[1]:  Started Network Time Synchronization.
2026-01-16T02:23:13.175Z systemd[1]:  Starting NTP event...
2026-01-16T02:23:13.743Z systemd[1]:  Started NTP event.
2026-01-16T02:23:13.757Z systemd[1]:  Stopping Bluetooth Manager Daemon over IARM IPC...
2026-01-16T02:23:15.053Z systemd[1]:  Starting Log Rotation Timer Service (R)...
2026-01-16T02:23:15.260Z systemd[1]:  Started Log Rotation Timer Service (R).
2026-01-16T02:23:15.478Z systemd[1]:  Stopped Bluetooth Manager Daemon over IARM IPC.
2026-01-16T02:26:45.888Z systemd[1]:  Time has been changed
2026-01-16T02:26:45.895Z systemd[1]:  dobby.service: Watchdog timeout (limit 30s)!
2026-01-16T02:26:45.943Z systemd[1]:  Time has been changed
2026-01-16T02:26:47.179Z systemd[1]:  Starting NTP event...
2026-01-16T02:26:47.192Z systemd[1]:  Started MINIDUMP UPLOAD.
2026-01-16T02:26:48.002Z systemd[1]:  Started NTP event.
2026-01-16T02:26:48.962Z systemd[1]:  Started COREDUMP UPLOAD.
2026-01-16T02:26:53.148Z systemd[1]:  dobby.service: Main process exited, code=dumped, status=6/ABRT
2026-01-16T02:26:53.149Z systemd[1]:  dobby.service: Unit entered failed state.
2026-01-16T02:26:53.149Z systemd[1]:  dobby.service: Failed with result 'core-dump'.
2026-01-16T02:26:53.348Z systemd[1]:  dobby.service: Service hold-off time over, scheduling restart.
2026-01-16T02:26:53.348Z systemd[1]:  Stopped RDK Dobby (Container) daemon.
2026-01-16T02:26:53.351Z systemd[1]:  Starting RDK Dobby (Container) daemon...
2026-01-16T02:26:53.778Z systemd[1]:  Starting Bluetooth Manager Daemon over IARM IPC...
2026-01-16T02:26:54.106Z systemd[1]:  Stopping Network Time Synchronization...
2026-01-16T02:26:54.185Z systemd[1]:  Stopped Network Time Synchronization.
2026-01-16T02:26:54.188Z systemd[1]:  Starting Network Time Synchronization...
2026-01-16T02:26:55.071Z systemd[1]:  Started Network connection status and wifi recovery service.
2026-01-16T02:27:00.426Z systemd[1]:  Started Bluetooth Manager Daemon over IARM IPC.
2026-01-16T02:27:01.482Z systemd[1]:  Stopping Bluetooth Manager Daemon over IARM IPC...
2026-01-16T02:27:02.859Z systemd[1]:  Started Network Time Synchronization.
2026-01-16T02:27:03.071Z systemd[1]:  Starting NTP event...
2026-01-16T02:27:03.643Z systemd[1]:  Started NTP event.
2026-01-16T02:27:04.795Z systemd[1]:  Stopped Bluetooth Manager Daemon over IARM IPC.
2026-01-16T02:27:06.320Z systemd[1]:  Starting Log Rotation Timer Service (R)...
2026-01-16T02:27:06.501Z systemd[1]:  Started Log Rotation Timer Service (R).
2026-01-16T02:27:12.751Z systemd[1]:  Started RDK Dobby (Container) daemon.
2026-01-16T02:30:08.997Z systemd[1]:  Time has been changed
2026-01-16T02:30:09.025Z systemd[1]:  Starting NTP event...
2026-01-16T02:30:10.516Z systemd[1]:  Started NTP event.
2026-01-16T02:30:16.446Z systemd[1]:  Started Network connection status and wifi recovery service.
2026-01-16T02:30:16.967Z systemd[1]:  Stopping Network Time Synchronization...
2026-01-16T02:30:17.000Z systemd[1]:  Stopped Network Time Synchronization.
2026-01-16T02:30:17.026Z systemd[1]:  Starting Network Time Synchronization...
2026-01-16T02:30:17.108Z systemd[1]:  Starting Bluetooth Manager Daemon over IARM IPC...
2026-01-16T02:30:20.876Z systemd[1]:  Started Bluetooth Manager Daemon over IARM IPC.
2026-01-16T02:30:22.745Z systemd[1]:  Started Network Time Synchronization.
2026-01-16T02:30:22.803Z systemd[1]:  Starting NTP event...
2026-01-16T02:30:23.361Z systemd[1]:  Stopping Bluetooth Manager Daemon over IARM IPC...
2026-01-16T02:30:23.384Z systemd[1]:  Started NTP event.
2026-01-16T02:30:25.047Z systemd[1]:  Stopped Bluetooth Manager Daemon over IARM IPC.
2026-01-16T02:30:28.535Z systemd[1]:  Starting Log Rotation Timer Service (R)...
2026-01-16T02:30:28.602Z systemd[1]:  Started Log Rotation Timer Service (R).
2026-01-16T02:33:31.454Z systemd[1]:  Time has been changed
2026-01-16T02:33:31.477Z systemd[1]:  Time has been changed
2026-01-16T02:33:31.600Z systemd[1]:  Starting NTP event...
2026-01-16T02:33:33.494Z systemd[1]:  Started NTP event.
2026-01-16T02:33:39.702Z systemd[1]:  Stopping Network Time Synchronization...
2026-01-16T02:33:39.737Z systemd[1]:  Stopped Network Time Synchronization.
2026-01-16T02:33:39.787Z systemd[1]:  Starting Bluetooth Manager Daemon over IARM IPC...
2026-01-16T02:33:39.792Z systemd[1]:  Starting Network Time Synchronization...
2026-01-16T02:33:43.418Z systemd[1]:  Started Bluetooth Manager Daemon over IARM IPC.
2026-01-16T02:33:44.171Z systemd[1]:  Started Network connection status and wifi recovery service.
2026-01-16T02:33:45.550Z systemd[1]:  Started Network Time Synchronization.
2026-01-16T02:33:45.626Z systemd[1]:  Starting NTP event...
2026-01-16T02:33:46.212Z systemd[1]:  Started NTP event.
2026-01-16T02:33:47.962Z systemd[1]:  Stopping Bluetooth Manager Daemon over IARM IPC...
2026-01-16T02:33:49.700Z systemd[1]:  Stopped Bluetooth Manager Daemon over IARM IPC.
2026-01-16T02:33:56.361Z systemd[1]:  Starting Log Rotation Timer Service (R)...
2026-01-16T02:33:56.431Z systemd[1]:  Started Log Rotation Timer Service (R).
2026-01-16T02:43:36.383Z systemd[1]:  dobby.service: Watchdog timeout (limit 30s)!
2026-01-16T02:43:36.425Z systemd[1]:  Time has been changed
2026-01-16T02:43:36.427Z systemd[1]:  Started MINIDUMP UPLOAD.
2026-01-16T02:43:36.427Z systemd[1]:  Starting NTP event...
2026-01-16T02:43:39.701Z systemd[1]:  Started NTP event.
2026-01-16T02:43:40.232Z systemd[1]:  dobby.service: Main process exited, code=killed, status=6/ABRT
2026-01-16T02:43:40.233Z systemd[1]:  dobby.service: Unit entered failed state.
2026-01-16T02:43:40.233Z systemd[1]:  dobby.service: Failed with result 'signal'.
2026-01-16T02:43:40.442Z systemd[1]:  dobby.service: Service hold-off time over, scheduling restart.
2026-01-16T02:43:40.443Z systemd[1]:  Stopped RDK Dobby (Container) daemon.
2026-01-16T02:43:40.446Z systemd[1]:  Starting RDK Dobby (Container) daemon...
2026-01-16T02:43:41.649Z systemd[1]:  Started RDK Dobby (Container) daemon.
2026-01-16T02:43:43.291Z systemd[1]:  parodus.service: Control process exited, code=exited status=1
2026-01-16T02:43:43.292Z systemd[1]:  parodus.service: Unit entered failed state.
2026-01-16T02:43:43.292Z systemd[1]:  parodus.service: Failed with result 'exit-code'.
2026-01-16T02:43:44.081Z systemd[1]:  Stopping Network Time Synchronization...
2026-01-16T02:43:44.108Z systemd[1]:  Stopped Network Time Synchronization.
2026-01-16T02:43:44.112Z systemd[1]:  Starting Network Time Synchronization...
2026-01-16T02:43:44.452Z systemd[1]:  Starting Bluetooth Manager Daemon over IARM IPC...
2026-01-16T02:43:44.496Z systemd[1]:  Stopping Sky AS Peripherals Service daemon...
2026-01-16T02:43:44.506Z systemd[1]:  Stopped Sky AS Peripherals Service daemon.
2026-01-16T02:43:44.510Z systemd[1]:  Stopped WPE Bluetooth.
2026-01-16T02:43:44.514Z systemd[1]:  Stopped Bluetooth Manager Daemon over IARM IPC.
2026-01-16T02:43:44.517Z systemd[1]:  Stopping Bluetooth service...
2026-01-16T02:43:49.643Z systemd[1]:  Stopped Bluetooth service.
2026-01-16T02:43:50.008Z systemd[1]:  Started Network Time Synchronization.
2026-01-16T02:43:50.110Z systemd[1]:  Starting NTP event...
