2025-12-03T08:39:00.193Z dcmd[3977]:  rdk_dyn_log_initg_dl_socket = 3 __progname = dcmd
2025-12-03T08:39:00.193Z dcmd[3977]:  Conf file /etc/debug.ini open success
2025-12-03T08:39:00.193Z dcmd[3977]:  251203-08:39:00.193571 [mod=DCM, lvl=INFO] [tid=3977] [DCM] main[261]: Starting DCM Process: 3977
2025-12-03T08:39:00.194Z dcmd[3977]:  251203-08:39:00.194576 [mod=DCM, lvl=INFO] [tid=3977] [DCM] main[270]: Exiting the main process
2025-12-03T08:39:00.197Z dcmd[3977]:  251203-08:39:00.196943 [mod=DCM, lvl=INFO] [tid=3981] [DCM] dcmUtilsCheckDaemonStatus[161]: Opening new pid file
2025-12-03T08:39:00.197Z dcmd[3977]:  251203-08:39:00.197461 [mod=DCM, lvl=INFO] [tid=3981] [DCM] dcmSettingGetValueFromFile[99]: Key: RDK_PATH Value: /lib/rdk
2025-12-03T08:39:00.197Z dcmd[3977]:  251203-08:39:00.197688 [mod=DCM, lvl=INFO] [tid=3981] [DCM] dcmSettingGetValueFromFile[99]: Key: ENABLE_MAINTENANCE Value: true
2025-12-03T08:39:00.198Z dcmd[3977]:  251203-08:39:00.198022 [mod=RBUS, lvl=INFO] [tid=3981] rbus open for component: T2TODCM
2025-12-03T08:39:00.202Z dcmd[3977]:  251203-08:39:00.201908 [mod=RBUS, lvl=INFO] [tid=3981]  rbus open (T2TODCM) success
2025-12-03T08:39:00.202Z dcmd[3977]:  251203-08:39:00.202144 [mod=DCM, lvl=INFO] [tid=3981] [DCM] dcmDaemonMainInit[161]: T2 is enabled
2025-12-03T08:39:00.217Z dcmd[3977]:  251203-08:39:00.208854 [mod=DCM, lvl=INFO] [tid=3981] [DCM] dcmRbusGetT2Version[322]: Telemetry 2 Version: "2.0.1"
2025-12-03T08:39:00.217Z dcmd[3977]:  251203-08:39:00.208893 [mod=DCM, lvl=INFO] [tid=3981] [DCM] dcmDaemonMainInit[164]: T2 Version: "2.0.1"
2025-12-03T08:39:00.217Z dcmd[3977]:  251203-08:39:00.209183 [mod=RBUS, lvl=INFO] [tid=3981] Device.DCM.Setconfig 01:00:14.320154
2025-12-03T08:39:00.217Z dcmd[3977]:  251203-08:39:00.209243 [mod=RBUS, lvl=INFO] [tid=3981] Device.DCM.Processconfig 01:00:14.320244
2025-12-03T08:39:00.217Z dcmd[3977]:  251203-08:39:00.209294 [mod=RBUS, lvl=INFO] [tid=3981] file /tmp/rbus_subs_T2TODCM
2025-12-03T08:39:00.217Z dcmd[3977]:  251203-08:39:00.209344 [mod=RBUS, lvl=ERROR] [tid=3981] failed to open file /tmp/rbus_subs_T2TODCM
2025-12-03T08:39:00.218Z dcmd[3977]:  251203-08:39:00.209364 [mod=RBUS, lvl=WARN] [tid=3981] removing corrupted file /tmp/rbus_subs_T2TODCM
2025-12-03T08:39:00.218Z dcmd[3977]:  251203-08:39:00.209397 [mod=RBUS, lvl=ERROR] [tid=3981] failed to remove /tmp/rbus_subs_T2TODCM
2025-12-03T08:39:00.218Z dcmd[3977]:  251203-08:39:00.209890 [mod=DCM, lvl=INFO] [tid=3981] [DCM] main[307]: Loading the Default config
2025-12-03T08:39:00.218Z dcmd[3977]:  251203-08:39:00.209980 [mod=DCM, lvl=INFO] [tid=3981] [DCM] dcmSettingDefaultBoot[717]: Fetching the Default Boot config from /opt/.t2persistentfolder/DCMresponse.txt
2025-12-03T08:39:00.230Z dcmd[3977]:  251203-08:39:00.229993 [mod=RBUS, lvl=INFO] [tid=3991] item=01:00:14.320154
2025-12-03T08:39:00.230Z dcmd[3977]:  251203-08:39:00.230049 [mod=RBUS, lvl=INFO] [tid=3991] item=01:00:14.320244
2025-12-03T08:39:00.230Z dcmd[3977]:  251203-08:39:00.230072 [mod=RBUS, lvl=INFO] [tid=3991] subs past due
2025-12-03T08:39:00.230Z dcmd[3977]:  251203-08:39:00.230108 [mod=RBUS, lvl=INFO] [tid=3991] Device.DCM.Setconfig subscribing
2025-12-03T08:39:00.230Z dcmd[3977]:  251203-08:39:00.230464 [mod=RBUS, lvl=INFO] [tid=3991] Device.DCM.Setconfig no provider. retry in 1000 ms with 599979 left
2025-12-03T08:39:00.230Z dcmd[3977]:  251203-08:39:00.230498 [mod=RBUS, lvl=INFO] [tid=3991] Device.DCM.Processconfig subscribing
2025-12-03T08:39:00.230Z dcmd[3977]:  251203-08:39:00.230743 [mod=RBUS, lvl=INFO] [tid=3991] Device.DCM.Processconfig no provider. retry in 1000 ms with 599979 left
2025-12-03T08:39:00.230Z dcmd[3977]:  251203-08:39:00.230832 [mod=RBUS, lvl=INFO] [tid=3991] item=01:00:15.341467
2025-12-03T08:39:00.231Z dcmd[3977]:  251203-08:39:00.230870 [mod=RBUS, lvl=INFO] [tid=3991] item=01:00:15.341756
2025-12-03T08:39:00.231Z dcmd[3977]:  251203-08:39:00.230914 [mod=RBUS, lvl=INFO] [tid=3991] subs due in 999 miliseconds nextSendTime=01:00:15.341467
2025-12-03T08:39:00.735Z dcmd[3977]:  251203-08:39:00.735379 [mod=RBUS, lvl=INFO] [tid=3984] Consumer=rbus.telemetry2_0.INBOX.4138 SUBSCRIBED to event=Device.X_RDKCENTREL-COM.Reloadconfig
2025-12-03T08:39:00.735Z dcmd[3977]:  251203-08:39:00.735439 [mod=DCM, lvl=INFO] [tid=3984] [DCM] rbusSendEventCB[161]: rbusSendEvent event registered Device.X_RDKCENTREL-COM.Reloadconfig
2025-12-03T08:39:01.231Z dcmd[3977]:  251203-08:39:01.230959 [mod=RBUS, lvl=INFO] [tid=3991] item=01:00:15.341467
2025-12-03T08:39:01.231Z dcmd[3977]:  251203-08:39:01.231024 [mod=RBUS, lvl=INFO] [tid=3991] item=01:00:15.341756
2025-12-03T08:39:01.231Z dcmd[3977]:  251203-08:39:01.231047 [mod=RBUS, lvl=INFO] [tid=3991] subs past due
2025-12-03T08:39:01.231Z dcmd[3977]:  251203-08:39:01.231080 [mod=RBUS, lvl=INFO] [tid=3991] Device.DCM.Setconfig subscribing
2025-12-03T08:39:01.235Z dcmd[3977]:  251203-08:39:01.232480 [mod=RBUS, lvl=INFO] [tid=3991] Device.DCM.Setconfig subscribe retries succeeded
2025-12-03T08:39:01.235Z dcmd[3977]:  251203-08:39:01.232516 [mod=DCM, lvl=INFO] [tid=3991] [DCM] rbusAsyncSubCB[204]: Subscription Device.DCM.Setconfig event Success
2025-12-03T08:39:01.235Z dcmd[3977]:  251203-08:39:01.232551 [mod=RBUS, lvl=INFO] [tid=3991] Device.DCM.Processconfig subscribing
2025-12-03T08:39:01.236Z dcmd[3977]:  251203-08:39:01.233719 [mod=RBUS, lvl=INFO] [tid=3991] Device.DCM.Processconfig subscribe retries succeeded
2025-12-03T08:39:01.236Z dcmd[3977]:  251203-08:39:01.233761 [mod=DCM, lvl=INFO] [tid=3991] [DCM] rbusAsyncSubCB[204]: Subscription Device.DCM.Processconfig event Success
2025-12-03T08:39:01.537Z dcmd[3977]:  251203-08:39:01.537109 [mod=DCM, lvl=INFO] [tid=3981] [DCM] main[326]: Telemetry Events subscriptions is success
2025-12-03T08:39:01.538Z dcmd[3977]:  251203-08:39:01.537190 [mod=DCM, lvl=INFO] [tid=3981] [DCM] dcmRbusSendEvent[227]: dcmRbusSendEvent ++in
2025-12-03T08:39:01.538Z dcmd[3977]:  251203-08:39:01.537575 [mod=DCM, lvl=INFO] [tid=3981] [DCM] dcmRbusSendEvent[266]: dcmRbusSendEvent --out
2025-12-03T08:39:01.538Z dcmd[3977]:  251203-08:39:01.538084 [mod=DCM, lvl=INFO] [tid=3981] [DCM] main[333]: Sent Event to telemetry for configuraion path
2026-01-16T02:35:20.938Z : /lib/rdk/Start_MaintenanceTasks.sh: Starting log upload
2026-01-16T02:35:21.357Z : /lib/rdk/Start_MaintenanceTasks.sh: upload_protocol: HTTP
2026-01-16T02:35:21.723Z : /lib/rdk/Start_MaintenanceTasks.sh: upload_httplink: https://ssr.xdp.eu-1.xcal.tv/cgi-bin/sky-S3.cgi
2026-01-16T02:35:22.003Z : /lib/rdk/Start_MaintenanceTasks.sh: The value of 'UploadOnReboot' is 'true', executing script uploadSTBLogs.sh
2026-01-16T02:35:22.221Z : /lib/rdk/Start_MaintenanceTasks.sh: Log upload triggered from regular execution
2026-01-16T02:35:23.779Z : /lib/rdk/uploadSTBLogs.sh: Called with 3 attempts
2026-01-16T02:35:23.925Z : /lib/rdk/uploadSTBLogs.sh: USAGE: /lib/rdk/uploadSTBLogs.sh <TFTP Server IP> <Flag (STB delay or not)> <SCP_SERVER> <UploadOnReboot> <UploadProtocol> <UploadHttpLink> <RRD_FLAG> <RRD_UPLOADLOG_FILE>
2026-01-16T02:35:25.527Z : /lib/rdk/uploadSTBLogs.sh: Check Codebig flag,,,
2026-01-16T02:35:25.740Z : /lib/rdk/uploadSTBLogs.sh: Build Type: prod Log file: D452EE59E3E7_Logs_01-16-26-02-35AM.tgz UploadProtocol: HTTP UploadHttpLink: https://ssr.xdp.eu-1.xcal.tv/cgi-bin/sky-S3.cgi
2026-01-16T02:35:26.209Z : /lib/rdk/uploadSTBLogs.sh: upload_flag = true
2026-01-16T02:35:26.342Z : /lib/rdk/uploadSTBLogs.sh: DCM log Folder does not exist . Creating now
2026-01-16T02:35:26.897Z : /lib/rdk/uploadSTBLogs.sh: [INFO] : getPrivacyControlMode : Entering
2026-01-16T02:35:27.034Z : /lib/rdk/uploadSTBLogs.sh: [WARN] : getPrivacyControlMode : WPEFrameworkSecurityUtility failed to get token; status = 127
2026-01-16T02:35:27.278Z : /lib/rdk/uploadSTBLogs.sh: [WARN] : getPrivacyControlMode : WPEFrameworkSecurityUtility Token is empty
2026-01-16T02:35:27.551Z : /lib/rdk/uploadSTBLogs.sh: [INFO] : getPrivacyControlMode : END : 2.0
2026-01-16T02:35:27.691Z : /lib/rdk/uploadSTBLogs.sh: UploadOnReboot set to true
2026-01-16T02:35:27.819Z : /lib/rdk/uploadSTBLogs.sh: Sleeping for seven minutes
2026-01-16T02:35:50.419Z dcmd[3977]:  260116-02:35:50.419476 [mod=DCM, lvl=INFO] [tid=3984] [DCM] rbusSetConf[92]: configPath: /opt/.t2persistentfolder/DCMresponse.txt
2026-01-16T02:35:50.420Z dcmd[3977]:  260116-02:35:50.419554 [mod=DCM, lvl=INFO] [tid=3984] [DCM] rbusSetConf[95]: Recieved eventName: Device.DCM.Setconfig, Event type: 3, Event Name: Device.DCM.Setconfig
2026-01-16T02:35:50.420Z dcmd[3977]:  260116-02:35:50.419648 [mod=DCM, lvl=INFO] [tid=3984] [DCM] rbusProcConf[131]: Recieved eventName: Device.DCM.Processconfig, Event type: 3, Event Name: Device.DCM.Processconfig
2026-01-16T02:35:51.223Z : /lib/rdk/uploadSTBLogs.sh: Called with 3 attempts
2026-01-16T02:35:51.250Z : /lib/rdk/uploadSTBLogs.sh: USAGE: /lib/rdk/uploadSTBLogs.sh <TFTP Server IP> <Flag (STB delay or not)> <SCP_SERVER> <UploadOnReboot> <UploadProtocol> <UploadHttpLink> <RRD_FLAG> <RRD_UPLOADLOG_FILE>
2026-01-16T02:35:50.995Z dcmd[3977]:  260116-02:35:50.995777 [mod=DCM, lvl=INFO] [tid=3981] [DCM] main[341]: Start Scheduling
2026-01-16T02:35:50.996Z dcmd[3977]:  260116-02:35:50.996052 [mod=DCM, lvl=INFO] [tid=3981] [DCM] dcmSettingParseConf[487]: Log Upload protocol: HTTP
2026-01-16T02:35:50.996Z dcmd[3977]:  260116-02:35:50.996103 [mod=DCM, lvl=INFO] [tid=3981] [DCM] dcmSettingParseConf[496]: Log Upload URL: https://ssr.xdp.eu-1.xcal.tv/cgi-bin/sky-S3.cgi
2026-01-16T02:35:50.996Z dcmd[3977]:  260116-02:35:50.996143 [mod=DCM, lvl=INFO] [tid=3981] [DCM] dcmSettingParseConf[505]: TimeZone : Local time
2026-01-16T02:35:50.996Z dcmd[3977]:  260116-02:35:50.996184 [mod=DCM, lvl=INFO] [tid=3981] [DCM] dcmSettingParseConf[510]: DCM_LOGUPLOAD_REBOOT: 1
2026-01-16T02:35:50.996Z dcmd[3977]:  260116-02:35:50.996227 [mod=DCM, lvl=INFO] [tid=3981] [DCM] dcmSettingParseConf[518]: DCM_LOGUPLOAD_CRON: 2 -3 * * *
2026-01-16T02:35:50.996Z dcmd[3977]:  260116-02:35:50.996264 [mod=DCM, lvl=INFO] [tid=3981] [DCM] dcmSettingParseConf[526]: DCM_DIFD_CRON: 32 2 * * *
2026-01-16T02:35:51.004Z dcmd[3977]:  260116-02:35:51.004753 [mod=DCM, lvl=INFO] [tid=3981] [DCM] dcmSettingParseConf[550]: urn:settings:LogUploadSettings:UploadSchedule:cron is present setting cron jobs
2026-01-16T02:35:51.215Z dcmd[3977]:  260116-02:35:51.215321 [mod=DCM, lvl=WARN] [tid=3981] [DCM] dcmSchedStartJob[126]: Failed to parse log upload cron: 2 -3 * * *
2026-01-16T02:35:51.292Z : /lib/rdk/uploadSTBLogs.sh: Another instance of this app /lib/rdk/uploadSTBLogs.sh is already running (flock lock held)..!
2026-01-16T02:35:51.307Z : /lib/rdk/uploadSTBLogs.sh: Exiting without starting the /lib/rdk/uploadSTBLogs.sh..!
2026-01-16T02:35:51.320Z IARM_event_send[8262]:  IARM_event_sender  Entering 8262

2026-01-16T02:35:51.320Z IARM_event_send[8262]:  >>>>> Send IARM_BUS_NAME EVENT current Event Name =MaintenanceMGR,evenstatus=16
2026-01-16T02:35:51.340Z IARM_event_send[8262]:  >>>>> Generate IARM_BUS_NAME EVENT current Event Name =MaintenanceMGR,eventstatus=16
2026-01-16T02:35:51.340Z IARM_event_send[8262]:  >>>>> Identified MaintenanceMGR
2026-01-16T02:35:51.340Z IARM_event_send[8262]:  >>>>> IARM SUCCESS  Event  = 16
2026-01-16T02:35:51.848Z IARM_event_send[8262]:  IARM_event_sender closing 

Retrieving CPU instantaneous information for telemetry support
Retrieving virtual memory information for telemetry support
Retrieving CPU Temperature for telemetry support
2026-01-16T02:40:57.976Z : /lib/rdk/uploadSTBLogs.sh: Done sleeping
/lib/rdk/uploadSTBLogs.sh: line 205: [: too many arguments
2026-01-16T02:41:08.213Z : /lib/rdk/uploadSTBLogs.sh: reboot_reason: "reason":"MAINTENANCE_REBOOT",
"customReason":"MAINTENANCE_REBOOT",
"otherReason":"MAINTENANCE_REBOOT" , uploadLog:true and UploadLogsOnUnscheduledReboot.Disable RFC: false
2026-01-16T02:41:08.310Z : /lib/rdk/uploadSTBLogs.sh: Uploading Logs with DCM
01-16-26-02-40AM-CapDebug.txt
01-16-26-02-40AM-ConnectionStats.txt
01-16-26-02-40AM-NMMonitor.log
01-16-26-02-40AM-NetworkManager.log
01-16-26-02-40AM-access.log
01-16-26-02-40AM-audiocapturemgr.log
01-16-26-02-40AM-bluez.log
01-16-26-02-40AM-boottypescript.log
01-16-26-02-40AM-btmgrlog.txt
01-16-26-02-40AM-caupdate.log
01-16-26-02-40AM-certinfo.txt
01-16-26-02-40AM-core_log.txt
01-16-26-02-40AM-crun.log
01-16-26-02-40AM-ctrlm_log.txt
01-16-26-02-40AM-dcmscript.log
01-16-26-02-40AM-device-uid.log
01-16-26-02-40AM-device_details.log
01-16-26-02-40AM-disk_cleanup.log
01-16-26-02-40AM-dnsmasq.log
01-16-26-02-40AM-dropbear.log
01-16-26-02-40AM-ecfs.txt
01-16-26-02-40AM-fog.log
01-16-26-02-40AM-gst-cleanup.log
01-16-26-02-40AM-hdcp.log
01-16-26-02-40AM-ipSetupLogs.txt
01-16-26-02-40AM-iptables.log
01-16-26-02-40AM-libcertifier.log
01-16-26-02-40AM-lighttpd.error.log
01-16-26-02-40AM-logrotate.log
01-16-26-02-40AM-lxy.txt
01-16-26-02-40AM-maintenance.log
01-16-26-02-40AM-mediarite.log
01-16-26-02-40AM-memcapture.log
01-16-26-02-40AM-messages.txt
01-16-26-02-40AM-mount_log.txt
01-16-26-02-40AM-nfrtool.log
01-16-26-02-40AM-ntp.log
01-16-26-02-40AM-parodus.log
01-16-26-02-40AM-perfmonstatus.log
01-16-26-02-40AM-rdk_milestones.log
01-16-26-02-40AM-rdkconfig.txt
01-16-26-02-40AM-rdkssa.txt
01-16-26-02-40AM-rdm_status.log
01-16-26-02-40AM-rebootInfo.log
01-16-26-02-40AM-rebootreason.log
01-16-26-02-40AM-remote-debugger.log
01-16-26-02-40AM-rfcscript.log
01-16-26-02-40AM-ripple.log
01-16-26-02-40AM-routerInfo.log
01-16-26-02-40AM-rtk_afw_license_check.log
01-16-26-02-40AM-rtk_fw.log
01-16-26-02-40AM-rtk_service.log
01-16-26-02-40AM-rtrouted.log
01-16-26-02-40AM-sky-messages.log
01-16-26-02-40AM-skyversion.txt
01-16-26-02-40AM-sslendpoints.log
01-16-26-02-40AM-startup_stdout_log.txt
01-16-26-02-40AM-storagemgr.log
01-16-26-02-40AM-sw_mirroring.log
01-16-26-02-40AM-swupdate.log
01-16-26-02-40AM-syslog_fallback.log
01-16-26-02-40AM-system.log
01-16-26-02-40AM-systimemgr.log
01-16-26-02-40AM-telemetry2_0.txt.0
01-16-26-02-40AM-testagent_loader.log
01-16-26-02-40AM-top_log.txt
01-16-26-02-40AM-tr69hostif.log
01-16-26-02-40AM-uimgr_log.txt
01-16-26-02-40AM-version.txt
01-16-26-02-40AM-webconfig.log
01-16-26-02-40AM-wpa_supplicant.log
01-16-26-02-40AM-wpeframework.log
01-16-26-02-40AM-xpkicertsupdate.log
01-16-26-02-40AM-zram.log
last_reboot
2026-01-16T02:42:09.328Z : /lib/rdk/uploadSTBLogs.sh: RFC_EncryptCloudUpload_Enable:
2026-01-16T02:42:09.439Z : /lib/rdk/uploadSTBLogs.sh: HttpLogUpload: Codebig is disabled UseCodebig=0
2026-01-16T02:42:09.543Z : /lib/rdk/uploadSTBLogs.sh: HttpLogUpload: Attempting direct log upload
2026-01-16T02:42:09.651Z : /lib/rdk/uploadSTBLogs.sh: RFC_EncryptCloudUpload_Enable:
2026-01-16T02:42:09.754Z : /lib/rdk/uploadSTBLogs.sh: MTLS defaulted
2026-01-16T02:42:09.864Z : /lib/rdk/uploadSTBLogs.sh: Connect with mTLS certificate from xPKI
2026-01-16T02:42:09.965Z : /lib/rdk/uploadSTBLogs.sh: Device operational cert2 not supported for SKXI11ADS
2026-01-16T02:42:10.233Z : /lib/rdk/uploadSTBLogs.sh: CURL_CMD: /usr/bin/curl --cert-type P12 --cert /opt/certs/devicecert_1.pk12<hidden key> -w '%{http_code} %{remote_ip} %{remote_port}\n' -d "filename=D452EE59E3E7_Logs_01-16-26-02-35AM.tgz"  -o "/tmp/httpresult.txt" "https://ssr.xdp.eu-1.xcal.tv/cgi-bin/sky-S3.cgi" --connect-timeout 30 -m 10
2026-01-16T02:42:11.562Z : /lib/rdk/uploadSTBLogs.sh: Curl Connected to ssr.xdp.eu-1.xcal.tv (184.120.27.240) port 443
2026-01-16T02:42:11.665Z : /lib/rdk/uploadSTBLogs.sh: Connect with mTLS certificate from xPKI Curl return code: 0, http code: 200
2026-01-16T02:42:11.809Z : /lib/rdk/uploadSTBLogs.sh: HttpLogUpload: Direct log upload Success: httpcode=200
2026-01-16T02:42:11.929Z : /lib/rdk/uploadSTBLogs.sh: S3 upload query success. Got new S3 url to upload log
2026-01-16T02:42:12.097Z : /lib/rdk/uploadSTBLogs.sh: Attempting --tlsv1.2 connection for Uploading Logs to S3 Amazon server
2026-01-16T02:42:12.231Z : /lib/rdk/uploadSTBLogs.sh: CURL_CMD: curl --tlsv1.2 -w '%{http_code} %{remote_ip} %{remote_port}\n' -T "D452EE59E3E7_Logs_01-16-26-02-35AM.tgz" -o "/tmp/httpresult.txt" "https://rdk-sky-it.s3.dualstack.eu-west-1.amazonaws.com/stblogs/unencrypted/2026/1/16/2/D452EE59E3E7_Logs_01-16-26-02-35AM.tgz?X-Amz-Algorithm=AWS4-HMAC-SHA256&X-Amz-Credential=AKIAZUIKWRPZFXPVQJLS%2F20260116%2Feu-west-1%2Fs3%2Faws4_request&X-Amz-Date=20260116T024211Z&X-Amz-Expires=600&X-Amz-SignedHeaders=host&X-Amz-Signature=4d03e999780d12f3d3f8ce9e693909c4c071a1e424a82fada9d54d95dcf38978"" --connect-timeout 60 -m 120 -v
2026-01-16T02:42:16.231Z : /lib/rdk/uploadSTBLogs.sh: Curl Connected to rdk-sky-it.s3.dualstack.eu-west-1.amazonaws.com (52.92.32.218) port 443
2026-01-16T02:42:16.335Z : /lib/rdk/uploadSTBLogs.sh: Curl return code: 0, http code: 200
2026-01-16T02:42:26.966Z : /lib/rdk/uploadSTBLogs.sh: Deleting from Previous Logs  Folder 
2026-01-16T02:42:28.272Z : /lib/rdk/Start_MaintenanceTasks.sh: Log Upload Task execution done
Retrieving CPU instantaneous information for telemetry support
Retrieving virtual memory information for telemetry support
Retrieving CPU Temperature for telemetry support
