1970-01-01T00:00:09Z : (../../lighttpd-1.4.53/src/server.c.1470) server started (lighttpd/1.4.53) 
1970-01-01T00:00:23Z : (../../lighttpd-1.4.53/src/response.c.429) -- splitting Request-URI 
1970-01-01T00:00:23Z : (../../lighttpd-1.4.53/src/response.c.430) Request-URI     :  /authService/getDeviceId 
1970-01-01T00:00:23Z : (../../lighttpd-1.4.53/src/response.c.431) URI-scheme      :  http 
1970-01-01T00:00:23Z : (../../lighttpd-1.4.53/src/response.c.432) URI-authority   :  127.0.0.1:50050 
1970-01-01T00:00:23Z : (../../lighttpd-1.4.53/src/response.c.433) URI-path (raw)  :  /authService/getDeviceId 
1970-01-01T00:00:23Z : (../../lighttpd-1.4.53/src/response.c.434) URI-path (clean):  /authService/getDeviceId 
1970-01-01T00:00:23Z : (../../lighttpd-1.4.53/src/response.c.435) URI-query       :   
1970-01-01T00:00:23Z : (../../lighttpd-1.4.53/src/mod_access.c.177) -- mod_access_uri_handler called 
1970-01-01T00:00:23Z : (../../lighttpd-1.4.53/src/response.c.580) -- before doc_root 
1970-01-01T00:00:23Z : (../../lighttpd-1.4.53/src/response.c.581) Doc-Root     : /opt/www/ 
1970-01-01T00:00:23Z : (../../lighttpd-1.4.53/src/response.c.582) Rel-Path     : /authService/getDeviceId 
1970-01-01T00:00:23Z : (../../lighttpd-1.4.53/src/response.c.583) Path         :  
1970-01-01T00:00:23Z : (../../lighttpd-1.4.53/src/response.c.625) -- after doc_root 
1970-01-01T00:00:23Z : (../../lighttpd-1.4.53/src/response.c.626) Doc-Root     : /opt/www/ 
1970-01-01T00:00:23Z : (../../lighttpd-1.4.53/src/response.c.627) Rel-Path     : /authService/getDeviceId 
1970-01-01T00:00:23Z : (../../lighttpd-1.4.53/src/response.c.628) Path         : /opt/www/authService/getDeviceId 
1970-01-01T00:00:23Z : (../../lighttpd-1.4.53/src/response.c.652) -- logical -> physical 
1970-01-01T00:00:23Z : (../../lighttpd-1.4.53/src/response.c.653) Doc-Root     : /opt/www/ 
1970-01-01T00:00:23Z : (../../lighttpd-1.4.53/src/response.c.654) Basedir      : /opt/www/ 
1970-01-01T00:00:23Z : (../../lighttpd-1.4.53/src/response.c.655) Rel-Path     : /authService/getDeviceId 
1970-01-01T00:00:23Z : (../../lighttpd-1.4.53/src/response.c.656) Path         : /opt/www/authService/getDeviceId 
1970-01-01T00:00:23Z : (../../lighttpd-1.4.53/src/response.c.668) -- handling physical path 
1970-01-01T00:00:23Z : (../../lighttpd-1.4.53/src/response.c.669) Path         : /opt/www/authService/getDeviceId 
1970-01-01T00:00:23Z : (../../lighttpd-1.4.53/src/response.c.144) -- file not found 
1970-01-01T00:00:23Z : (../../lighttpd-1.4.53/src/response.c.145) Path         : /opt/www/authService/getDeviceId 
1970-01-01T00:00:41Z : (../../lighttpd-1.4.53/src/response.c.429) -- splitting Request-URI 
1970-01-01T00:00:41Z : (../../lighttpd-1.4.53/src/response.c.430) Request-URI     :  /whirlpool_jspp/index.html 
1970-01-01T00:00:41Z : (../../lighttpd-1.4.53/src/response.c.431) URI-scheme      :  http 
1970-01-01T00:00:41Z : (../../lighttpd-1.4.53/src/response.c.432) URI-authority   :  localhost:50050 
1970-01-01T00:00:41Z : (../../lighttpd-1.4.53/src/response.c.433) URI-path (raw)  :  /whirlpool_jspp/index.html 
1970-01-01T00:00:41Z : (../../lighttpd-1.4.53/src/response.c.434) URI-path (clean):  /whirlpool_jspp/index.html 
1970-01-01T00:00:41Z : (../../lighttpd-1.4.53/src/response.c.435) URI-query       :   
1970-01-01T00:00:41Z : (../../lighttpd-1.4.53/src/mod_access.c.177) -- mod_access_uri_handler called 
1970-01-01T00:00:41Z : (../../lighttpd-1.4.53/src/response.c.580) -- before doc_root 
1970-01-01T00:00:41Z : (../../lighttpd-1.4.53/src/response.c.581) Doc-Root     : /opt/www/ 
1970-01-01T00:00:41Z : (../../lighttpd-1.4.53/src/response.c.582) Rel-Path     : /whirlpool_jspp/index.html 
1970-01-01T00:00:41Z : (../../lighttpd-1.4.53/src/response.c.583) Path         :  
1970-01-01T00:00:41Z : (../../lighttpd-1.4.53/src/response.c.625) -- after doc_root 
1970-01-01T00:00:41Z : (../../lighttpd-1.4.53/src/response.c.626) Doc-Root     : /opt/www/ 
1970-01-01T00:00:41Z : (../../lighttpd-1.4.53/src/response.c.627) Rel-Path     : /whirlpool_jspp/index.html 
1970-01-01T00:00:41Z : (../../lighttpd-1.4.53/src/response.c.628) Path         : /opt/www/whirlpool_jspp/index.html 
1970-01-01T00:00:41Z : (../../lighttpd-1.4.53/src/response.c.652) -- logical -> physical 
1970-01-01T00:00:41Z : (../../lighttpd-1.4.53/src/response.c.653) Doc-Root     : /opt/www/ 
1970-01-01T00:00:41Z : (../../lighttpd-1.4.53/src/response.c.654) Basedir      : /opt/www/ 
1970-01-01T00:00:41Z : (../../lighttpd-1.4.53/src/response.c.655) Rel-Path     : /whirlpool_jspp/index.html 
1970-01-01T00:00:41Z : (../../lighttpd-1.4.53/src/response.c.656) Path         : /opt/www/whirlpool_jspp/index.html 
1970-01-01T00:00:41Z : (../../lighttpd-1.4.53/src/response.c.668) -- handling physical path 
1970-01-01T00:00:41Z : (../../lighttpd-1.4.53/src/response.c.669) Path         : /opt/www/whirlpool_jspp/index.html 
1970-01-01T00:00:41Z : (../../lighttpd-1.4.53/src/response.c.676) -- handling subrequest 
1970-01-01T00:00:41Z : (../../lighttpd-1.4.53/src/response.c.677) Path         : /opt/www/whirlpool_jspp/index.html 
1970-01-01T00:00:41Z : (../../lighttpd-1.4.53/src/response.c.678) URI          : /whirlpool_jspp/index.html 
1970-01-01T00:00:41Z : (../../lighttpd-1.4.53/src/response.c.679) Pathinfo     :  
1970-01-01T00:00:41Z : (../../lighttpd-1.4.53/src/mod_access.c.177) -- mod_access_uri_handler called 
1970-01-01T00:00:41Z : (../../lighttpd-1.4.53/src/mod_staticfile.c.197) -- handling file as static file 
1970-01-01T00:00:41Z : (../../lighttpd-1.4.53/src/response.c.686) -- subrequest finished 
1970-01-01T00:00:41Z : (../../lighttpd-1.4.53/src/response.c.429) -- splitting Request-URI 
1970-01-01T00:00:41Z : (../../lighttpd-1.4.53/src/response.c.430) Request-URI     :  /whirlpool_jspp/index.js 
1970-01-01T00:00:41Z : (../../lighttpd-1.4.53/src/response.c.431) URI-scheme      :  http 
1970-01-01T00:00:41Z : (../../lighttpd-1.4.53/src/response.c.432) URI-authority   :  localhost:50050 
1970-01-01T00:00:41Z : (../../lighttpd-1.4.53/src/response.c.433) URI-path (raw)  :  /whirlpool_jspp/index.js 
1970-01-01T00:00:41Z : (../../lighttpd-1.4.53/src/response.c.434) URI-path (clean):  /whirlpool_jspp/index.js 
1970-01-01T00:00:41Z : (../../lighttpd-1.4.53/src/response.c.435) URI-query       :   
1970-01-01T00:00:41Z : (../../lighttpd-1.4.53/src/mod_access.c.177) -- mod_access_uri_handler called 
1970-01-01T00:00:41Z : (../../lighttpd-1.4.53/src/response.c.580) -- before doc_root 
1970-01-01T00:00:41Z : (../../lighttpd-1.4.53/src/response.c.581) Doc-Root     : /opt/www/ 
1970-01-01T00:00:41Z : (../../lighttpd-1.4.53/src/response.c.582) Rel-Path     : /whirlpool_jspp/index.js 
1970-01-01T00:00:41Z : (../../lighttpd-1.4.53/src/response.c.583) Path         :  
1970-01-01T00:00:41Z : (../../lighttpd-1.4.53/src/response.c.625) -- after doc_root 
1970-01-01T00:00:41Z : (../../lighttpd-1.4.53/src/response.c.626) Doc-Root     : /opt/www/ 
1970-01-01T00:00:41Z : (../../lighttpd-1.4.53/src/response.c.627) Rel-Path     : /whirlpool_jspp/index.js 
1970-01-01T00:00:41Z : (../../lighttpd-1.4.53/src/response.c.628) Path         : /opt/www/whirlpool_jspp/index.js 
1970-01-01T00:00:41Z : (../../lighttpd-1.4.53/src/response.c.652) -- logical -> physical 
1970-01-01T00:00:41Z : (../../lighttpd-1.4.53/src/response.c.653) Doc-Root     : /opt/www/ 
1970-01-01T00:00:41Z : (../../lighttpd-1.4.53/src/response.c.654) Basedir      : /opt/www/ 
1970-01-01T00:00:41Z : (../../lighttpd-1.4.53/src/response.c.655) Rel-Path     : /whirlpool_jspp/index.js 
1970-01-01T00:00:41Z : (../../lighttpd-1.4.53/src/response.c.656) Path         : /opt/www/whirlpool_jspp/index.js 
1970-01-01T00:00:41Z : (../../lighttpd-1.4.53/src/response.c.668) -- handling physical path 
1970-01-01T00:00:41Z : (../../lighttpd-1.4.53/src/response.c.669) Path         : /opt/www/whirlpool_jspp/index.js 
1970-01-01T00:00:41Z : (../../lighttpd-1.4.53/src/response.c.676) -- handling subrequest 
1970-01-01T00:00:41Z : (../../lighttpd-1.4.53/src/response.c.677) Path         : /opt/www/whirlpool_jspp/index.js 
1970-01-01T00:00:41Z : (../../lighttpd-1.4.53/src/response.c.678) URI          : /whirlpool_jspp/index.js 
1970-01-01T00:00:41Z : (../../lighttpd-1.4.53/src/response.c.679) Pathinfo     :  
1970-01-01T00:00:41Z : (../../lighttpd-1.4.53/src/mod_access.c.177) -- mod_access_uri_handler called 
1970-01-01T00:00:41Z : (../../lighttpd-1.4.53/src/mod_staticfile.c.197) -- handling file as static file 
1970-01-01T00:00:41Z : (../../lighttpd-1.4.53/src/response.c.686) -- subrequest finished 
1970-01-01T00:00:43Z : (../../lighttpd-1.4.53/src/response.c.429) -- splitting Request-URI 
1970-01-01T00:00:43Z : (../../lighttpd-1.4.53/src/response.c.430) Request-URI     :  /whirlpool_jspp/lib/js/PlayerPlatformAPI.js 
1970-01-01T00:00:43Z : (../../lighttpd-1.4.53/src/response.c.431) URI-scheme      :  http 
1970-01-01T00:00:43Z : (../../lighttpd-1.4.53/src/response.c.432) URI-authority   :  localhost:50050 
1970-01-01T00:00:43Z : (../../lighttpd-1.4.53/src/response.c.433) URI-path (raw)  :  /whirlpool_jspp/lib/js/PlayerPlatformAPI.js 
1970-01-01T00:00:43Z : (../../lighttpd-1.4.53/src/response.c.434) URI-path (clean):  /whirlpool_jspp/lib/js/PlayerPlatformAPI.js 
1970-01-01T00:00:43Z : (../../lighttpd-1.4.53/src/response.c.435) URI-query       :   
1970-01-01T00:00:43Z : (../../lighttpd-1.4.53/src/mod_access.c.177) -- mod_access_uri_handler called 
1970-01-01T00:00:43Z : (../../lighttpd-1.4.53/src/response.c.580) -- before doc_root 
1970-01-01T00:00:43Z : (../../lighttpd-1.4.53/src/response.c.581) Doc-Root     : /opt/www/ 
1970-01-01T00:00:43Z : (../../lighttpd-1.4.53/src/response.c.582) Rel-Path     : /whirlpool_jspp/lib/js/PlayerPlatformAPI.js 
1970-01-01T00:00:43Z : (../../lighttpd-1.4.53/src/response.c.583) Path         :  
1970-01-01T00:00:43Z : (../../lighttpd-1.4.53/src/response.c.625) -- after doc_root 
1970-01-01T00:00:43Z : (../../lighttpd-1.4.53/src/response.c.626) Doc-Root     : /opt/www/ 
1970-01-01T00:00:43Z : (../../lighttpd-1.4.53/src/response.c.627) Rel-Path     : /whirlpool_jspp/lib/js/PlayerPlatformAPI.js 
1970-01-01T00:00:43Z : (../../lighttpd-1.4.53/src/response.c.628) Path         : /opt/www/whirlpool_jspp/lib/js/PlayerPlatformAPI.js 
1970-01-01T00:00:43Z : (../../lighttpd-1.4.53/src/response.c.652) -- logical -> physical 
1970-01-01T00:00:43Z : (../../lighttpd-1.4.53/src/response.c.653) Doc-Root     : /opt/www/ 
1970-01-01T00:00:43Z : (../../lighttpd-1.4.53/src/response.c.654) Basedir      : /opt/www/ 
1970-01-01T00:00:43Z : (../../lighttpd-1.4.53/src/response.c.655) Rel-Path     : /whirlpool_jspp/lib/js/PlayerPlatformAPI.js 
1970-01-01T00:00:43Z : (../../lighttpd-1.4.53/src/response.c.656) Path         : /opt/www/whirlpool_jspp/lib/js/PlayerPlatformAPI.js 
1970-01-01T00:00:43Z : (../../lighttpd-1.4.53/src/response.c.668) -- handling physical path 
1970-01-01T00:00:43Z : (../../lighttpd-1.4.53/src/response.c.669) Path         : /opt/www/whirlpool_jspp/lib/js/PlayerPlatformAPI.js 
1970-01-01T00:00:43Z : (../../lighttpd-1.4.53/src/response.c.676) -- handling subrequest 
1970-01-01T00:00:43Z : (../../lighttpd-1.4.53/src/response.c.677) Path         : /opt/www/whirlpool_jspp/lib/js/PlayerPlatformAPI.js 
1970-01-01T00:00:43Z : (../../lighttpd-1.4.53/src/response.c.678) URI          : /whirlpool_jspp/lib/js/PlayerPlatformAPI.js 
1970-01-01T00:00:43Z : (../../lighttpd-1.4.53/src/response.c.679) Pathinfo     :  
1970-01-01T00:00:43Z : (../../lighttpd-1.4.53/src/mod_access.c.177) -- mod_access_uri_handler called 
1970-01-01T00:00:43Z : (../../lighttpd-1.4.53/src/mod_staticfile.c.197) -- handling file as static file 
1970-01-01T00:00:43Z : (../../lighttpd-1.4.53/src/response.c.686) -- subrequest finished 
1970-01-01T00:00:50Z : (../../lighttpd-1.4.53/src/server.c.1869) connection closed - keep-alive timeout: 7 
1970-01-01T00:19:10Z : (../../lighttpd-1.4.53/src/server.c.2065) server stopped by UID = 0 PID = 1 
