2026-01-16T01:31:50.218Z MaintenanceManager[3831]:  ERROR [MaintenanceManager.cpp:573] isWhoAmIEnabled: Failed to read WHOAMI_SUPPORT property
2026-01-16T01:31:50.218Z MaintenanceManager[3831]:  INFO [MaintenanceManager.cpp:1473] Initialize: WhoAmI feature is disabled
2026-01-16T01:31:50.220Z MaintenanceManager[3831]:  INFO [MaintenanceManager.cpp:1538] maintenanceManagerOnBootup: Triggering Maintenance on bootup
2026-01-16T01:31:50.221Z MaintenanceManager[3831]:  INFO [MaintenanceManager.cpp:1553] maintenanceManagerOnBootup: OptOut Value Found as: NONE
2026-01-16T01:31:50.221Z MaintenanceManager[3831]:  INFO [MaintenanceManager.cpp:2675] onMaintenanceStatusChange: Notify onMaintenanceStatusChange {"maintenanceStatus":"MAINTENANCE_IDLE"}
2026-01-16T01:31:50.225Z MaintenanceManager[3831]:  INFO [MaintenanceManager.cpp:1485] Initialize: Signal Handler registered for Timer
2026-01-16T01:31:50.238Z MaintenanceManager[3831]:  INFO [MaintenanceManager.cpp:360] task_execution_thread: Executing Maintenance tasks
2026-01-16T01:31:50.239Z MaintenanceManager[3831]:  INFO [MaintenanceManager.cpp:2675] onMaintenanceStatusChange: Notify onMaintenanceStatusChange {"maintenanceStatus":"MAINTENANCE_STARTED"}
2026-01-16T01:31:50.239Z MaintenanceManager[3831]:  INFO [MaintenanceManager.cpp:1339] isDeviceOnline: Checking device has network connectivity
2026-01-16T01:31:50.241Z MaintenanceManager[3831]:  INFO [MaintenanceManager.cpp:1253] checkNetwork: Network plugin is active
2026-01-16T01:31:50.252Z MaintenanceManager[3831]:  INFO [MaintenanceManager.cpp:949] subscribeForInternetStatusEvent: Attempting to subscribe for onInternetStatusChange events
2026-01-16T01:31:50.252Z MaintenanceManager[3831]:  ERROR [MaintenanceManager.cpp:692] getThunderPluginHandle: No security agent
2026-01-16T01:31:50.277Z MaintenanceManager[3831]:  INFO [MaintenanceManager.cpp:1261] checkNetwork: MaintenanceManager subscribed for onInternetStatusChange event
2026-01-16T01:31:50.277Z MaintenanceManager[3831]:  ERROR [MaintenanceManager.cpp:1296] checkNetwork: No security agent
2026-01-16T01:31:50.474Z MaintenanceManager[3831]:  INFO [MaintenanceManager.cpp:1316] checkNetwork: connectedToInternet status true
2026-01-16T01:31:50.475Z MaintenanceManager[3831]:  INFO [MaintenanceManager.cpp:433] task_execution_thread: WhoAmI feature is disabled
2026-01-16T01:31:50.475Z MaintenanceManager[3831]:  INFO [MaintenanceManager.cpp:461] task_execution_thread: Reboot_Pending :false
2026-01-16T01:31:50.475Z MaintenanceManager[3831]:  INFO [MaintenanceManager.cpp:462] task_execution_thread: ---------------UNSOLICITED_MAINTENANCE--------------
2026-01-16T01:31:50.475Z MaintenanceManager[3831]:  INFO [MaintenanceManager.cpp:492] task_execution_thread: Starting Timer for /lib/rdk/Start_MaintenanceTasks.sh RFC
2026-01-16T01:31:50.475Z MaintenanceManager[3831]:  INFO [MaintenanceManager.cpp:749] task_startTimer: Timer has not been created already, create a new Timer.
2026-01-16T01:31:50.475Z MaintenanceManager[3831]:  INFO [MaintenanceManager.cpp:728] maintenance_initTimer: Timer created successfully.
2026-01-16T01:31:50.475Z MaintenanceManager[3831]:  INFO [MaintenanceManager.cpp:768] task_startTimer: Timer started for 3600 seconds for /lib/rdk/Start_MaintenanceTasks.sh RFC
2026-01-16T01:31:50.476Z MaintenanceManager[3831]:  INFO [MaintenanceManager.cpp:498] task_execution_thread: Starting Task /lib/rdk/Start_MaintenanceTasks.sh RFC &
2026-01-16T01:31:50.550Z MaintenanceManager[3831]:  INFO [MaintenanceManager.cpp:537] task_execution_thread: Waiting to unlock.. [1/3]
2026-01-16T01:31:53.673Z MaintenanceManager[3831]:  INFO [MaintenanceManager.cpp:988] internetStatusChangeEventHandler: Received onInternetStatusChange event: [FULLY_CONNECTED:3]
2026-01-16T01:31:56.106Z MaintenanceManager[3831]:  INFO [MaintenanceManager.cpp:1903] getMaintenanceActivityStatus: response={"maintenanceStatus":"MAINTENANCE_STARTED","LastSuccessfulCompletionTime":1768525269,"isCriticalMaintenance":false,"isRebootPending":false,"success":true}
2026-01-16T01:31:56.108Z MaintenanceManager[3831]:  INFO [MaintenanceManager.cpp:1903] getMaintenanceActivityStatus: response={"maintenanceStatus":"MAINTENANCE_STARTED","LastSuccessfulCompletionTime":1768525269,"isCriticalMaintenance":false,"isRebootPending":false,"success":true}
2026-01-16T01:38:43.998Z MaintenanceManager[3831]:  INFO [MaintenanceManager.cpp:1903] getMaintenanceActivityStatus: response={"maintenanceStatus":"MAINTENANCE_STARTED","LastSuccessfulCompletionTime":1768525269,"isCriticalMaintenance":false,"isRebootPending":false,"success":true}
2026-01-16T01:38:48.342Z MaintenanceManager[3831]:  INFO [MaintenanceManager.cpp:988] internetStatusChangeEventHandler: Received onInternetStatusChange event: [FULLY_CONNECTED:3]
2026-01-16T01:38:51.466Z MaintenanceManager[3831]:  WARN [MaintenanceManager.cpp:1577] _MaintenanceMgrEventHandler: IARM event Received with 0 !
2026-01-16T01:38:51.466Z MaintenanceManager[3831]:  INFO [MaintenanceManager.cpp:1602] iarmEventHandler: Maintenance Event-ID = 0
2026-01-16T01:38:51.466Z MaintenanceManager[3831]:  INFO [MaintenanceManager.cpp:1609] iarmEventHandler: MaintMGR Status 2
2026-01-16T01:38:51.466Z MaintenanceManager[3831]:  INFO [MaintenanceManager.cpp:1611] iarmEventHandler: MaintMGR Status MAINTENANCE_RFC_COMPLETE
2026-01-16T01:38:51.466Z MaintenanceManager[3831]:  INFO [MaintenanceManager.cpp:1740] iarmEventHandler:  BITFIELD Status : 3
2026-01-16T01:38:51.467Z MaintenanceManager[3831]:  INFO [MaintenanceManager.cpp:1789] iarmEventHandler: Tasks are not completed!!!!
2026-01-16T01:38:51.467Z MaintenanceManager[3831]:  INFO [MaintenanceManager.cpp:800] task_stopTimer: Timer stopped for /lib/rdk/Start_MaintenanceTasks.sh RFC
2026-01-16T01:38:51.467Z MaintenanceManager[3831]:  INFO [MaintenanceManager.cpp:543] task_execution_thread: Stopped Timer Successfully
2026-01-16T01:38:51.467Z MaintenanceManager[3831]:  INFO [MaintenanceManager.cpp:492] task_execution_thread: Starting Timer for /lib/rdk/Start_MaintenanceTasks.sh SWUPDATE
2026-01-16T01:38:51.467Z MaintenanceManager[3831]:  INFO [MaintenanceManager.cpp:745] task_startTimer: Timer has already been created, start the Timer
2026-01-16T01:38:51.467Z MaintenanceManager[3831]:  INFO [MaintenanceManager.cpp:768] task_startTimer: Timer started for 3600 seconds for /lib/rdk/Start_MaintenanceTasks.sh SWUPDATE
2026-01-16T01:38:51.467Z MaintenanceManager[3831]:  INFO [MaintenanceManager.cpp:498] task_execution_thread: Starting Task /lib/rdk/Start_MaintenanceTasks.sh SWUPDATE &
2026-01-16T01:38:51.507Z MaintenanceManager[3831]:  INFO [MaintenanceManager.cpp:537] task_execution_thread: Waiting to unlock.. [2/3]
2026-01-16T01:38:51.873Z MaintenanceManager[3831]:  INFO [MaintenanceManager.cpp:2209] getMaintenanceMode: Invoke getMaintenanceMode
2026-01-16T01:38:51.873Z MaintenanceManager[3831]:  INFO [MaintenanceManager.cpp:2231] getMaintenanceMode: Successfully read OptOut value from /opt/maintenance_mgr_record.conf
2026-01-16T01:38:51.873Z MaintenanceManager[3831]:  INFO [MaintenanceManager.cpp:2242] getMaintenanceMode: Valid OptOut Value = NONE
2026-01-16T01:38:51.873Z MaintenanceManager[3831]:  INFO [MaintenanceManager.cpp:2266] getMaintenanceMode: response={"maintenanceMode":"FOREGROUND","triggerMode":"","optOut":"NONE","success":true}
2026-01-16T01:38:52.090Z MaintenanceManager[3831]:  INFO [MaintenanceManager.cpp:2209] getMaintenanceMode: Invoke getMaintenanceMode
2026-01-16T01:38:52.090Z MaintenanceManager[3831]:  INFO [MaintenanceManager.cpp:2231] getMaintenanceMode: Successfully read OptOut value from /opt/maintenance_mgr_record.conf
2026-01-16T01:38:52.090Z MaintenanceManager[3831]:  INFO [MaintenanceManager.cpp:2242] getMaintenanceMode: Valid OptOut Value = NONE
2026-01-16T01:38:52.091Z MaintenanceManager[3831]:  INFO [MaintenanceManager.cpp:2266] getMaintenanceMode: response={"maintenanceMode":"FOREGROUND","triggerMode":"","optOut":"NONE","success":true}
2026-01-16T01:38:55.030Z MaintenanceManager[3831]:  WARN [MaintenanceManager.cpp:1577] _MaintenanceMgrEventHandler: IARM event Received with 0 !
2026-01-16T01:38:55.030Z MaintenanceManager[3831]:  INFO [MaintenanceManager.cpp:1602] iarmEventHandler: Maintenance Event-ID = 0
2026-01-16T01:38:55.030Z MaintenanceManager[3831]:  INFO [MaintenanceManager.cpp:1609] iarmEventHandler: MaintMGR Status 8
2026-01-16T01:38:55.030Z MaintenanceManager[3831]:  INFO [MaintenanceManager.cpp:1611] iarmEventHandler: MaintMGR Status MAINTENANCE_FWDOWNLOAD_COMPLETE
2026-01-16T01:38:55.030Z MaintenanceManager[3831]:  INFO [MaintenanceManager.cpp:1740] iarmEventHandler:  BITFIELD Status : 33
2026-01-16T01:38:55.031Z MaintenanceManager[3831]:  INFO [MaintenanceManager.cpp:1789] iarmEventHandler: Tasks are not completed!!!!
2026-01-16T01:38:55.031Z MaintenanceManager[3831]:  INFO [MaintenanceManager.cpp:800] task_stopTimer: Timer stopped for /lib/rdk/Start_MaintenanceTasks.sh SWUPDATE
2026-01-16T01:38:55.031Z MaintenanceManager[3831]:  INFO [MaintenanceManager.cpp:543] task_execution_thread: Stopped Timer Successfully
2026-01-16T01:38:55.031Z MaintenanceManager[3831]:  INFO [MaintenanceManager.cpp:492] task_execution_thread: Starting Timer for /lib/rdk/Start_MaintenanceTasks.sh LOGUPLOAD
2026-01-16T01:38:55.031Z MaintenanceManager[3831]:  INFO [MaintenanceManager.cpp:745] task_startTimer: Timer has already been created, start the Timer
2026-01-16T01:38:55.031Z MaintenanceManager[3831]:  INFO [MaintenanceManager.cpp:768] task_startTimer: Timer started for 3600 seconds for /lib/rdk/Start_MaintenanceTasks.sh LOGUPLOAD
2026-01-16T01:38:55.031Z MaintenanceManager[3831]:  INFO [MaintenanceManager.cpp:498] task_execution_thread: Starting Task /lib/rdk/Start_MaintenanceTasks.sh LOGUPLOAD &
2026-01-16T01:38:55.099Z MaintenanceManager[3831]:  INFO [MaintenanceManager.cpp:537] task_execution_thread: Waiting to unlock.. [3/3]
2026-01-16T01:39:06.845Z MaintenanceManager[3831]:  WARN [MaintenanceManager.cpp:1577] _MaintenanceMgrEventHandler: IARM event Received with 0 !
2026-01-16T01:39:06.845Z MaintenanceManager[3831]:  INFO [MaintenanceManager.cpp:1602] iarmEventHandler: Maintenance Event-ID = 0
2026-01-16T01:39:06.845Z MaintenanceManager[3831]:  INFO [MaintenanceManager.cpp:1609] iarmEventHandler: MaintMGR Status 16
2026-01-16T01:39:06.845Z MaintenanceManager[3831]:  INFO [MaintenanceManager.cpp:1611] iarmEventHandler: MaintMGR Status MAINTENANCE_EMPTY
2026-01-16T01:39:06.846Z MaintenanceManager[3831]:  INFO [MaintenanceManager.cpp:1727] iarmEventHandler:  LOGUPLOAD already IN PROGRESS -> setting m_task_map of LOGUPLOAD to true
2026-01-16T01:39:06.851Z MaintenanceManager[3831]:  INFO [MaintenanceManager.cpp:1740] iarmEventHandler:  BITFIELD Status : 33
2026-01-16T01:39:06.851Z MaintenanceManager[3831]:  INFO [MaintenanceManager.cpp:1789] iarmEventHandler: Tasks are not completed!!!!
2026-01-16T01:39:09.338Z MaintenanceManager[3831]:  INFO [MaintenanceManager.cpp:2209] getMaintenanceMode: Invoke getMaintenanceMode
2026-01-16T01:39:09.338Z MaintenanceManager[3831]:  INFO [MaintenanceManager.cpp:2231] getMaintenanceMode: Successfully read OptOut value from /opt/maintenance_mgr_record.conf
2026-01-16T01:39:09.339Z MaintenanceManager[3831]:  INFO [MaintenanceManager.cpp:2242] getMaintenanceMode: Valid OptOut Value = NONE
2026-01-16T01:39:09.339Z MaintenanceManager[3831]:  INFO [MaintenanceManager.cpp:2266] getMaintenanceMode: response={"maintenanceMode":"FOREGROUND","triggerMode":"","optOut":"NONE","success":true}
2026-01-16T01:39:09.404Z MaintenanceManager[3831]:  INFO [MaintenanceManager.cpp:2209] getMaintenanceMode: Invoke getMaintenanceMode
2026-01-16T01:39:09.406Z MaintenanceManager[3831]:  INFO [MaintenanceManager.cpp:2231] getMaintenanceMode: Successfully read OptOut value from /opt/maintenance_mgr_record.conf
2026-01-16T01:39:09.406Z MaintenanceManager[3831]:  INFO [MaintenanceManager.cpp:2242] getMaintenanceMode: Valid OptOut Value = NONE
2026-01-16T01:39:09.406Z MaintenanceManager[3831]:  INFO [MaintenanceManager.cpp:2266] getMaintenanceMode: response={"maintenanceMode":"FOREGROUND","triggerMode":"","optOut":"NONE","success":true}
2026-01-16T01:39:09.406Z MaintenanceManager[3831]:  INFO [MaintenanceManager.cpp:2283] setMaintenanceMode: Invoke setMaintenanceMode
2026-01-16T01:39:09.407Z MaintenanceManager[3831]:  INFO [MaintenanceManager.cpp:2312] setMaintenanceMode: setMaintenanceMode called: maintenanceMode=FOREGROUND, optOut=NONE, triggerMode=
2026-01-16T01:39:09.407Z MaintenanceManager[3831]:  INFO [MaintenanceManager.cpp:2337] setMaintenanceMode: SetMaintenanceMode new_mode = FOREGROUND
2026-01-16T01:39:09.407Z MaintenanceManager[3831]:  INFO [MaintenanceManager.cpp:2340] setMaintenanceMode: setMaintenanceMode rfc is true and mode:1
2026-01-16T01:39:09.412Z MaintenanceManager[3831]:  INFO [MaintenanceManager.cpp:2345] setMaintenanceMode: IARM_Bus_BroadcastEvent is success and value=1
2026-01-16T01:39:09.414Z MaintenanceManager[3831]:  INFO [MaintenanceManager.cpp:2365] setMaintenanceMode: SetMaintenanceMode optOut = NONE
2026-01-16T01:39:09.415Z MaintenanceManager[3831]:  INFO [MaintenanceManager.cpp:2372] setMaintenanceMode: Valid optOut = NONE
2026-01-16T01:39:09.415Z MaintenanceManager[3831]:  INFO [MaintenanceManager.cpp:2391] setMaintenanceMode: response={"success":true}
2026-01-16T01:39:10.534Z MaintenanceManager[3831]:  INFO [MaintenanceManager.cpp:2209] getMaintenanceMode: Invoke getMaintenanceMode
2026-01-16T01:39:10.535Z MaintenanceManager[3831]:  INFO [MaintenanceManager.cpp:2231] getMaintenanceMode: Successfully read OptOut value from /opt/maintenance_mgr_record.conf
2026-01-16T01:39:10.535Z MaintenanceManager[3831]:  INFO [MaintenanceManager.cpp:2242] getMaintenanceMode: Valid OptOut Value = NONE
2026-01-16T01:39:10.535Z MaintenanceManager[3831]:  INFO [MaintenanceManager.cpp:2266] getMaintenanceMode: response={"maintenanceMode":"FOREGROUND","triggerMode":"","optOut":"NONE","success":true}
2026-01-16T01:46:03.409Z MaintenanceManager[3831]:  WARN [MaintenanceManager.cpp:1577] _MaintenanceMgrEventHandler: IARM event Received with 0 !
2026-01-16T01:46:03.411Z MaintenanceManager[3831]:  INFO [MaintenanceManager.cpp:1602] iarmEventHandler: Maintenance Event-ID = 0
2026-01-16T01:46:03.411Z MaintenanceManager[3831]:  INFO [MaintenanceManager.cpp:1609] iarmEventHandler: MaintMGR Status 4
2026-01-16T01:46:03.411Z MaintenanceManager[3831]:  INFO [MaintenanceManager.cpp:1611] iarmEventHandler: MaintMGR Status MAINTENANCE_LOGUPLOAD_COMPLETE
2026-01-16T01:46:03.411Z MaintenanceManager[3831]:  INFO [MaintenanceManager.cpp:1740] iarmEventHandler:  BITFIELD Status : 3f
2026-01-16T01:46:03.412Z MaintenanceManager[3831]:  INFO [MaintenanceManager.cpp:800] task_stopTimer: Timer stopped for /lib/rdk/Start_MaintenanceTasks.sh LOGUPLOAD
2026-01-16T01:46:03.412Z MaintenanceManager[3831]:  INFO [MaintenanceManager.cpp:1747] iarmEventHandler: Maintenance Successfully Completed!!
2026-01-16T01:46:03.412Z MaintenanceManager[3831]:  INFO [MaintenanceManager.cpp:543] task_execution_thread: Stopped Timer Successfully
2026-01-16T01:46:03.413Z MaintenanceManager[3831]:  INFO [MaintenanceManager.cpp:565] task_execution_thread: Worker Thread Completed
2026-01-16T01:46:03.413Z MaintenanceManager[3831]:  INFO [MaintenanceManager.cpp:1754] iarmEventHandler: last succesful time is :1768527963
2026-01-16T01:46:03.413Z MaintenanceManager[3831]:  INFO [MaintenanceManager.cpp:1774] iarmEventHandler: ENDING MAINTENANCE CYCLE
2026-01-16T01:46:03.413Z MaintenanceManager[3831]:  INFO [MaintenanceManager.cpp:1778] iarmEventHandler: Thread joined successfully
2026-01-16T01:46:03.414Z MaintenanceManager[3831]:  INFO [MaintenanceManager.cpp:2675] onMaintenanceStatusChange: Notify onMaintenanceStatusChange {"maintenanceStatus":"MAINTENANCE_COMPLETE"}
2026-01-16T01:46:03.419Z MaintenanceManager[3831]:  INFO [MaintenanceManager.cpp:2083] CalculateStartTime: TimeZone is in Local time
2026-01-16T01:46:03.480Z MaintenanceManager[3831]:  INFO [MaintenanceManager.cpp:2135] getMaintenanceStartTime: response={"maintenanceStartTime":1768611659,"success":true}
2026-01-16T01:46:03.482Z MaintenanceManager[3831]:  INFO [MaintenanceManager.cpp:1903] getMaintenanceActivityStatus: response={"maintenanceStatus":"MAINTENANCE_COMPLETE","LastSuccessfulCompletionTime":1768527963,"isCriticalMaintenance":false,"isRebootPending":false,"success":true}
2026-01-16T01:48:05.657Z MaintenanceManager[3831]:  INFO [MaintenanceManager.cpp:1903] getMaintenanceActivityStatus: response={"maintenanceStatus":"MAINTENANCE_COMPLETE","LastSuccessfulCompletionTime":1768527963,"isCriticalMaintenance":false,"isRebootPending":false,"success":true}
2026-01-16T01:51:06.657Z MaintenanceManager[3831]:  INFO [MaintenanceManager.cpp:2083] CalculateStartTime: TimeZone is in Local time
2026-01-16T01:51:06.731Z MaintenanceManager[3831]:  INFO [MaintenanceManager.cpp:2135] getMaintenanceStartTime: response={"maintenanceStartTime":1768611659,"success":true}
2026-01-16T02:02:43.604Z MaintenanceManager[3831]:  INFO [MaintenanceManager.cpp:1903] getMaintenanceActivityStatus: response={"maintenanceStatus":"MAINTENANCE_COMPLETE","LastSuccessfulCompletionTime":1768527963,"isCriticalMaintenance":false,"isRebootPending":false,"success":true}
2026-01-16T02:02:43.622Z MaintenanceManager[3831]:  INFO [MaintenanceManager.cpp:2083] CalculateStartTime: TimeZone is in Local time
2026-01-16T02:02:43.679Z MaintenanceManager[3831]:  INFO [MaintenanceManager.cpp:2135] getMaintenanceStartTime: response={"maintenanceStartTime":1768611659,"success":true}
2026-01-16T02:06:06.025Z MaintenanceManager[3831]:  INFO [MaintenanceManager.cpp:1903] getMaintenanceActivityStatus: response={"maintenanceStatus":"MAINTENANCE_COMPLETE","LastSuccessfulCompletionTime":1768527963,"isCriticalMaintenance":false,"isRebootPending":false,"success":true}
2026-01-16T02:06:06.029Z MaintenanceManager[3831]:  INFO [MaintenanceManager.cpp:2083] CalculateStartTime: TimeZone is in Local time
2026-01-16T02:06:06.095Z MaintenanceManager[3831]:  INFO [MaintenanceManager.cpp:2135] getMaintenanceStartTime: response={"maintenanceStartTime":1768611659,"success":true}
2026-01-16T02:12:49.404Z MaintenanceManager[3831]:  INFO [MaintenanceManager.cpp:1903] getMaintenanceActivityStatus: response={"maintenanceStatus":"MAINTENANCE_COMPLETE","LastSuccessfulCompletionTime":1768527963,"isCriticalMaintenance":false,"isRebootPending":false,"success":true}
2026-01-16T02:12:49.429Z MaintenanceManager[3831]:  INFO [MaintenanceManager.cpp:2083] CalculateStartTime: TimeZone is in Local time
2026-01-16T02:12:49.474Z MaintenanceManager[3831]:  INFO [MaintenanceManager.cpp:2135] getMaintenanceStartTime: response={"maintenanceStartTime":1768611659,"success":true}
2026-01-16T02:13:09.626Z MaintenanceManager[3831]:  INFO [MaintenanceManager.cpp:1903] getMaintenanceActivityStatus: response={"maintenanceStatus":"MAINTENANCE_COMPLETE","LastSuccessfulCompletionTime":1768527963,"isCriticalMaintenance":false,"isRebootPending":false,"success":true}
2026-01-16T02:13:09.642Z MaintenanceManager[3831]:  INFO [MaintenanceManager.cpp:2083] CalculateStartTime: TimeZone is in Local time
2026-01-16T02:13:09.706Z MaintenanceManager[3831]:  INFO [MaintenanceManager.cpp:2135] getMaintenanceStartTime: response={"maintenanceStartTime":1768611659,"success":true}
2026-01-16T02:19:35.180Z MaintenanceManager[3831]:  INFO [MaintenanceManager.cpp:1903] getMaintenanceActivityStatus: response={"maintenanceStatus":"MAINTENANCE_COMPLETE","LastSuccessfulCompletionTime":1768527963,"isCriticalMaintenance":false,"isRebootPending":false,"success":true}
2026-01-16T02:19:35.185Z MaintenanceManager[3831]:  INFO [MaintenanceManager.cpp:2083] CalculateStartTime: TimeZone is in Local time
2026-01-16T02:19:35.238Z MaintenanceManager[3831]:  INFO [MaintenanceManager.cpp:2135] getMaintenanceStartTime: response={"maintenanceStartTime":1768611659,"success":true}
2026-01-16T02:23:07.470Z MaintenanceManager[3831]:  INFO [MaintenanceManager.cpp:1903] getMaintenanceActivityStatus: response={"maintenanceStatus":"MAINTENANCE_COMPLETE","LastSuccessfulCompletionTime":1768527963,"isCriticalMaintenance":false,"isRebootPending":false,"success":true}
2026-01-16T02:23:07.486Z MaintenanceManager[3831]:  INFO [MaintenanceManager.cpp:2083] CalculateStartTime: TimeZone is in Local time
2026-01-16T02:23:07.541Z MaintenanceManager[3831]:  INFO [MaintenanceManager.cpp:2135] getMaintenanceStartTime: response={"maintenanceStartTime":1768611659,"success":true}
2026-01-16T02:26:54.206Z MaintenanceManager[3831]:  INFO [MaintenanceManager.cpp:1903] getMaintenanceActivityStatus: response={"maintenanceStatus":"MAINTENANCE_COMPLETE","LastSuccessfulCompletionTime":1768527963,"isCriticalMaintenance":false,"isRebootPending":false,"success":true}
2026-01-16T02:26:54.372Z MaintenanceManager[3831]:  INFO [MaintenanceManager.cpp:2083] CalculateStartTime: TimeZone is in Local time
2026-01-16T02:26:54.445Z MaintenanceManager[3831]:  INFO [MaintenanceManager.cpp:2135] getMaintenanceStartTime: response={"maintenanceStartTime":1768611659,"success":true}
2026-01-16T02:30:17.083Z MaintenanceManager[3831]:  INFO [MaintenanceManager.cpp:1903] getMaintenanceActivityStatus: response={"maintenanceStatus":"MAINTENANCE_COMPLETE","LastSuccessfulCompletionTime":1768527963,"isCriticalMaintenance":false,"isRebootPending":false,"success":true}
2026-01-16T02:30:17.096Z MaintenanceManager[3831]:  INFO [MaintenanceManager.cpp:2083] CalculateStartTime: TimeZone is in Local time
2026-01-16T02:30:17.152Z MaintenanceManager[3831]:  INFO [MaintenanceManager.cpp:2135] getMaintenanceStartTime: response={"maintenanceStartTime":1768611659,"success":true}
2026-01-16T02:33:39.778Z MaintenanceManager[3831]:  INFO [MaintenanceManager.cpp:1903] getMaintenanceActivityStatus: response={"maintenanceStatus":"MAINTENANCE_COMPLETE","LastSuccessfulCompletionTime":1768527963,"isCriticalMaintenance":false,"isRebootPending":false,"success":true}
2026-01-16T02:33:39.794Z MaintenanceManager[3831]:  INFO [MaintenanceManager.cpp:2083] CalculateStartTime: TimeZone is in Local time
2026-01-16T02:33:39.885Z MaintenanceManager[3831]:  INFO [MaintenanceManager.cpp:2135] getMaintenanceStartTime: response={"maintenanceStartTime":1768611659,"success":true}
2026-01-16T02:43:44.156Z MaintenanceManager[3831]:  INFO [MaintenanceManager.cpp:1903] getMaintenanceActivityStatus: response={"maintenanceStatus":"MAINTENANCE_COMPLETE","LastSuccessfulCompletionTime":1768527963,"isCriticalMaintenance":false,"isRebootPending":false,"success":true}
2026-01-16T02:43:46.216Z MaintenanceManager[3831]:  INFO [MaintenanceManager.cpp:2083] CalculateStartTime: TimeZone is in Local time
2026-01-16T02:43:46.264Z MaintenanceManager[3831]:  INFO [MaintenanceManager.cpp:2135] getMaintenanceStartTime: response={"maintenanceStartTime":1768611659,"success":true}
