2025-12-03T08:38:49.918Z systemd[1]:  Started Sky Xione reformat partitions.
2025-12-03T08:38:49.934Z systemd[1]:  Started Load Kernel Modules.
2025-12-03T08:38:49.946Z systemd[1]:  Started Bind mount volatile /etc/systemd/timesyncd.conf.
2025-12-03T08:38:49.964Z systemd[1]:  Mounting FUSE Control File System...
2025-12-03T08:38:49.979Z systemd[1]:  Starting Apply Kernel Variables...
2025-12-03T08:38:49.999Z systemd[1]:  Mounting Configuration File System...
2025-12-03T08:38:50.015Z systemd[1]:  Starting Sky Xione mount disk service...
2025-12-03T08:38:50.037Z systemd[1]:  Mounted Configuration File System.
2025-12-03T08:38:50.069Z systemd[1]:  Mounted FUSE Control File System.
2025-12-03T08:38:50.086Z systemd[1]:  Started Apply Kernel Variables.
2025-12-03T08:38:50.264Z systemd[1]:  Started Sky Xione mount disk service.
2025-12-03T08:38:50.279Z systemd[1]:  Starting Starts lxy database extraction in RDK-V...
2025-12-03T08:38:50.295Z systemd[1]:  Starting ecfs init service...
2025-12-03T08:38:50.306Z systemd[1]:  var-lib.mount: Directory /var/lib to mount over is not empty, mounting anyway.
2025-12-03T08:38:50.308Z systemd[1]:  Mounting Bind mount volatile /var/lib...
2025-12-03T08:38:50.323Z systemd[1]:  Starting Remount Root and Kernel File Systems...
2025-12-03T08:38:50.353Z systemd[1]:  Mounted Bind mount volatile /var/lib.
2025-12-03T08:38:50.376Z systemd[1]:  Started Remount Root and Kernel File Systems.
2025-12-03T08:38:50.400Z systemd[1]:  Starting Create Static Device Nodes in /dev...
2025-12-03T08:38:50.422Z systemd[1]:  Starting udev Coldplug all Devices...
2025-12-03T08:38:50.439Z systemd[1]:  Starting Flush Journal to Persistent Storage...
2025-12-03T08:38:50.459Z systemd[1]:  Started Create Static Device Nodes in /dev.
2025-12-03T08:38:50.481Z systemd[1]:  Starting udev Kernel Device Manager...
2025-12-03T08:38:50.483Z systemd[1]:  Reached target Local File Systems (Pre).
2025-12-03T08:38:50.494Z systemd[1]:  Mounting /var/volatile...
2025-12-03T08:38:50.511Z systemd[1]:  Mounted /var/volatile.
2025-12-03T08:38:50.530Z systemd[1]:  Starting Bind mount volatile /etc/asound.conf...
2025-12-03T08:38:50.547Z systemd[1]:  Starting Bind mount volatile /etc/hostname...
2025-12-03T08:38:50.574Z systemd[1]:  Starting Bind mount volatile /www...
2025-12-03T08:38:50.581Z systemd[1]:  Starting Bind mount volatile /var/spool/cron...
2025-12-03T08:38:50.599Z systemd[1]:  Starting Bind mount volatile /etc/resolv.conf...
2025-12-03T08:38:50.615Z systemd[1]:  Starting Bind mount volatile /etc/xupnp...
2025-12-03T08:38:50.633Z systemd[1]:  Starting Bind mount volatile /etc/hosts...
2025-12-03T08:38:50.695Z systemd[1]:  Started udev Kernel Device Manager.
2025-12-03T08:38:50.716Z systemd[1]:  Started Bind mount volatile /etc/asound.conf.
2025-12-03T08:38:50.730Z systemd[1]:  Started Bind mount volatile /etc/hostname.
2025-12-03T08:38:50.746Z systemd[1]:  Started Bind mount volatile /www.
2025-12-03T08:38:50.762Z systemd[1]:  Started Bind mount volatile /var/spool/cron.
2025-12-03T08:38:50.778Z systemd[1]:  Started Bind mount volatile /etc/resolv.conf.
2025-12-03T08:38:50.794Z systemd[1]:  Started Bind mount volatile /etc/xupnp.
2025-12-03T08:38:50.810Z systemd[1]:  Started Bind mount volatile /etc/hosts.
2025-12-03T08:38:50.873Z systemd[1]:  Started Flush Journal to Persistent Storage.
2025-12-03T08:38:50.914Z systemd[1]:  Started udev Coldplug all Devices.
2025-12-03T08:38:50.933Z systemd[1]:  Reached target Local File Systems.
2025-12-03T08:38:50.939Z systemd[1]:  Starting Create Volatile Files and Directories...
2025-12-03T08:38:50.955Z systemd[1]:  Starting Previous Log Backup Service...
2025-12-03T08:38:51.001Z systemd[1]:  Started Create Volatile Files and Directories.
2025-12-03T08:38:51.058Z systemd[1]:  Found device /dev/ttyS1.
2025-12-03T08:38:51.251Z systemd[1]:  Listening on Load/Save RF Kill Switch Status /dev/rfkill Watch.
2025-12-03T08:38:51.269Z systemd[1]:  Reached target Sound Card.
2025-12-03T08:38:51.283Z systemd[1]:  Starting Update UTMP about System Boot/Shutdown...
2025-12-03T08:38:51.333Z systemd[1]:  Started Update UTMP about System Boot/Shutdown.
2025-12-03T08:38:51.357Z systemd[1]:  Reached target System Initialization.
2025-12-03T08:38:51.373Z systemd[1]:  Started Path based network-up.target activation.
2025-12-03T08:38:51.389Z systemd[1]:  Started [testagentloader]TA loader used to download the testagent in service centre environment..
2025-12-03T08:38:51.405Z systemd[1]:  Started Timer to log start & end date of static and dynamic operational certificates.
2025-12-03T08:38:51.421Z systemd[1]:  Started Timer based ntp-time-sync.target activation.
2025-12-03T08:38:51.446Z systemd[1]:  wpeframework-services.path: Refusing to start, unit to trigger not loaded.
2025-12-03T08:38:51.446Z systemd[1]:  Failed to start Path Changed.
2025-12-03T08:38:51.495Z systemd[1]:  Started Log Rotation Timer.
2025-12-03T08:38:51.505Z systemd[1]:  Started rdkssa shipd daemon Path.
2025-12-03T08:38:51.512Z systemd[1]:  Started Apps Download Path.
2025-12-03T08:38:51.525Z systemd[1]:  Started Vital process information Timer.
2025-12-03T08:38:51.533Z systemd[1]:  Started Update Previous reboot info path.
2025-12-03T08:38:51.549Z systemd[1]:  Started Network connection status and wifi recovery timer.
2025-12-03T08:38:51.560Z systemd[1]:  Started NTP Sync Complete Path.
2025-12-03T08:38:51.570Z systemd[1]:  Started NTP Server Time Sync Event.
2025-12-03T08:38:51.585Z systemd[1]:  Started system time set target by systime manager.
2025-12-03T08:38:51.601Z systemd[1]:  Started Path Exists.
2025-12-03T08:38:51.613Z systemd[1]:  Listening on D-Bus System Message Bus Socket.
2025-12-03T08:38:51.629Z systemd[1]:  Reached target Sockets.
2025-12-03T08:38:51.641Z systemd[1]:  Started Path Exists.
2025-12-03T08:38:51.653Z systemd[1]:  Started Daily Cleanup of Temporary Directories.
2025-12-03T08:38:51.669Z systemd[1]:  Started Disk Space Monitor Timer.
2025-12-03T08:38:51.686Z systemd[1]:  Started Restart mauth-certs when device cert changes.
2025-12-03T08:38:51.701Z systemd[1]:  Started Timer based network-up.target activation.
2025-12-03T08:38:51.717Z systemd[1]:  Reached target Timers.
2025-12-03T08:38:51.729Z systemd[1]:  Started Parodus restart path.
2025-12-03T08:38:51.741Z systemd[1]:  Reached target Paths.
2025-12-03T08:38:51.753Z systemd[1]:  Reached target Basic System.
2025-12-03T08:38:51.767Z systemd[1]:  Starting OOPS Dump service...
2025-12-03T08:38:51.784Z systemd[1]:  Starting Ethernet Bridge Filtering Tables...
2025-12-03T08:38:51.800Z systemd[1]:  Started Essos Resource Mgr.
2025-12-03T08:38:51.818Z systemd[1]:  Starting QCA6390 WiFi driver service...
2025-12-03T08:38:51.832Z systemd[1]:  Starting IP Interface Monitor Service...
2025-12-03T08:38:51.842Z systemd[1]:  Starting Sky LED driver load service...
2025-12-03T08:38:51.859Z systemd[1]:  Starting Sky Master Service...
2025-12-03T08:38:51.872Z systemd[1]:  Starting An IPC framework...
2025-12-03T08:38:51.897Z systemd[1]:  Starting Cleans up Gstreamer Registry...
2025-12-03T08:38:51.911Z systemd[1]:  Starting D-Bus System Message Bus...
2025-12-03T08:38:51.919Z systemd[1]:  Starting Service to load Sky Frontpanl button driver Module...
2025-12-03T08:38:51.949Z systemd[1]:  Starting Network Manager Script Dispatcher Service...
2025-12-03T08:38:51.970Z systemd[1]:  Starting Boot version loader for RDK...
2025-12-03T08:38:52.021Z systemd[1]:  Started ecfs init service.
2025-12-03T08:38:52.035Z systemd[1]:  Started Starts lxy database extraction in RDK-V.
2025-12-03T08:38:52.054Z systemd[1]:  Started OOPS Dump service.
2025-12-03T08:38:52.066Z systemd[1]:  Started Ethernet Bridge Filtering Tables.
2025-12-03T08:38:52.086Z systemd[1]:  Started IP Interface Monitor Service.
2025-12-03T08:38:52.106Z systemd[1]:  Started Sky LED driver load service.
2025-12-03T08:38:52.125Z systemd[1]:  Started An IPC framework.
2025-12-03T08:38:52.148Z systemd[1]:  Started Service to load Sky Frontpanl button driver Module.
2025-12-03T08:38:52.177Z systemd[1]:  Started D-Bus System Message Bus.
2025-12-03T08:38:52.217Z systemd[1]:  Started Previous Log Backup Service.
2025-12-03T08:38:52.265Z systemd[1]:  Started Cleans up Gstreamer Registry.
2025-12-03T08:38:52.279Z systemd[1]:  Started Boot version loader for RDK.
2025-12-03T08:38:52.301Z systemd[1]:  Starting Sky Master Service...
2025-12-03T08:38:52.315Z systemd[1]:  Starting DBManager Service daemon for Unqlite Store...
2025-12-03T08:38:52.331Z systemd[1]:  Starting Log RDK Started Service...
2025-12-03T08:38:52.347Z systemd[1]:  Started Session manager for rbus.
2025-12-03T08:38:52.364Z systemd[1]:  Started Sky LED Boot Pattern Service.
2025-12-03T08:38:52.373Z systemd[1]:  Started Prepare certs for mutual authentification.
2025-12-03T08:38:52.392Z systemd[1]:  Starting Secure mount service...
2025-12-03T08:38:52.417Z systemd[1]:  Started Secure mount service.
2025-12-03T08:38:52.430Z systemd[1]:  Started Sky Master Service.
2025-12-03T08:38:52.448Z systemd[1]:  Started Sky Master Service.
2025-12-03T08:38:52.462Z systemd[1]:  Started Log RDK Started Service.
2025-12-03T08:38:52.489Z systemd[1]:  Starting Sky MW Localstore...
2025-12-03T08:38:52.503Z systemd[1]:  Starting Modprobe USB Input Modules based on image...
2025-12-03T08:38:52.519Z systemd[1]:  Starting AppArmor initialization...
2025-12-03T08:38:52.528Z systemd[1]:  Starting Start/Stop the workload manager...
2025-12-03T08:38:52.541Z systemd[1]:  Started Path Exists.
2025-12-03T08:38:52.566Z systemd[1]:  Starting Sky Xione mount encrypted VG-DRM persistent storage...
2025-12-03T08:38:52.581Z systemd[1]:  Started Path Exists.
2025-12-03T08:38:52.603Z systemd[1]:  Starting Enable OCSP support based on RFC...
2025-12-03T08:38:52.633Z systemd[1]:  Started Modprobe USB Input Modules based on image.
2025-12-03T08:38:52.658Z systemd[1]:  Started Start/Stop the workload manager.
2025-12-03T08:38:52.674Z systemd[1]:  Started Enable OCSP support based on RFC.
2025-12-03T08:38:52.695Z systemd[1]:  Started Network Manager Script Dispatcher Service.
2025-12-03T08:38:52.712Z systemd[1]:  Starting Start/Stop the CGroups Rules Engine Daemon...
2025-12-03T08:38:52.739Z systemd[1]:  Started DBManager Service daemon for Unqlite Store.
2025-12-03T08:38:52.767Z systemd[1]:  Starting Sky MW Config Manager Service daemon...
2025-12-03T08:38:52.782Z systemd[1]:  Started Start/Stop the CGroups Rules Engine Daemon.
2025-12-03T08:38:52.839Z systemd[1]:  Started AppArmor initialization.
2025-12-03T08:38:52.857Z systemd[1]:  Starting System Logger Daemon...
2025-12-03T08:38:52.902Z systemd[1]:  Started System Logger Daemon.
2025-12-03T08:38:52.920Z systemd[1]:  Starting Harddisk Checkup Service...
2025-12-03T08:38:52.933Z systemd[1]:  Started Sky MW Localstore.
2025-12-03T08:38:53.095Z systemd[1]:  Started Sky MW Config Manager Service daemon.
2025-12-03T08:38:53.112Z systemd[1]:  Starting Sky AS Proxy daemon...
2025-12-03T08:38:53.595Z systemd[1]:  Started Sky AS Proxy daemon.
2025-12-03T08:38:53.637Z systemd[1]:  Started Sky Xione mount encrypted VG-DRM persistent storage.
2025-12-03T08:38:54.163Z systemd[1]:  Started QCA6390 WiFi driver service.
2025-12-03T08:38:54.180Z systemd[1]:  Starting Network Manager...
2025-12-03T08:38:54.195Z systemd[1]:  Starting Attach Qualcomm HCI UART to the UART port on the board....
2025-12-03T08:38:54.976Z systemd[1]:  Starting Load/Save RF Kill Switch Status...
2025-12-03T08:38:55.035Z systemd[1]:  Started Load/Save RF Kill Switch Status.
2025-12-03T08:38:55.062Z systemd[1]:  Started Network Manager.
2025-12-03T08:38:55.091Z systemd[1]:  Starting WPA supplicant...
2025-12-03T08:38:55.107Z systemd[1]:  Started Network Manager.
2025-12-03T08:38:55.272Z systemd[1]:  Started Attach Qualcomm HCI UART to the UART port on the board..
2025-12-03T08:38:55.360Z systemd[1]:  Started WPA supplicant.
2025-12-03T08:38:55.374Z systemd[1]:  Reached target Network.
2025-12-03T08:38:55.387Z systemd[1]:  Starting Redis In-Memory Data Store...
2025-12-03T08:38:55.404Z systemd[1]:  Started Network Forensics and Recovery Tool Service.
2025-12-03T08:38:55.420Z systemd[1]:  Starting Zero-configuration networking...
2025-12-03T08:38:55.436Z systemd[1]:  Starting Lightning Fast Webserver With Light System Requirements...
2025-12-03T08:38:55.443Z systemd[1]:  Reached target Network is Online.
2025-12-03T08:38:55.502Z systemd[1]:  Starting Set up IP tables...
2025-12-03T08:38:55.519Z systemd[1]:  Started Static multicast routing daemon.
2025-12-03T08:38:55.537Z systemd[1]:  Started MINIDUMP UPLOAD.
2025-12-03T08:38:55.561Z systemd[1]:  Starting An instance of dropbear for free SSH access...
2025-12-03T08:38:55.578Z systemd[1]:  Started COREDUMP UPLOAD.
2025-12-03T08:38:55.599Z systemd[1]:  Starting Update device details cache file...
2025-12-03T08:38:55.619Z systemd[1]:  Starting Reboot Reason Log Service...
2025-12-03T08:38:55.668Z systemd[1]:  Started Redis In-Memory Data Store.
2025-12-03T08:38:55.676Z systemd[1]:  Started Harddisk Checkup Service.
2025-12-03T08:38:55.676Z systemd[1]:  Started Lightning Fast Webserver With Light System Requirements.
2025-12-03T08:38:55.684Z systemd[1]:  Started Update device details cache file.
2025-12-03T08:38:55.704Z systemd[1]:  Starting Memcr checkpoint restore service...
2025-12-03T08:38:55.724Z systemd[1]:  Starting Bluetooth service...
2025-12-03T08:38:55.740Z systemd[1]:  Starting Prefetch page cache for Squash Filesystem access...
2025-12-03T08:38:55.757Z systemd[1]:  Starting Realtek tee-supplicant...
2025-12-03T08:38:55.843Z systemd[1]:  Started Realtek tee-supplicant.
2025-12-03T08:38:55.868Z systemd[1]:  Started Realtek HDMI service.
2025-12-03T08:38:55.876Z systemd[1]:  Starting Sky splashscreen-viewer service...
2025-12-03T08:38:55.892Z systemd[1]:  Starting Realtek fw log service...
2025-12-03T08:38:55.908Z systemd[1]:  Starting Realtek tee-log...
2025-12-03T08:38:55.919Z systemd[1]:  mdns.service: PID file /var/run/mdnsd.pid not readable (yet?) after start: No such file or directory
2025-12-03T08:38:55.925Z systemd[1]:  Started Memcr checkpoint restore service.
2025-12-03T08:38:55.935Z systemd[1]:  Started Sky splashscreen-viewer service.
2025-12-03T08:38:55.952Z systemd[1]:  Started Realtek fw log service.
2025-12-03T08:38:55.986Z systemd[1]:  Started Realtek tee-log.
2025-12-03T08:38:56.001Z systemd[1]:  Starting Dolby audio FW license check service...
2025-12-03T08:38:56.021Z systemd[1]:  Starting RDK Dobby (Container) daemon...
2025-12-03T08:38:56.060Z systemd[1]:  Started Reboot Reason Log Service.
2025-12-03T08:38:56.084Z systemd[1]:  Started Prefetch page cache for Squash Filesystem access.
2025-12-03T08:38:56.142Z systemd[1]:  Started Bluetooth service.
2025-12-03T08:38:56.155Z systemd[1]:  Reached target Bluetooth.
2025-12-03T08:38:56.200Z systemd[1]:  Started Dolby audio FW license check service.
2025-12-03T08:38:56.254Z systemd[1]:  Starting Realtek Audio service...
2025-12-03T08:38:56.290Z systemd[1]:  Started Realtek Audio service.
2025-12-03T08:38:56.324Z systemd[1]:  Starting IARM Bus Daemon...
2025-12-03T08:38:56.379Z systemd[1]:  Started IARM Bus Daemon.
2025-12-03T08:38:56.385Z systemd[1]:  Starting IARM Mgr Daemon MFR MGR...
2025-12-03T08:38:56.409Z systemd[1]:  Starting Storagemanager main application...
2025-12-03T08:38:56.427Z systemd[1]:  Starting IARM Mgr Daemon SYS MGR...
2025-12-03T08:38:56.447Z systemd[1]:  Starting An application to extract and deliver currently playing audio to registered consumers...
2025-12-03T08:38:56.679Z systemd[1]:  Started Storagemanager main application.
2025-12-03T08:38:56.698Z systemd[1]:  Starting Cleans up browser cache...
2025-12-03T08:38:56.706Z systemd[1]:  Started IARM Mgr Daemon SYS MGR.
2025-12-03T08:38:56.757Z systemd[1]:  Started RDK Dobby (Container) daemon.
2025-12-03T08:38:56.787Z systemd[1]:  Starting wpeframework-Thunder RPC version-R4.4.3...
2025-12-03T08:38:56.826Z systemd[1]:  Started Cleans up browser cache.
2025-12-03T08:38:56.911Z systemd[1]:  Started Set up IP tables.
2025-12-03T08:38:56.930Z systemd[1]:  Starting Set up IP tables for sky xione...
2025-12-03T08:38:56.957Z systemd[1]:  Started Set up IP tables for sky xione.
2025-12-03T08:38:57.296Z systemd[1]:  Started IARM Mgr Daemon MFR MGR.
2025-12-03T08:38:57.313Z systemd[1]:  Starting TR69 Host Interface Daemon...
2025-12-03T08:38:57.327Z systemd[1]:  Starting Service to mirror PCI & Firmware banks...
2025-12-03T08:38:57.872Z systemd[1]:  Started Zero-configuration networking.
2025-12-03T08:38:59.145Z systemd[1]:  Started wpeframework-Thunder RPC version-R4.4.3.
2025-12-03T08:38:59.164Z systemd[1]:  Starting WPE PowerManager...
2025-12-03T08:38:59.179Z systemd[1]:  Starting WPE TextToSpeech...
2025-12-03T08:38:59.196Z systemd[1]:  Starting WPE LinchPinClientManager...
2025-12-03T08:38:59.212Z systemd[1]:  Starting Thunder Hang Detection and Recovery...
2025-12-03T08:38:59.228Z systemd[1]:  Starting WPE Cryptography...
2025-12-03T08:38:59.243Z systemd[1]:  Starting WPE MediaSettings...
2025-12-03T08:38:59.255Z systemd[1]:  Starting WPE Watermark...
2025-12-03T08:38:59.272Z systemd[1]:  Starting WPE AppNotifications...
2025-12-03T08:38:59.281Z systemd[1]:  Starting WPE LaunchDelegate...
2025-12-03T08:38:59.295Z systemd[1]:  Starting WPE Monitor...
2025-12-03T08:38:59.312Z systemd[1]:  Starting WPE UsbDevice...
2025-12-03T08:38:59.324Z systemd[1]:  Starting WPE NetworkManager...
2025-12-03T08:38:59.399Z systemd[1]:  Started Thunder Hang Detection and Recovery.
2025-12-03T08:39:00.016Z systemd[1]:  Started WPE LinchPinClientManager.
2025-12-03T08:39:00.094Z systemd[1]:  Started TR69 Host Interface Daemon.
2025-12-03T08:39:00.112Z systemd[1]:  Started MemCapture Tool.
2025-12-03T08:39:00.127Z systemd[1]:  Starting RDK Remote Debugger...
2025-12-03T08:39:00.147Z systemd[1]:  Started To start dcm daemon.
2025-12-03T08:39:00.163Z systemd[1]:  Started COREDUMP UPLOAD.
2025-12-03T08:39:00.178Z systemd[1]:  Starting zram initialization service...
2025-12-03T08:39:00.195Z systemd[1]:  Starting Starts ca bundle update in RDK-V...
2025-12-03T08:39:00.237Z systemd[1]:  Starting SSH Per-Connection Server...
2025-12-03T08:39:00.250Z systemd[1]:  Started webconfig service.
2025-12-03T08:39:00.267Z systemd[1]:  Starting To start telemetry2_0...
2025-12-03T08:39:00.276Z systemd[1]:  Started MINIDUMP UPLOAD.
2025-12-03T08:39:00.292Z systemd[1]:  Starting Dump Backup Service...
2025-12-03T08:39:00.316Z systemd[1]:  Started WPE Monitor.
2025-12-03T08:39:00.332Z systemd[1]:  Started RDK Remote Debugger.
2025-12-03T08:39:00.354Z systemd[1]:  Started zram initialization service.
2025-12-03T08:39:00.392Z systemd[1]:  Started WPE AppNotifications.
2025-12-03T08:39:00.411Z systemd[1]:  Started Dump Backup Service.
2025-12-03T08:39:00.426Z systemd[1]:  Started Starts ca bundle update in RDK-V.
2025-12-03T08:39:00.443Z systemd[1]:  Started Service to mirror PCI & Firmware banks.
2025-12-03T08:39:00.470Z systemd[1]:  Starting Log board details...
2025-12-03T08:39:00.476Z systemd[1]:  Starting WPE AppGateway...
2025-12-03T08:39:00.496Z systemd[1]:  Started WPE LaunchDelegate.
2025-12-03T08:39:00.645Z systemd[1]:  Started WPE TextToSpeech.
2025-12-03T08:39:00.662Z systemd[1]:  Started WPE Cryptography.
2025-12-03T08:39:00.670Z systemd[1]:  Started WPE UsbDevice.
2025-12-03T08:39:00.715Z systemd[1]:  Started To start telemetry2_0.
2025-12-03T08:39:00.763Z systemd[1]:  Stopping MemCapture Tool...
2025-12-03T08:39:00.779Z systemd[1]:  Starting WPE USBMassStorage...
2025-12-03T08:39:00.799Z systemd[1]:  Stopped MemCapture Tool.
2025-12-03T08:39:00.921Z systemd[1]:  Started An instance of dropbear for free SSH access.
2025-12-03T08:39:01.002Z systemd[1]:  Started SSH Per-Connection Server.
2025-12-03T08:39:01.114Z systemd[1]:  Started WPE PowerManager.
2025-12-03T08:39:01.128Z systemd[1]:  Starting WPE Xcast...
2025-12-03T08:39:01.144Z systemd[1]:  Starting IARM Mgr Daemon DS MGR...
2025-12-03T08:39:01.160Z systemd[1]:  Starting WPE WifiMetrics...
2025-12-03T08:39:01.179Z systemd[1]:  Starting Fog HLS Recording Service...
2025-12-03T08:39:01.197Z systemd[1]:  Starting WPE PersistentStore...
2025-12-03T08:39:01.217Z systemd[1]:  Starting System Time Mgr dameon provides quality of time....
2025-12-03T08:39:01.236Z systemd[1]:  Starting WPE FirmwareUpdate...
2025-12-03T08:39:01.248Z systemd[1]:  Starting WPE SystemAudioPlayer...
2025-12-03T08:39:01.263Z systemd[1]:  Starting WPE CloudStore...
2025-12-03T08:39:01.288Z systemd[1]:  Starting WPE SystemMode...
2025-12-03T08:39:01.296Z systemd[1]:  Starting Mediarite service...
2025-12-03T08:39:01.313Z systemd[1]:  Starting WPE System...
2025-12-03T08:39:01.335Z systemd[1]:  Started WPE MediaSettings.
2025-12-03T08:39:01.355Z systemd[1]:  Started WPE Watermark.
2025-12-03T08:39:01.367Z systemd[1]:  Started WPE AppGateway.
2025-12-03T08:39:01.387Z systemd[1]:  Started WPE USBMassStorage.
2025-12-03T08:39:01.415Z systemd[1]:  Started WPE NetworkManager.
2025-12-03T08:39:01.502Z systemd[1]:  Started An application to extract and deliver currently playing audio to registered consumers.
2025-12-03T08:39:01.503Z systemd[1]:  Started WPE PersistentStore.
2025-12-03T08:39:01.522Z systemd[1]:  Started System Time Mgr dameon provides quality of time..
2025-12-03T08:39:01.555Z systemd[1]:  Starting WPE UserSettings...
2025-12-03T08:39:01.579Z systemd[1]:  Starting Bluetooth Manager Daemon over IARM IPC...
2025-12-03T08:39:01.594Z systemd[1]:  Starting WPE Wifi...
2025-12-03T08:39:01.622Z systemd[1]:  Starting WPE Network...
2025-12-03T08:39:01.647Z systemd[1]:  Starting Firebolt reference implementation...
2025-12-03T08:39:01.666Z systemd[1]:  Starting WPE FbSetting...
2025-12-03T08:39:01.672Z systemd[1]:  Starting WPE FbAsLinchPin...
2025-12-03T08:39:01.686Z systemd[1]:  Starting WPE FbMetrics...
2025-12-03T08:39:01.711Z systemd[1]:  Starting WPE XvpClient...
2025-12-03T08:39:01.769Z systemd[1]:  Starting WPE FbDiscovery...
2025-12-03T08:39:01.797Z systemd[1]:  Starting WPEFramework FBEntos plugin...
2025-12-03T08:39:01.822Z systemd[1]:  Started WPE WifiMetrics.
2025-12-03T08:39:01.862Z systemd[1]:  Started WPE FirmwareUpdate.
2025-12-03T08:39:01.944Z systemd[1]:  Started IARM Mgr Daemon DS MGR.
2025-12-03T08:39:01.960Z systemd[1]:  Starting WPE PlayerInfo...
2025-12-03T08:39:01.976Z systemd[1]:  Starting WPE DisplayInfo...
2025-12-03T08:39:02.000Z systemd[1]:  Starting WPE AVInput...
2026-01-15T02:46:34.127Z systemd[1]:  Starting WPE FrontPanel...
2026-01-15T02:46:34.129Z systemd[1]:  Starting Control Manager Main Service...
2026-01-15T02:46:34.150Z systemd[1]:  Starting WPE DisplaySettings...
2026-01-15T02:46:34.173Z systemd[1]:  Started HDCP Service.
2026-01-15T02:46:34.174Z systemd[1]:  Starting WPE OCIContainer Plugin...
2026-01-15T02:46:34.175Z systemd[1]:  Starting WPE HdcpProfile...
2026-01-15T02:46:34.175Z systemd[1]:  Starting WPE HdmiCecSource...
2026-01-15T02:46:34.292Z systemd[1]:  Starting WPE DeviceInfo...
2026-01-15T02:46:34.300Z systemd[1]:  Started Fog HLS Recording Service.
2026-01-15T02:46:34.301Z systemd[1]:  Started Firebolt reference implementation.
2026-01-15T02:46:34.303Z systemd[1]:  Time has been changed
2026-01-15T02:46:34.303Z systemd[1]:  Starting Send D-Bus signal on systime set...
2026-01-15T02:46:34.314Z systemd[1]:  Starting Badger Pre check for badger.service...
2026-01-15T02:46:34.338Z systemd[1]:  Starting Sky AS Apps Service...
2026-01-15T02:46:34.354Z systemd[1]:  Started WPE Xcast.
2026-01-15T02:46:34.495Z systemd[1]:  Started Badger Pre check for badger.service.
2026-01-15T02:46:34.591Z systemd[1]:  Started Send D-Bus signal on systime set.
2026-01-15T02:46:34.593Z systemd[1]:  Started WPE System.
2026-01-15T02:46:34.621Z systemd[1]:  Reached target Custom target start after systime manager set the time.
2026-01-15T02:46:34.715Z systemd[1]:  Started Log board details.
2026-01-15T02:46:35.316Z systemd[1]:  Starting Log Internet connectivity and Trigger network target...
2026-01-15T02:46:35.365Z systemd[1]:  Starting Network Time Synchronization...
2026-01-15T02:46:35.380Z systemd[1]:  Reached target Network Up.
2026-01-15T02:46:35.427Z systemd[1]:  Started WPE FbAsLinchPin.
2026-01-15T02:46:35.441Z systemd[1]:  Started WPE XvpClient.
2026-01-15T02:46:35.454Z systemd[1]:  Started WPE FbMetrics.
2026-01-15T02:46:35.471Z systemd[1]:  Started WPE AVInput.
2026-01-15T02:46:35.487Z systemd[1]:  Started Log Internet connectivity and Trigger network target.
2026-01-15T02:46:35.511Z systemd[1]:  Started WPE PlayerInfo.
2026-01-15T02:46:35.532Z systemd[1]:  Started WPE SystemMode.
2026-01-15T02:46:35.546Z systemd[1]:  Started WPE FbDiscovery.
2026-01-15T02:46:35.562Z systemd[1]:  Started WPE DisplayInfo.
2026-01-15T02:46:35.595Z systemd[1]:  Started WPE Wifi.
2026-01-15T02:46:35.612Z systemd[1]:  Started WPEFramework FBEntos plugin.
2026-01-15T02:46:35.620Z systemd[1]:  Started WPE FbSetting.
2026-01-15T02:46:35.643Z systemd[1]:  Started WPE Network.
2026-01-15T02:46:35.654Z systemd[1]:  Started WPE SystemAudioPlayer.
2026-01-15T02:46:35.684Z systemd[1]:  Starting WPE AuthService...
2026-01-15T02:46:35.709Z systemd[1]:  Starting WPE MaintenanceManager...
2026-01-15T02:46:35.760Z systemd[1]:  Started WPE HdcpProfile.
2026-01-15T02:46:35.781Z systemd[1]:  Started WPE UserSettings.
2026-01-15T02:46:35.793Z systemd[1]:  Started WPE DisplaySettings.
2026-01-15T02:46:35.805Z systemd[1]:  Started WPE FrontPanel.
2026-01-15T02:46:35.849Z systemd[1]:  Started WPE OCIContainer Plugin.
2026-01-15T02:46:35.849Z systemd[1]:  Starting Sky AS Network Service...
2026-01-15T02:46:35.863Z systemd[1]:  Starting WPE Telemetry...
2026-01-15T02:46:35.941Z systemd[1]:  Started WPE DeviceInfo.
2026-01-15T02:46:36.279Z systemd[1]:  Started Sky AS Network Service.
2026-01-15T02:46:36.330Z systemd[1]:  Started WPE MaintenanceManager.
2026-01-15T02:46:36.367Z systemd[1]:  Started WPE AuthService.
2026-01-15T02:46:36.400Z systemd[1]:  Started WPE Telemetry.
2026-01-15T02:46:36.413Z systemd[1]:  Started WPE HdmiCecSource.
2026-01-15T02:46:36.449Z systemd[1]:  Started Default RST profile Configuration.
2026-01-15T02:46:36.466Z systemd[1]:  Starting WPE SecManager...
2026-01-15T02:46:36.483Z systemd[1]:  Starting WPE DeviceProvisioning...
2026-01-15T02:46:36.501Z systemd[1]:  Starting WPE Privacy...
2026-01-15T02:46:36.510Z systemd[1]:  Starting Boot version loader for RDK...
2026-01-15T02:46:36.828Z systemd[1]:  migration-duid.service: Main process exited, code=exited, status=1/FAILURE
2026-01-15T02:46:36.828Z systemd[1]:  Failed to start Boot version loader for RDK.
2026-01-15T02:46:36.835Z systemd[1]:  migration-duid.service: Unit entered failed state.
2026-01-15T02:46:36.835Z systemd[1]:  migration-duid.service: Failed with result 'exit-code'.
2026-01-15T02:46:36.897Z systemd[1]:  Stopping SSH Per-Connection Server...
2026-01-15T02:46:36.923Z systemd[1]:  Stopped SSH Per-Connection Server.
2026-01-15T02:46:36.957Z systemd[1]:  Starting SSH Per-Connection Server...
2026-01-15T02:46:37.288Z systemd[1]:  Started WPE CloudStore.
2026-01-15T02:46:37.306Z systemd[1]:  Starting WPE SharedStorage...
2026-01-15T02:46:37.703Z systemd[1]:  Started WPE SecManager.
2026-01-15T02:46:37.724Z systemd[1]:  Starting WPE ContentProtection...
2026-01-15T02:46:37.817Z systemd[1]:  Started WPE Privacy.
2026-01-15T02:46:37.832Z systemd[1]:  Starting WPE Analytics...
2026-01-15T02:46:37.850Z systemd[1]:  Starting WPE FbAdvertising...
2026-01-15T02:46:37.866Z systemd[1]:  Starting WPE FbPrivacy...
2026-01-15T02:46:37.884Z systemd[1]:  Started WPE SharedStorage.
2026-01-15T02:46:37.898Z systemd[1]:  Started SSH Per-Connection Server.
2026-01-15T02:46:38.143Z systemd[1]:  Started Control Manager Main Service.
2026-01-15T02:46:38.164Z systemd[1]:  Starting WPE RemoteControl...
2026-01-15T02:46:38.165Z systemd[1]:  Starting WPE VoiceControl...
2026-01-15T02:46:38.391Z systemd[1]:  Started WPE FbPrivacy.
2026-01-15T02:46:38.414Z systemd[1]:  Started WPE FbAdvertising.
2026-01-15T02:46:38.551Z systemd[1]:  Started WPE Analytics.
2026-01-15T02:46:38.641Z systemd[1]:  Starting Webpa parodus Daemon...
2026-01-15T02:46:38.705Z systemd[1]:  Started WPE ContentProtection.
2026-01-15T02:46:38.725Z systemd[1]:  Started WPE VoiceControl.
2026-01-15T02:46:38.755Z systemd[1]:  Started WPE RemoteControl.
2026-01-15T02:46:38.772Z systemd[1]:  Starting Sky AS System Service daemon...
2026-01-15T02:46:38.840Z systemd[1]:  parodus.service: PID file /run/parodus.pid not readable (yet?) after start: No such file or directory
2026-01-15T02:46:38.905Z systemd[1]:  Started WPE DeviceProvisioning.
2026-01-15T02:46:38.923Z systemd[1]:  Starting WPE OCDM...
2026-01-15T02:46:38.976Z systemd[1]:  Started Webpa parodus Daemon.
2026-01-15T02:46:39.288Z systemd[1]:  Created slice system-routerDiscovery.slice.
2026-01-15T02:46:39.311Z systemd[1]:  Started Router Discovery Service wlan0.
2026-01-15T02:46:39.658Z systemd[1]:  Started Bluetooth Manager Daemon over IARM IPC.
2026-01-15T02:46:39.703Z systemd[1]:  Starting WPE Bluetooth...
2026-01-15T02:46:40.298Z systemd[1]:  Started WPE OCDM.
2026-01-15T02:46:40.464Z systemd[1]:  Started WPE Bluetooth.
2026-01-15T02:46:41.090Z systemd[1]:  Started Mediarite service.
2026-01-15T02:46:41.106Z systemd[1]:  Reached target Multi-User System.
2026-01-15T02:46:41.123Z systemd[1]:  Starting Update UTMP about System Runlevel Changes...
2026-01-15T02:46:41.178Z systemd[1]:  Started Update UTMP about System Runlevel Changes.
2026-01-15T02:46:42.625Z systemd[1]:  Started Network Time Synchronization.
2026-01-15T02:46:42.646Z systemd[1]:  Reached target System Time Synchronized.
2026-01-16T02:35:06.120Z systemd[1]:  Time has been changed
2026-01-16T02:35:06.122Z systemd[1]:  Starting Send D-Bus signal on ntp-sync completed...
2026-01-16T02:35:06.142Z systemd[1]:  Starting xpki certificate aquisition...
2026-01-16T02:35:06.157Z systemd[1]:  Starting NTP event...
2026-01-16T02:35:06.185Z systemd[1]:  Started Send D-Bus signal on ntp-sync completed.
2026-01-16T02:35:06.224Z systemd[1]:  Started Update Previous reboot info.
2026-01-16T02:35:06.832Z systemd[1]:  Started NTP event.
2026-01-16T02:35:08.330Z systemd[1]:  Started Sky AS System Service daemon.
2026-01-16T02:35:09.766Z systemd[1]:  Started xpki certificate aquisition.
2026-01-16T02:35:09.779Z systemd[1]:  Reached target Target For NTP Time sync.
2026-01-16T02:35:15.598Z systemd[1]:  Started Sky AS Apps Service.
2026-01-16T02:35:15.614Z systemd[1]:  Starting Sky AS Analytics Service daemon...
2026-01-16T02:35:15.629Z systemd[1]:  Starting Copy playready certs...
2026-01-16T02:35:15.646Z systemd[1]:  Starting WPE TextTrack...
2026-01-16T02:35:15.679Z systemd[1]:  Started Copy playready certs.
2026-01-16T02:35:15.711Z systemd[1]:  Starting Sky AS Player Service...
2026-01-16T02:35:16.254Z systemd[1]:  Started Sky AS Analytics Service daemon.
2026-01-16T02:35:16.767Z systemd[1]:  Started WPE TextTrack.
2026-01-16T02:35:17.893Z systemd[1]:  Starting JSPP Launcher Service...
2026-01-16T02:35:19.452Z systemd[1]:  Started Sky AS Player Service.
2026-01-16T02:35:19.453Z systemd[1]:  Starting Sky AS Bridge Service daemon...
2026-01-16T02:35:19.470Z systemd[1]:  Starting Sky AS Peripherals Service daemon...
2026-01-16T02:35:19.519Z systemd[1]:  Starting Sky AS VoiceSearch Service...
2026-01-16T02:35:19.612Z systemd[1]:  Started JSPP Launcher Service.
2026-01-16T02:35:19.732Z systemd[1]:  Started Sky AS Bridge Service daemon.
2026-01-16T02:35:19.750Z systemd[1]:  Started Apps Download Service.
2026-01-16T02:35:19.801Z systemd[1]:  Started Sky AS VoiceSearch Service.
2026-01-16T02:35:19.848Z systemd[1]:  Starting Testagent Loader service...
2026-01-16T02:35:19.992Z systemd[1]:  Stopped [testagentloader]TA loader used to download the testagent in service centre environment..
2026-01-16T02:35:20.029Z systemd[1]:  Started Sky AS Peripherals Service daemon.
2026-01-16T02:35:22.112Z systemd[1]:  testagentloader.service: Main process exited, code=exited, status=1/FAILURE
2026-01-16T02:35:22.113Z systemd[1]:  Failed to start Testagent Loader service.
2026-01-16T02:35:22.138Z systemd[1]:  testagentloader.service: Unit entered failed state.
2026-01-16T02:35:22.138Z systemd[1]:  testagentloader.service: Failed with result 'exit-code'.
2026-01-16T02:35:22.141Z systemd[1]:  Starting Sky EPG Application...
2026-01-16T02:35:22.189Z systemd[1]:  Starting NTP event...
2026-01-16T02:35:22.849Z systemd[1]:  Started NTP event.
2026-01-16T02:35:23.558Z systemd[1]:  Started Sky EPG Application.
2026-01-16T02:35:23.569Z systemd[1]:  Starting WPE IPControl...
2026-01-16T02:35:25.925Z systemd[1]:  Started WPE IPControl.
2026-01-16T02:35:25.939Z systemd[1]:  Startup finished in 3.109s (kernel) + 41.523s (userspace) = 44.632s.
2026-01-16T02:35:54.453Z systemd[1]:  Starting NTP event...
2026-01-16T02:35:54.817Z systemd[1]:  Started NTP event.
2026-01-16T02:36:07.182Z systemd[1]:  Started Disk Space Monitor Service.
2026-01-16T02:36:41.324Z systemd[1]:  Started Network connection status and wifi recovery service.
2026-01-16T02:36:44.682Z systemd[1]:  Starting Log Rotation Timer Service (R)...
2026-01-16T02:36:44.795Z systemd[1]:  Started Log Rotation Timer Service (R).
2026-01-16T02:37:14.682Z systemd[1]:  Started Vital Process information Timer Service (R).
2026-01-16T02:37:41.341Z systemd[1]:  Started Network connection status and wifi recovery service.
2026-01-16T02:37:45.600Z systemd[1]:  Starting Log Rotation Timer Service (R)...
2026-01-16T02:37:45.657Z systemd[1]:  Started Log Rotation Timer Service (R).
2026-01-16T02:38:41.358Z systemd[1]:  Started Network connection status and wifi recovery service.
2026-01-16T02:38:48.515Z systemd[1]:  Starting Log Rotation Timer Service (R)...
2026-01-16T02:38:48.560Z systemd[1]:  Started Log Rotation Timer Service (R).
2026-01-16T02:39:06.941Z systemd[1]:  Starting NTP event...
2026-01-16T02:39:07.522Z systemd[1]:  Started NTP event.
2026-01-16T02:39:36.409Z systemd[1]:  Starting rdkssa shipd daemon...
2026-01-16T02:39:36.514Z systemd[1]:  Started rdkssa shipd daemon.
2026-01-16T02:39:41.374Z systemd[1]:  Started Network connection status and wifi recovery service.
2026-01-16T02:39:48.913Z systemd[1]:  Starting Log Rotation Timer Service (R)...
2026-01-16T02:39:48.959Z systemd[1]:  Started Log Rotation Timer Service (R).
2026-01-16T02:40:41.389Z systemd[1]:  Started Network connection status and wifi recovery service.
2026-01-16T02:40:48.924Z systemd[1]:  Starting Log Rotation Timer Service (R)...
2026-01-16T02:40:48.983Z systemd[1]:  Started Log Rotation Timer Service (R).
2026-01-16T02:41:41.405Z systemd[1]:  Started Network connection status and wifi recovery service.
2026-01-16T02:41:48.937Z systemd[1]:  Starting Log Rotation Timer Service (R)...
2026-01-16T02:41:48.989Z systemd[1]:  Started Log Rotation Timer Service (R).
2026-01-16T02:42:41.422Z systemd[1]:  Started Network connection status and wifi recovery service.
2026-01-16T02:42:48.950Z systemd[1]:  Starting Log Rotation Timer Service (R)...
2026-01-16T02:42:48.999Z systemd[1]:  Started Log Rotation Timer Service (R).
2026-01-16T02:43:23.202Z systemd[1]:  Starting NTP event...
2026-01-16T02:43:23.792Z systemd[1]:  Started NTP event.
2026-01-16T02:43:41.428Z systemd[1]:  Started Network connection status and wifi recovery service.
2026-01-16T02:43:48.961Z systemd[1]:  Starting Log Rotation Timer Service (R)...
2026-01-16T02:43:49.014Z systemd[1]:  Started Log Rotation Timer Service (R).
2026-01-16T02:44:41.444Z systemd[1]:  Started Network connection status and wifi recovery service.
2026-01-16T02:44:48.974Z systemd[1]:  Starting Log Rotation Timer Service (R)...
2026-01-16T02:44:49.025Z systemd[1]:  Started Log Rotation Timer Service (R).
2026-01-16T02:45:41.461Z systemd[1]:  Started Network connection status and wifi recovery service.
2026-01-16T02:45:48.987Z systemd[1]:  Starting Log Rotation Timer Service (R)...
2026-01-16T02:45:49.039Z systemd[1]:  Started Log Rotation Timer Service (R).
2026-01-16T02:46:41.478Z systemd[1]:  Started Network connection status and wifi recovery service.
2026-01-16T02:46:48.999Z systemd[1]:  Starting Log Rotation Timer Service (R)...
2026-01-16T02:46:49.049Z systemd[1]:  Started Log Rotation Timer Service (R).
2026-01-16T02:47:19.009Z systemd[1]:  Started Vital Process information Timer Service (R).
2026-01-16T02:47:35.757Z systemd[1]:  Stopping Bluetooth Manager Daemon over IARM IPC...
2026-01-16T02:47:38.148Z systemd[1]:  Stopped Bluetooth Manager Daemon over IARM IPC.
2026-01-16T02:47:41.491Z systemd[1]:  Started Network connection status and wifi recovery service.
2026-01-16T05:36:05.090Z systemd[1]:  Time has been changed
2026-01-16T05:36:06.423Z systemd[1]:  Starting Log Rotation Timer Service (R)...
2026-01-16T05:36:06.568Z systemd[1]:  Started Log Rotation Timer Service (R).
2026-01-16T05:36:07.184Z systemd[1]:  Stopping Network Time Synchronization...
2026-01-16T05:36:07.207Z systemd[1]:  Stopped Network Time Synchronization.
2026-01-16T05:36:07.211Z systemd[1]:  Starting Network Time Synchronization...
2026-01-16T05:36:07.476Z systemd[1]:  Starting Bluetooth Manager Daemon over IARM IPC...
2026-01-16T05:36:11.216Z systemd[1]:  Started Bluetooth Manager Daemon over IARM IPC.
2026-01-16T05:36:13.416Z systemd[1]:  Stopping Bluetooth Manager Daemon over IARM IPC...
2026-01-16T05:36:13.673Z systemd[1]:  Started Network Time Synchronization.
2026-01-16T05:36:13.686Z systemd[1]:  Starting Network Manager Script Dispatcher Service...
2026-01-16T05:36:13.812Z systemd[1]:  Started Network Manager Script Dispatcher Service.
2026-01-16T05:36:14.350Z systemd[1]:  Time has been changed
2026-01-16T05:36:14.356Z systemd[1]:  Starting NTP event...
2026-01-16T05:36:14.802Z systemd[1]:  Stopping SSH Per-Connection Server...
2026-01-16T05:36:14.805Z systemd[1]:  Stopped SSH Per-Connection Server.
2026-01-16T05:36:14.838Z systemd[1]:  Starting SSH Per-Connection Server...
2026-01-16T05:36:14.936Z systemd[1]:  Started NTP event.
2026-01-16T05:36:15.318Z systemd[1]:  Started SSH Per-Connection Server.
2026-01-16T05:36:15.338Z systemd[1]:  Started Router Discovery Service wlan0.
2026-01-16T05:36:15.899Z systemd[1]:  Stopped Bluetooth Manager Daemon over IARM IPC.
2026-01-16T08:14:40.070Z systemd[1]:  Time has been changed
2026-01-16T08:14:40.103Z systemd[1]:  Time has been changed
2026-01-16T08:14:40.469Z systemd[1]:  Starting NTP event...
2026-01-16T08:14:41.331Z systemd[1]:  Started NTP event.
2026-01-16T08:14:42.603Z systemd[1]:  Starting Bluetooth Manager Daemon over IARM IPC...
2026-01-16T08:14:42.663Z systemd[1]:  Stopping Network Time Synchronization...
2026-01-16T08:14:42.689Z systemd[1]:  Stopped Network Time Synchronization.
2026-01-16T08:14:42.696Z systemd[1]:  Starting Network Time Synchronization...
2026-01-16T08:14:46.376Z systemd[1]:  Started Bluetooth Manager Daemon over IARM IPC.
2026-01-16T08:14:48.555Z systemd[1]:  Started Network Time Synchronization.
2026-01-16T08:14:48.609Z systemd[1]:  Starting NTP event...
2026-01-16T08:14:48.909Z systemd[1]:  Stopping Bluetooth Manager Daemon over IARM IPC...
2026-01-16T08:14:49.192Z systemd[1]:  Started NTP event.
2026-01-16T08:14:50.535Z systemd[1]:  Stopped Bluetooth Manager Daemon over IARM IPC.
2026-01-16T08:35:43.651Z systemd[1]:  Time has been changed
2026-01-16T08:35:43.676Z systemd[1]:  Time has been changed
2026-01-16T08:35:53.859Z systemd[1]:  Starting NTP event...
2026-01-16T08:35:54.069Z systemd[1]:  Started Network connection status and wifi recovery service.
2026-01-16T08:35:54.299Z systemd[1]:  Started NTP event.
2026-01-16T08:35:54.632Z systemd[1]:  Stopping Network Time Synchronization...
2026-01-16T08:35:54.657Z systemd[1]:  Stopped Network Time Synchronization.
2026-01-16T08:35:54.662Z systemd[1]:  Starting Network Time Synchronization...
2026-01-16T08:35:54.678Z systemd[1]:  Starting Bluetooth Manager Daemon over IARM IPC...
2026-01-16T08:35:58.485Z systemd[1]:  Started Bluetooth Manager Daemon over IARM IPC.
2026-01-16T08:36:00.312Z systemd[1]:  Started Network Time Synchronization.
2026-01-16T08:36:00.358Z systemd[1]:  Starting NTP event...
2026-01-16T08:36:00.807Z systemd[1]:  Stopping Bluetooth Manager Daemon over IARM IPC...
2026-01-16T08:36:00.941Z systemd[1]:  Started NTP event.
2026-01-16T08:36:02.493Z systemd[1]:  Starting Log Rotation Timer Service (R)...
2026-01-16T08:36:02.622Z systemd[1]:  Started Log Rotation Timer Service (R).
2026-01-16T08:36:02.646Z systemd[1]:  Stopped Bluetooth Manager Daemon over IARM IPC.
2026-01-16T09:19:39.804Z systemd[1]:  Time has been changed
2026-01-16T09:19:39.817Z systemd[1]:  dobby.service: Watchdog timeout (limit 30s)!
2026-01-16T09:19:39.890Z systemd[1]:  Time has been changed
2026-01-16T09:19:40.578Z systemd[1]:  Starting NTP event...
2026-01-16T09:19:40.579Z systemd[1]:  Started MINIDUMP UPLOAD.
2026-01-16T09:19:41.311Z systemd[1]:  Started NTP event.
2026-01-16T09:19:42.086Z systemd[1]:  Started COREDUMP UPLOAD.
2026-01-16T09:19:45.975Z systemd[1]:  dobby.service: Main process exited, code=dumped, status=6/ABRT
2026-01-16T09:19:45.975Z systemd[1]:  dobby.service: Unit entered failed state.
2026-01-16T09:19:45.975Z systemd[1]:  dobby.service: Failed with result 'core-dump'.
2026-01-16T09:19:46.159Z systemd[1]:  dobby.service: Service hold-off time over, scheduling restart.
2026-01-16T09:19:46.160Z systemd[1]:  Stopped RDK Dobby (Container) daemon.
2026-01-16T09:19:46.160Z systemd[1]:  Starting RDK Dobby (Container) daemon...
2026-01-16T09:19:46.911Z systemd[1]:  Starting Bluetooth Manager Daemon over IARM IPC...
2026-01-16T09:19:46.940Z systemd[1]:  Stopping Network Time Synchronization...
2026-01-16T09:19:46.955Z systemd[1]:  Stopped Network Time Synchronization.
2026-01-16T09:19:46.960Z systemd[1]:  Starting Network Time Synchronization...
2026-01-16T09:19:51.735Z systemd[1]:  Started Bluetooth Manager Daemon over IARM IPC.
2026-01-16T09:19:53.216Z systemd[1]:  Stopping Bluetooth Manager Daemon over IARM IPC...
2026-01-16T09:19:53.970Z systemd[1]:  Stopped Bluetooth Manager Daemon over IARM IPC.
2026-01-16T09:19:54.865Z systemd[1]:  Started Network Time Synchronization.
2026-01-16T09:19:54.932Z systemd[1]:  Starting NTP event...
2026-01-16T09:19:55.018Z systemd[1]:  Started NTP event.
2026-01-16T09:19:55.163Z systemd[1]:  Starting Log start & end date of static and dynamic operational certificates...
2026-01-16T09:19:55.165Z systemd[1]:  Starting Cleanup of Temporary Directories...
2026-01-16T09:19:55.383Z systemd[1]:  Started Network connection status and wifi recovery service.
2026-01-16T09:19:57.615Z systemd[1]:  Started Cleanup of Temporary Directories.
2026-01-16T09:19:59.553Z systemd[1]:  Started Log start & end date of static and dynamic operational certificates.
2026-01-16T09:20:03.953Z systemd[1]:  Starting Log Rotation Timer Service (R)...
2026-01-16T09:20:04.131Z systemd[1]:  Started Log Rotation Timer Service (R).
2026-01-16T09:34:23.495Z systemd[1]:  Time has been changed
2026-01-16T09:34:23.528Z systemd[1]:  Time has been changed
2026-01-16T09:34:23.798Z systemd[1]:  dobby.service: Watchdog timeout (limit 30s)!
2026-01-16T09:34:23.986Z systemd[1]:  Starting NTP event...
2026-01-16T09:34:24.923Z systemd[1]:  Started MINIDUMP UPLOAD.
2026-01-16T09:34:25.525Z systemd[1]:  Started NTP event.
2026-01-16T09:34:28.230Z systemd[1]:  dobby.service: Main process exited, code=dumped, status=6/ABRT
2026-01-16T09:34:28.230Z systemd[1]:  Failed to start RDK Dobby (Container) daemon.
2026-01-16T09:34:28.231Z systemd[1]:  dobby.service: Unit entered failed state.
2026-01-16T09:34:28.231Z systemd[1]:  dobby.service: Failed with result 'core-dump'.
2026-01-16T09:34:28.548Z systemd[1]:  dobby.service: Service hold-off time over, scheduling restart.
2026-01-16T09:34:28.549Z systemd[1]:  Stopped RDK Dobby (Container) daemon.
2026-01-16T09:34:28.552Z systemd[1]:  Starting RDK Dobby (Container) daemon...
2026-01-16T09:34:32.599Z systemd[1]:  Started RDK Dobby (Container) daemon.
2026-01-16T09:34:38.157Z systemd[1]:  Stopping Network Time Synchronization...
2026-01-16T09:34:38.159Z systemd[1]:  Starting Bluetooth Manager Daemon over IARM IPC...
2026-01-16T09:34:38.195Z systemd[1]:  Stopped Network Time Synchronization.
2026-01-16T09:34:38.203Z systemd[1]:  Starting Network Time Synchronization...
2026-01-16T09:34:41.872Z systemd[1]:  Started Bluetooth Manager Daemon over IARM IPC.
2026-01-16T09:34:43.839Z systemd[1]:  Started Network Time Synchronization.
2026-01-16T09:34:43.896Z systemd[1]:  Starting NTP event...
2026-01-16T09:34:44.354Z systemd[1]:  Stopping Bluetooth Manager Daemon over IARM IPC...
2026-01-16T09:34:44.478Z systemd[1]:  Started NTP event.
2026-01-16T09:34:44.661Z systemd[1]:  Started Network connection status and wifi recovery service.
2026-01-16T09:34:46.035Z systemd[1]:  Stopped Bluetooth Manager Daemon over IARM IPC.
2026-01-16T10:28:41.923Z systemd[1]:  Time has been changed
2026-01-16T10:28:41.938Z systemd[1]:  Starting Log Rotation Timer Service (R)...
2026-01-16T10:28:41.945Z systemd[1]:  Time has been changed
2026-01-16T10:28:43.515Z systemd[1]:  Starting NTP event...
2026-01-16T10:28:43.952Z systemd[1]:  Started Log Rotation Timer Service (R).
2026-01-16T10:28:44.504Z systemd[1]:  Started NTP event.
2026-01-16T10:28:48.899Z systemd[1]:  Stopping Network Time Synchronization...
2026-01-16T10:28:48.934Z systemd[1]:  Starting Bluetooth Manager Daemon over IARM IPC...
2026-01-16T10:28:48.944Z systemd[1]:  Stopped Network Time Synchronization.
2026-01-16T10:28:48.949Z systemd[1]:  Starting Network Time Synchronization...
2026-01-16T10:28:52.663Z systemd[1]:  Started Bluetooth Manager Daemon over IARM IPC.
2026-01-16T10:28:54.858Z systemd[1]:  Started Network Time Synchronization.
2026-01-16T10:28:54.906Z systemd[1]:  Starting NTP event...
2026-01-16T10:28:55.008Z systemd[1]:  Started NTP event.
2026-01-16T10:28:55.290Z systemd[1]:  Stopping Bluetooth Manager Daemon over IARM IPC...
2026-01-16T10:28:56.828Z systemd[1]:  Stopped Bluetooth Manager Daemon over IARM IPC.
2026-01-16T12:54:15.853Z systemd[1]:  Time has been changed
2026-01-16T12:54:15.866Z systemd[1]:  Started Network connection status and wifi recovery service.
2026-01-16T12:54:16.396Z systemd[1]:  Starting NTP event...
2026-01-16T12:54:18.416Z systemd[1]:  Started NTP event.
2026-01-16T12:54:21.329Z systemd[1]:  parodus.service: Control process exited, code=exited status=1
2026-01-16T12:54:21.330Z systemd[1]:  parodus.service: Unit entered failed state.
2026-01-16T12:54:21.331Z systemd[1]:  parodus.service: Failed with result 'exit-code'.
2026-01-16T12:54:22.404Z systemd[1]:  Stopping Bluetooth service...
2026-01-16T12:54:22.404Z systemd[1]:  Stopping Sky AS Peripherals Service daemon...
2026-01-16T12:54:22.425Z systemd[1]:  Stopped Sky AS Peripherals Service daemon.
2026-01-16T12:54:22.425Z systemd[1]:  Stopped WPE Bluetooth.
2026-01-16T12:54:22.530Z systemd[1]:  Stopped Bluetooth service.
2026-01-16T12:54:22.532Z systemd[1]:  Starting Bluetooth service...
2026-01-16T12:54:22.548Z systemd[1]:  Stopping Network Time Synchronization...
2026-01-16T12:54:22.581Z systemd[1]:  Stopped Network Time Synchronization.
2026-01-16T12:54:22.602Z systemd[1]:  Starting Network Time Synchronization...
2026-01-16T12:54:22.817Z systemd[1]:  Started Bluetooth service.
2026-01-16T12:54:22.825Z systemd[1]:  Starting Bluetooth Manager Daemon over IARM IPC...
